[ 2008-01-01T04:36:43+08:00 ] 127.0.0.1 /
INFO: [ app_init ] --START--
INFO: Run Behavior\BuildLiteBehavior [ RunTime:0.000000s ]
INFO: [ app_init ] --END-- [ RunTime:0.001000s ]
INFO: [ app_begin ] --START--
INFO: Run Behavior\ReadHtmlCacheBehavior [ RunTime:0.002000s ]
INFO: [ app_begin ] --END-- [ RunTime:0.002000s ]
INFO: [ view_parse ] --START--
INFO: [ template_filter ] --START--
INFO: Run Behavior\ContentReplaceBehavior [ RunTime:0.000000s ]
INFO: [ template_filter ] --END-- [ RunTime:0.000000s ]
INFO: Run Behavior\ParseTemplateBehavior [ RunTime:0.011000s ]
INFO: [ view_parse ] --END-- [ RunTime:0.011000s ]
INFO: [ view_filter ] --START--
INFO: Run Behavior\WriteHtmlCacheBehavior [ RunTime:0.001000s ]
INFO: [ view_filter ] --END-- [ RunTime:0.001000s ]
INFO: [ app_end ] --START--
INFO: Run Behavior\ShowPageTraceBehavior [ RunTime:0.001000s ]
INFO: [ app_end ] --END-- [ RunTime:0.001000s ]

[ 2008-01-01T04:36:58+08:00 ] ::1 /attendance/
INFO: [ app_init ] --START--
INFO: Run Behavior\BuildLiteBehavior [ RunTime:0.000000s ]
INFO: [ app_init ] --END-- [ RunTime:0.000000s ]
INFO: [ app_begin ] --START--
INFO: Run Behavior\ReadHtmlCacheBehavior [ RunTime:0.001000s ]
INFO: [ app_begin ] --END-- [ RunTime:0.001000s ]
INFO: [ view_parse ] --START--
INFO: [ template_filter ] --START--
INFO: Run Behavior\ContentReplaceBehavior [ RunTime:0.000000s ]
INFO: [ template_filter ] --END-- [ RunTime:0.000000s ]
INFO: Run Behavior\ParseTemplateBehavior [ RunTime:0.009000s ]
INFO: [ view_parse ] --END-- [ RunTime:0.009000s ]
INFO: [ view_filter ] --START--
INFO: Run Behavior\WriteHtmlCacheBehavior [ RunTime:0.000000s ]
INFO: [ view_filter ] --END-- [ RunTime:0.000000s ]
INFO: [ app_end ] --START--
INFO: Run Behavior\ShowPageTraceBehavior [ RunTime:0.000000s ]
INFO: [ app_end ] --END-- [ RunTime:0.000000s ]

[ 2008-01-01T04:37:02+08:00 ] ::1 /attendance/
INFO: [ app_init ] --START--
INFO: Run Behavior\BuildLiteBehavior [ RunTime:0.000000s ]
INFO: [ app_init ] --END-- [ RunTime:0.000000s ]
INFO: [ app_begin ] --START--
INFO: Run Behavior\ReadHtmlCacheBehavior [ RunTime:0.001000s ]
INFO: [ app_begin ] --END-- [ RunTime:0.001000s ]
INFO: [ view_parse ] --START--
INFO: [ template_filter ] --START--
INFO: Run Behavior\ContentReplaceBehavior [ RunTime:0.000000s ]
INFO: [ template_filter ] --END-- [ RunTime:0.000000s ]
INFO: Run Behavior\ParseTemplateBehavior [ RunTime:0.006000s ]
INFO: [ view_parse ] --END-- [ RunTime:0.006000s ]
INFO: [ view_filter ] --START--
INFO: Run Behavior\WriteHtmlCacheBehavior [ RunTime:0.000000s ]
INFO: [ view_filter ] --END-- [ RunTime:0.000000s ]
INFO: [ app_end ] --START--
INFO: Run Behavior\ShowPageTraceBehavior [ RunTime:0.001000s ]
INFO: [ app_end ] --END-- [ RunTime:0.001000s ]

[ 2008-01-01T04:37:18+08:00 ] 127.0.0.1 /
INFO: [ app_init ] --START--
INFO: Run Behavior\BuildLiteBehavior [ RunTime:0.000000s ]
INFO: [ app_init ] --END-- [ RunTime:0.000000s ]
INFO: [ app_begin ] --START--
INFO: Run Behavior\ReadHtmlCacheBehavior [ RunTime:0.002000s ]
INFO: [ app_begin ] --END-- [ RunTime:0.002000s ]
INFO: [ view_parse ] --START--
INFO: [ template_filter ] --START--
INFO: Run Behavior\ContentReplaceBehavior [ RunTime:0.000000s ]
INFO: [ template_filter ] --END-- [ RunTime:0.000000s ]
INFO: Run Behavior\ParseTemplateBehavior [ RunTime:0.015000s ]
INFO: [ view_parse ] --END-- [ RunTime:0.015000s ]
INFO: [ view_filter ] --START--
INFO: Run Behavior\WriteHtmlCacheBehavior [ RunTime:0.001000s ]
INFO: [ view_filter ] --END-- [ RunTime:0.001000s ]
INFO: [ app_end ] --START--
INFO: Run Behavior\ShowPageTraceBehavior [ RunTime:0.001000s ]
INFO: [ app_end ] --END-- [ RunTime:0.001000s ]

[ 2008-01-01T04:37:25+08:00 ] 127.0.0.1 /index.php/Home/User
INFO: [ app_init ] --START--
INFO: Run Behavior\BuildLiteBehavior [ RunTime:0.000000s ]
INFO: [ app_init ] --END-- [ RunTime:0.000000s ]
INFO: [ app_begin ] --START--
INFO: Run Behavior\ReadHtmlCacheBehavior [ RunTime:0.001000s ]
INFO: [ app_begin ] --END-- [ RunTime:0.001000s ]
NOTIC: [2] Declaration of Home\Model\UserModel::check($work_id, $password) should be compatible with Think\Model::check($value, $rule, $type = 'regex') D:\xampp\htdocs\attendance\Application\Home\Model\UserModel.class.php 第 6 行.
SQL: SHOW COLUMNS FROM `user` [ RunTime:0.0468s ]
SQL: SELECT `password` FROM `user` WHERE ( work_id = 2016214234 ) LIMIT 1   [ RunTime:0.0000s ]

[ 2008-01-01T04:37:25+08:00 ] 127.0.0.1 /index.php/Home/User/kaoqin
INFO: [ app_init ] --START--
INFO: Run Behavior\BuildLiteBehavior [ RunTime:0.000000s ]
INFO: [ app_init ] --END-- [ RunTime:0.000000s ]
INFO: [ app_begin ] --START--
INFO: Run Behavior\ReadHtmlCacheBehavior [ RunTime:0.001000s ]
INFO: [ app_begin ] --END-- [ RunTime:0.001000s ]
INFO: [ view_parse ] --START--
INFO: [ template_filter ] --START--
INFO: Run Behavior\ContentReplaceBehavior [ RunTime:0.000000s ]
INFO: [ template_filter ] --END-- [ RunTime:0.000000s ]
INFO: Run Behavior\ParseTemplateBehavior [ RunTime:0.010000s ]
INFO: [ view_parse ] --END-- [ RunTime:0.010000s ]
INFO: [ view_filter ] --START--
INFO: Run Behavior\WriteHtmlCacheBehavior [ RunTime:0.000000s ]
INFO: [ view_filter ] --END-- [ RunTime:0.000000s ]
INFO: [ app_end ] --START--
INFO: Run Behavior\ShowPageTraceBehavior [ RunTime:0.001000s ]
INFO: [ app_end ] --END-- [ RunTime:0.001000s ]

[ 2008-01-01T04:37:28+08:00 ] 127.0.0.1 /index.php/Home/User/kaoqin
INFO: [ app_init ] --START--
INFO: Run Behavior\BuildLiteBehavior [ RunTime:0.000000s ]
INFO: [ app_init ] --END-- [ RunTime:0.000000s ]
INFO: [ app_begin ] --START--
INFO: Run Behavior\ReadHtmlCacheBehavior [ RunTime:0.001000s ]
INFO: [ app_begin ] --END-- [ RunTime:0.001000s ]
SQL: SHOW COLUMNS FROM `kaoqin` [ RunTime:0.0156s ]
SQL: select work_id from kaoqin where work_id=2016214234 [ RunTime:0.0000s ]
SQL: INSERT INTO kaoqin(work_id, start, day) VALUES(2016214234,"2008-01-01 04:37:28", 1) [ RunTime:0.0468s ]

[ 2008-01-01T04:37:33+08:00 ] 127.0.0.1 /index.php/Home/User/kaoqin
INFO: [ app_init ] --START--
INFO: Run Behavior\BuildLiteBehavior [ RunTime:0.000000s ]
INFO: [ app_init ] --END-- [ RunTime:0.000000s ]
INFO: [ app_begin ] --START--
INFO: Run Behavior\ReadHtmlCacheBehavior [ RunTime:0.000000s ]
INFO: [ app_begin ] --END-- [ RunTime:0.000000s ]
SQL: SHOW COLUMNS FROM `kaoqin` [ RunTime:0.0000s ]
SQL: select work_id from kaoqin where work_id=2016214234 [ RunTime:0.0000s ]
SQL: SELECT start, end, day FROM kaoqin WHERE work_id = 2016214234 order by start desc limit 1 [ RunTime:0.0156s ]
SQL: UPDATE kaoqin SET end = "2008-01-01 04:37:33" WHERE work_id = 2016214234 [ RunTime:0.0312s ]
NOTIC: [8] Undefined variable: end D:\xampp\htdocs\attendance\Application\Home\Controller\UserController.class.php 第 203 行.

[ 2008-01-01T04:37:40+08:00 ] 127.0.0.1 /index.php/Home/KaoqinInfo
INFO: [ app_init ] --START--
INFO: Run Behavior\BuildLiteBehavior [ RunTime:0.000000s ]
INFO: [ app_init ] --END-- [ RunTime:0.000000s ]
INFO: [ app_begin ] --START--
INFO: Run Behavior\ReadHtmlCacheBehavior [ RunTime:0.000000s ]
INFO: [ app_begin ] --END-- [ RunTime:0.000000s ]
NOTIC: [2] Declaration of Home\Model\UserModel::check($work_id, $password) should be compatible with Think\Model::check($value, $rule, $type = 'regex') D:\xampp\htdocs\attendance\Application\Home\Model\UserModel.class.php 第 6 行.
SQL: SHOW COLUMNS FROM `user` [ RunTime:0.0040s ]
SQL: SHOW COLUMNS FROM `dep_info` [ RunTime:0.0320s ]
SQL: SHOW COLUMNS FROM `job_info` [ RunTime:0.0050s ]
SQL: SHOW COLUMNS FROM `kaoqin` [ RunTime:0.0040s ]
SQL: SELECT * from user [ RunTime:0.0010s ]
SQL: select * from job_info [ RunTime:0.0010s ]
SQL: select * from dep_info [ RunTime:0.0000s ]
SQL: select * from kaoqin [ RunTime:0.0010s ]
NOTIC: [8] Undefined index: start D:\xampp\htdocs\attendance\Application\Home\Controller\KaoqinInfoController.class.php 第 49 行.
NOTIC: [8] Undefined index: start D:\xampp\htdocs\attendance\Application\Home\Controller\KaoqinInfoController.class.php 第 49 行.
NOTIC: [8] Undefined index: start D:\xampp\htdocs\attendance\Application\Home\Controller\KaoqinInfoController.class.php 第 49 行.
NOTIC: [8] Undefined index: start D:\xampp\htdocs\attendance\Application\Home\Controller\KaoqinInfoController.class.php 第 49 行.
NOTIC: [8] Undefined index: start D:\xampp\htdocs\attendance\Application\Home\Controller\KaoqinInfoController.class.php 第 49 行.
NOTIC: [8] Undefined index: start D:\xampp\htdocs\attendance\Application\Home\Controller\KaoqinInfoController.class.php 第 49 行.
NOTIC: [8] Undefined index: start D:\xampp\htdocs\attendance\Application\Home\Controller\KaoqinInfoController.class.php 第 49 行.
NOTIC: [8] Undefined index: start D:\xampp\htdocs\attendance\Application\Home\Controller\KaoqinInfoController.class.php 第 49 行.
NOTIC: [8] Undefined index: start D:\xampp\htdocs\attendance\Application\Home\Controller\KaoqinInfoController.class.php 第 49 行.
NOTIC: [8] Undefined index: start D:\xampp\htdocs\attendance\Application\Home\Controller\KaoqinInfoController.class.php 第 49 行.
NOTIC: [8] Undefined index: start D:\xampp\htdocs\attendance\Application\Home\Controller\KaoqinInfoController.class.php 第 49 行.
NOTIC: [8] Undefined index: start D:\xampp\htdocs\attendance\Application\Home\Controller\KaoqinInfoController.class.php 第 49 行.
NOTIC: [8] Undefined index: start D:\xampp\htdocs\attendance\Application\Home\Controller\KaoqinInfoController.class.php 第 49 行.
NOTIC: [8] Undefined index: start D:\xampp\htdocs\attendance\Application\Home\Controller\KaoqinInfoController.class.php 第 49 行.
NOTIC: [8] Undefined index: start D:\xampp\htdocs\attendance\Application\Home\Controller\KaoqinInfoController.class.php 第 49 行.
NOTIC: [8] Undefined index: start D:\xampp\htdocs\attendance\Application\Home\Controller\KaoqinInfoController.class.php 第 49 行.
NOTIC: [8] Undefined index: start D:\xampp\htdocs\attendance\Application\Home\Controller\KaoqinInfoController.class.php 第 49 行.
NOTIC: [8] Undefined index: start D:\xampp\htdocs\attendance\Application\Home\Controller\KaoqinInfoController.class.php 第 49 行.
NOTIC: [8] Undefined index: start D:\xampp\htdocs\attendance\Application\Home\Controller\KaoqinInfoController.class.php 第 49 行.
NOTIC: [8] Undefined index: start D:\xampp\htdocs\attendance\Application\Home\Controller\KaoqinInfoController.class.php 第 49 行.
NOTIC: [8] Undefined index: start D:\xampp\htdocs\attendance\Application\Home\Controller\KaoqinInfoController.class.php 第 49 行.
NOTIC: [8] Undefined index: start D:\xampp\htdocs\attendance\Application\Home\Controller\KaoqinInfoController.class.php 第 49 行.
NOTIC: [8] Undefined index: start D:\xampp\htdocs\attendance\Application\Home\Controller\KaoqinInfoController.class.php 第 49 行.
INFO: [ view_parse ] --START--
INFO: [ template_filter ] --START--
INFO: Run Behavior\ContentReplaceBehavior [ RunTime:0.000000s ]
INFO: [ template_filter ] --END-- [ RunTime:0.000000s ]
NOTIC: [8] Undefined index: start D:\xampp\htdocs\attendance\Application\Runtime\Cache\Home\3692e44518463d0af4f250fbdd61fd8d.php 第 68 行.
NOTIC: [8] Undefined index: end D:\xampp\htdocs\attendance\Application\Runtime\Cache\Home\3692e44518463d0af4f250fbdd61fd8d.php 第 69 行.
NOTIC: [8] Undefined index: day D:\xampp\htdocs\attendance\Application\Runtime\Cache\Home\3692e44518463d0af4f250fbdd61fd8d.php 第 70 行.
NOTIC: [8] Undefined index: start D:\xampp\htdocs\attendance\Application\Runtime\Cache\Home\3692e44518463d0af4f250fbdd61fd8d.php 第 68 行.
NOTIC: [8] Undefined index: end D:\xampp\htdocs\attendance\Application\Runtime\Cache\Home\3692e44518463d0af4f250fbdd61fd8d.php 第 69 行.
NOTIC: [8] Undefined index: day D:\xampp\htdocs\attendance\Application\Runtime\Cache\Home\3692e44518463d0af4f250fbdd61fd8d.php 第 70 行.
NOTIC: [8] Undefined index: start D:\xampp\htdocs\attendance\Application\Runtime\Cache\Home\3692e44518463d0af4f250fbdd61fd8d.php 第 68 行.
NOTIC: [8] Undefined index: end D:\xampp\htdocs\attendance\Application\Runtime\Cache\Home\3692e44518463d0af4f250fbdd61fd8d.php 第 69 行.
NOTIC: [8] Undefined index: day D:\xampp\htdocs\attendance\Application\Runtime\Cache\Home\3692e44518463d0af4f250fbdd61fd8d.php 第 70 行.
NOTIC: [8] Undefined index: start D:\xampp\htdocs\attendance\Application\Runtime\Cache\Home\3692e44518463d0af4f250fbdd61fd8d.php 第 68 行.
NOTIC: [8] Undefined index: end D:\xampp\htdocs\attendance\Application\Runtime\Cache\Home\3692e44518463d0af4f250fbdd61fd8d.php 第 69 行.
NOTIC: [8] Undefined index: day D:\xampp\htdocs\attendance\Application\Runtime\Cache\Home\3692e44518463d0af4f250fbdd61fd8d.php 第 70 行.
NOTIC: [8] Undefined index: start D:\xampp\htdocs\attendance\Application\Runtime\Cache\Home\3692e44518463d0af4f250fbdd61fd8d.php 第 68 行.
NOTIC: [8] Undefined index: end D:\xampp\htdocs\attendance\Application\Runtime\Cache\Home\3692e44518463d0af4f250fbdd61fd8d.php 第 69 行.
NOTIC: [8] Undefined index: day D:\xampp\htdocs\attendance\Application\Runtime\Cache\Home\3692e44518463d0af4f250fbdd61fd8d.php 第 70 行.
NOTIC: [8] Undefined index: start D:\xampp\htdocs\attendance\Application\Runtime\Cache\Home\3692e44518463d0af4f250fbdd61fd8d.php 第 68 行.
NOTIC: [8] Undefined index: end D:\xampp\htdocs\attendance\Application\Runtime\Cache\Home\3692e44518463d0af4f250fbdd61fd8d.php 第 69 行.
NOTIC: [8] Undefined index: day D:\xampp\htdocs\attendance\Application\Runtime\Cache\Home\3692e44518463d0af4f250fbdd61fd8d.php 第 70 行.
NOTIC: [8] Undefined index: start D:\xampp\htdocs\attendance\Application\Runtime\Cache\Home\3692e44518463d0af4f250fbdd61fd8d.php 第 68 行.
NOTIC: [8] Undefined index: end D:\xampp\htdocs\attendance\Application\Runtime\Cache\Home\3692e44518463d0af4f250fbdd61fd8d.php 第 69 行.
NOTIC: [8] Undefined index: day D:\xampp\htdocs\attendance\Application\Runtime\Cache\Home\3692e44518463d0af4f250fbdd61fd8d.php 第 70 行.
NOTIC: [8] Undefined index: start D:\xampp\htdocs\attendance\Application\Runtime\Cache\Home\3692e44518463d0af4f250fbdd61fd8d.php 第 68 行.
NOTIC: [8] Undefined index: end D:\xampp\htdocs\attendance\Application\Runtime\Cache\Home\3692e44518463d0af4f250fbdd61fd8d.php 第 69 行.
NOTIC: [8] Undefined index: day D:\xampp\htdocs\attendance\Application\Runtime\Cache\Home\3692e44518463d0af4f250fbdd61fd8d.php 第 70 行.
NOTIC: [8] Undefined index: start D:\xampp\htdocs\attendance\Application\Runtime\Cache\Home\3692e44518463d0af4f250fbdd61fd8d.php 第 68 行.
NOTIC: [8] Undefined index: end D:\xampp\htdocs\attendance\Application\Runtime\Cache\Home\3692e44518463d0af4f250fbdd61fd8d.php 第 69 行.
NOTIC: [8] Undefined index: day D:\xampp\htdocs\attendance\Application\Runtime\Cache\Home\3692e44518463d0af4f250fbdd61fd8d.php 第 70 行.
NOTIC: [8] Undefined index: start D:\xampp\htdocs\attendance\Application\Runtime\Cache\Home\3692e44518463d0af4f250fbdd61fd8d.php 第 68 行.
NOTIC: [8] Undefined index: end D:\xampp\htdocs\attendance\Application\Runtime\Cache\Home\3692e44518463d0af4f250fbdd61fd8d.php 第 69 行.
NOTIC: [8] Undefined index: day D:\xampp\htdocs\attendance\Application\Runtime\Cache\Home\3692e44518463d0af4f250fbdd61fd8d.php 第 70 行.
NOTIC: [8] Undefined index: start D:\xampp\htdocs\attendance\Application\Runtime\Cache\Home\3692e44518463d0af4f250fbdd61fd8d.php 第 68 行.
NOTIC: [8] Undefined index: end D:\xampp\htdocs\attendance\Application\Runtime\Cache\Home\3692e44518463d0af4f250fbdd61fd8d.php 第 69 行.
NOTIC: [8] Undefined index: day D:\xampp\htdocs\attendance\Application\Runtime\Cache\Home\3692e44518463d0af4f250fbdd61fd8d.php 第 70 行.
INFO: Run Behavior\ParseTemplateBehavior [ RunTime:0.014000s ]
INFO: [ view_parse ] --END-- [ RunTime:0.014000s ]
INFO: [ view_filter ] --START--
INFO: Run Behavior\WriteHtmlCacheBehavior [ RunTime:0.000000s ]
INFO: [ view_filter ] --END-- [ RunTime:0.000000s ]
INFO: [ app_end ] --START--
INFO: Run Behavior\ShowPageTraceBehavior [ RunTime:0.001000s ]
INFO: [ app_end ] --END-- [ RunTime:0.001000s ]

[ 2008-01-01T04:37:49+08:00 ] 127.0.0.1 /index.php/Home/UserInfo
INFO: [ app_init ] --START--
INFO: Run Behavior\BuildLiteBehavior [ RunTime:0.000000s ]
INFO: [ app_init ] --END-- [ RunTime:0.001000s ]
INFO: [ app_begin ] --START--
INFO: Run Behavior\ReadHtmlCacheBehavior [ RunTime:0.001000s ]
INFO: [ app_begin ] --END-- [ RunTime:0.001000s ]
NOTIC: [2] Declaration of Home\Model\UserModel::check($work_id, $password) should be compatible with Think\Model::check($value, $rule, $type = 'regex') D:\xampp\htdocs\attendance\Application\Home\Model\UserModel.class.php 第 6 行.
SQL: SHOW COLUMNS FROM `user` [ RunTime:0.0020s ]
SQL: SHOW COLUMNS FROM `dep_info` [ RunTime:0.0020s ]
SQL: SHOW COLUMNS FROM `job_info` [ RunTime:0.0030s ]
SQL: SHOW COLUMNS FROM `kaoqin` [ RunTime:0.0040s ]
SQL: SELECT * from user [ RunTime:0.0010s ]
SQL: select * from job_info [ RunTime:0.0000s ]
SQL: select * from dep_info [ RunTime:0.0000s ]
SQL: select * from kaoqin [ RunTime:0.0000s ]
INFO: [ view_parse ] --START--
INFO: [ template_filter ] --START--
INFO: Run Behavior\ContentReplaceBehavior [ RunTime:0.000000s ]
INFO: [ template_filter ] --END-- [ RunTime:0.000000s ]
INFO: Run Behavior\ParseTemplateBehavior [ RunTime:0.009000s ]
INFO: [ view_parse ] --END-- [ RunTime:0.009000s ]
INFO: [ view_filter ] --START--
INFO: Run Behavior\WriteHtmlCacheBehavior [ RunTime:0.001000s ]
INFO: [ view_filter ] --END-- [ RunTime:0.001000s ]
INFO: [ app_end ] --START--
INFO: Run Behavior\ShowPageTraceBehavior [ RunTime:0.000000s ]
INFO: [ app_end ] --END-- [ RunTime:0.000000s ]

[ 2008-01-01T04:37:54+08:00 ] 127.0.0.1 /index.php/Home/KaoqinInfo
INFO: [ app_init ] --START--
INFO: Run Behavior\BuildLiteBehavior [ RunTime:0.000000s ]
INFO: [ app_init ] --END-- [ RunTime:0.001000s ]
INFO: [ app_begin ] --START--
INFO: Run Behavior\ReadHtmlCacheBehavior [ RunTime:0.001000s ]
INFO: [ app_begin ] --END-- [ RunTime:0.002000s ]
NOTIC: [2] Declaration of Home\Model\UserModel::check($work_id, $password) should be compatible with Think\Model::check($value, $rule, $type = 'regex') D:\xampp\htdocs\attendance\Application\Home\Model\UserModel.class.php 第 6 行.
SQL: SHOW COLUMNS FROM `user` [ RunTime:0.0030s ]
SQL: SHOW COLUMNS FROM `dep_info` [ RunTime:0.0020s ]
SQL: SHOW COLUMNS FROM `job_info` [ RunTime:0.0020s ]
SQL: SHOW COLUMNS FROM `kaoqin` [ RunTime:0.0020s ]
SQL: SELECT * from user [ RunTime:0.0010s ]
SQL: select * from job_info [ RunTime:0.0000s ]
SQL: select * from dep_info [ RunTime:0.0010s ]
SQL: select * from kaoqin [ RunTime:0.0000s ]
NOTIC: [8] Undefined index: start D:\xampp\htdocs\attendance\Application\Home\Controller\KaoqinInfoController.class.php 第 49 行.
NOTIC: [8] Undefined index: start D:\xampp\htdocs\attendance\Application\Home\Controller\KaoqinInfoController.class.php 第 49 行.
NOTIC: [8] Undefined index: start D:\xampp\htdocs\attendance\Application\Home\Controller\KaoqinInfoController.class.php 第 49 行.
NOTIC: [8] Undefined index: start D:\xampp\htdocs\attendance\Application\Home\Controller\KaoqinInfoController.class.php 第 49 行.
NOTIC: [8] Undefined index: start D:\xampp\htdocs\attendance\Application\Home\Controller\KaoqinInfoController.class.php 第 49 行.
NOTIC: [8] Undefined index: start D:\xampp\htdocs\attendance\Application\Home\Controller\KaoqinInfoController.class.php 第 49 行.
NOTIC: [8] Undefined index: start D:\xampp\htdocs\attendance\Application\Home\Controller\KaoqinInfoController.class.php 第 49 行.
NOTIC: [8] Undefined index: start D:\xampp\htdocs\attendance\Application\Home\Controller\KaoqinInfoController.class.php 第 49 行.
NOTIC: [8] Undefined index: start D:\xampp\htdocs\attendance\Application\Home\Controller\KaoqinInfoController.class.php 第 49 行.
NOTIC: [8] Undefined index: start D:\xampp\htdocs\attendance\Application\Home\Controller\KaoqinInfoController.class.php 第 49 行.
NOTIC: [8] Undefined index: start D:\xampp\htdocs\attendance\Application\Home\Controller\KaoqinInfoController.class.php 第 49 行.
NOTIC: [8] Undefined index: start D:\xampp\htdocs\attendance\Application\Home\Controller\KaoqinInfoController.class.php 第 49 行.
NOTIC: [8] Undefined index: start D:\xampp\htdocs\attendance\Application\Home\Controller\KaoqinInfoController.class.php 第 49 行.
NOTIC: [8] Undefined index: start D:\xampp\htdocs\attendance\Application\Home\Controller\KaoqinInfoController.class.php 第 49 行.
NOTIC: [8] Undefined index: start D:\xampp\htdocs\attendance\Application\Home\Controller\KaoqinInfoController.class.php 第 49 行.
NOTIC: [8] Undefined index: start D:\xampp\htdocs\attendance\Application\Home\Controller\KaoqinInfoController.class.php 第 49 行.
NOTIC: [8] Undefined index: start D:\xampp\htdocs\attendance\Application\Home\Controller\KaoqinInfoController.class.php 第 49 行.
NOTIC: [8] Undefined index: start D:\xampp\htdocs\attendance\Application\Home\Controller\KaoqinInfoController.class.php 第 49 行.
NOTIC: [8] Undefined index: start D:\xampp\htdocs\attendance\Application\Home\Controller\KaoqinInfoController.class.php 第 49 行.
NOTIC: [8] Undefined index: start D:\xampp\htdocs\attendance\Application\Home\Controller\KaoqinInfoController.class.php 第 49 行.
NOTIC: [8] Undefined index: start D:\xampp\htdocs\attendance\Application\Home\Controller\KaoqinInfoController.class.php 第 49 行.
NOTIC: [8] Undefined index: start D:\xampp\htdocs\attendance\Application\Home\Controller\KaoqinInfoController.class.php 第 49 行.
NOTIC: [8] Undefined index: start D:\xampp\htdocs\attendance\Application\Home\Controller\KaoqinInfoController.class.php 第 49 行.
INFO: [ view_parse ] --START--
INFO: [ template_filter ] --START--
INFO: Run Behavior\ContentReplaceBehavior [ RunTime:0.000000s ]
INFO: [ template_filter ] --END-- [ RunTime:0.000000s ]
NOTIC: [8] Undefined index: start D:\xampp\htdocs\attendance\Application\Runtime\Cache\Home\3692e44518463d0af4f250fbdd61fd8d.php 第 68 行.
NOTIC: [8] Undefined index: end D:\xampp\htdocs\attendance\Application\Runtime\Cache\Home\3692e44518463d0af4f250fbdd61fd8d.php 第 69 行.
NOTIC: [8] Undefined index: day D:\xampp\htdocs\attendance\Application\Runtime\Cache\Home\3692e44518463d0af4f250fbdd61fd8d.php 第 70 行.
NOTIC: [8] Undefined index: start D:\xampp\htdocs\attendance\Application\Runtime\Cache\Home\3692e44518463d0af4f250fbdd61fd8d.php 第 68 行.
NOTIC: [8] Undefined index: end D:\xampp\htdocs\attendance\Application\Runtime\Cache\Home\3692e44518463d0af4f250fbdd61fd8d.php 第 69 行.
NOTIC: [8] Undefined index: day D:\xampp\htdocs\attendance\Application\Runtime\Cache\Home\3692e44518463d0af4f250fbdd61fd8d.php 第 70 行.
NOTIC: [8] Undefined index: start D:\xampp\htdocs\attendance\Application\Runtime\Cache\Home\3692e44518463d0af4f250fbdd61fd8d.php 第 68 行.
NOTIC: [8] Undefined index: end D:\xampp\htdocs\attendance\Application\Runtime\Cache\Home\3692e44518463d0af4f250fbdd61fd8d.php 第 69 行.
NOTIC: [8] Undefined index: day D:\xampp\htdocs\attendance\Application\Runtime\Cache\Home\3692e44518463d0af4f250fbdd61fd8d.php 第 70 行.
NOTIC: [8] Undefined index: start D:\xampp\htdocs\attendance\Application\Runtime\Cache\Home\3692e44518463d0af4f250fbdd61fd8d.php 第 68 行.
NOTIC: [8] Undefined index: end D:\xampp\htdocs\attendance\Application\Runtime\Cache\Home\3692e44518463d0af4f250fbdd61fd8d.php 第 69 行.
NOTIC: [8] Undefined index: day D:\xampp\htdocs\attendance\Application\Runtime\Cache\Home\3692e44518463d0af4f250fbdd61fd8d.php 第 70 行.
NOTIC: [8] Undefined index: start D:\xampp\htdocs\attendance\Application\Runtime\Cache\Home\3692e44518463d0af4f250fbdd61fd8d.php 第 68 行.
NOTIC: [8] Undefined index: end D:\xampp\htdocs\attendance\Application\Runtime\Cache\Home\3692e44518463d0af4f250fbdd61fd8d.php 第 69 行.
NOTIC: [8] Undefined index: day D:\xampp\htdocs\attendance\Application\Runtime\Cache\Home\3692e44518463d0af4f250fbdd61fd8d.php 第 70 行.
NOTIC: [8] Undefined index: start D:\xampp\htdocs\attendance\Application\Runtime\Cache\Home\3692e44518463d0af4f250fbdd61fd8d.php 第 68 行.
NOTIC: [8] Undefined index: end D:\xampp\htdocs\attendance\Application\Runtime\Cache\Home\3692e44518463d0af4f250fbdd61fd8d.php 第 69 行.
NOTIC: [8] Undefined index: day D:\xampp\htdocs\attendance\Application\Runtime\Cache\Home\3692e44518463d0af4f250fbdd61fd8d.php 第 70 行.
NOTIC: [8] Undefined index: start D:\xampp\htdocs\attendance\Application\Runtime\Cache\Home\3692e44518463d0af4f250fbdd61fd8d.php 第 68 行.
NOTIC: [8] Undefined index: end D:\xampp\htdocs\attendance\Application\Runtime\Cache\Home\3692e44518463d0af4f250fbdd61fd8d.php 第 69 行.
NOTIC: [8] Undefined index: day D:\xampp\htdocs\attendance\Application\Runtime\Cache\Home\3692e44518463d0af4f250fbdd61fd8d.php 第 70 行.
NOTIC: [8] Undefined index: start D:\xampp\htdocs\attendance\Application\Runtime\Cache\Home\3692e44518463d0af4f250fbdd61fd8d.php 第 68 行.
NOTIC: [8] Undefined index: end D:\xampp\htdocs\attendance\Application\Runtime\Cache\Home\3692e44518463d0af4f250fbdd61fd8d.php 第 69 行.
NOTIC: [8] Undefined index: day D:\xampp\htdocs\attendance\Application\Runtime\Cache\Home\3692e44518463d0af4f250fbdd61fd8d.php 第 70 行.
NOTIC: [8] Undefined index: start D:\xampp\htdocs\attendance\Application\Runtime\Cache\Home\3692e44518463d0af4f250fbdd61fd8d.php 第 68 行.
NOTIC: [8] Undefined index: end D:\xampp\htdocs\attendance\Application\Runtime\Cache\Home\3692e44518463d0af4f250fbdd61fd8d.php 第 69 行.
NOTIC: [8] Undefined index: day D:\xampp\htdocs\attendance\Application\Runtime\Cache\Home\3692e44518463d0af4f250fbdd61fd8d.php 第 70 行.
NOTIC: [8] Undefined index: start D:\xampp\htdocs\attendance\Application\Runtime\Cache\Home\3692e44518463d0af4f250fbdd61fd8d.php 第 68 行.
NOTIC: [8] Undefined index: end D:\xampp\htdocs\attendance\Application\Runtime\Cache\Home\3692e44518463d0af4f250fbdd61fd8d.php 第 69 行.
NOTIC: [8] Undefined index: day D:\xampp\htdocs\attendance\Application\Runtime\Cache\Home\3692e44518463d0af4f250fbdd61fd8d.php 第 70 行.
NOTIC: [8] Undefined index: start D:\xampp\htdocs\attendance\Application\Runtime\Cache\Home\3692e44518463d0af4f250fbdd61fd8d.php 第 68 行.
NOTIC: [8] Undefined index: end D:\xampp\htdocs\attendance\Application\Runtime\Cache\Home\3692e44518463d0af4f250fbdd61fd8d.php 第 69 行.
NOTIC: [8] Undefined index: day D:\xampp\htdocs\attendance\Application\Runtime\Cache\Home\3692e44518463d0af4f250fbdd61fd8d.php 第 70 行.
INFO: Run Behavior\ParseTemplateBehavior [ RunTime:0.008000s ]
INFO: [ view_parse ] --END-- [ RunTime:0.008000s ]
INFO: [ view_filter ] --START--
INFO: Run Behavior\WriteHtmlCacheBehavior [ RunTime:0.000000s ]
INFO: [ view_filter ] --END-- [ RunTime:0.000000s ]
INFO: [ app_end ] --START--
INFO: Run Behavior\ShowPageTraceBehavior [ RunTime:0.001000s ]
INFO: [ app_end ] --END-- [ RunTime:0.001000s ]

[ 2008-01-01T04:37:56+08:00 ] 127.0.0.1 /index.php/Home/User/kaoqin
INFO: [ app_init ] --START--
INFO: Run Behavior\BuildLiteBehavior [ RunTime:0.000000s ]
INFO: [ app_init ] --END-- [ RunTime:0.001000s ]
INFO: [ app_begin ] --START--
INFO: Run Behavior\ReadHtmlCacheBehavior [ RunTime:0.001000s ]
INFO: [ app_begin ] --END-- [ RunTime:0.001000s ]
INFO: [ view_parse ] --START--
INFO: [ template_filter ] --START--
INFO: Run Behavior\ContentReplaceBehavior [ RunTime:0.000000s ]
INFO: [ template_filter ] --END-- [ RunTime:0.000000s ]
INFO: Run Behavior\ParseTemplateBehavior [ RunTime:0.007000s ]
INFO: [ view_parse ] --END-- [ RunTime:0.007000s ]
INFO: [ view_filter ] --START--
INFO: Run Behavior\WriteHtmlCacheBehavior [ RunTime:0.000000s ]
INFO: [ view_filter ] --END-- [ RunTime:0.000000s ]
INFO: [ app_end ] --START--
INFO: Run Behavior\ShowPageTraceBehavior [ RunTime:0.000000s ]
INFO: [ app_end ] --END-- [ RunTime:0.000000s ]

