[ 2018-06-20T13:37:13+08:00 ] 127.0.0.1 /Attendance/
INFO: [ app_init ] --START--
INFO: Run Behavior\BuildLiteBehavior [ RunTime:0.000000s ]
INFO: [ app_init ] --END-- [ RunTime:0.000000s ]
INFO: [ app_begin ] --START--
INFO: Run Behavior\ReadHtmlCacheBehavior [ RunTime:0.002500s ]
INFO: [ app_begin ] --END-- [ RunTime:0.002500s ]
INFO: [ view_parse ] --START--
INFO: [ template_filter ] --START--
INFO: Run Behavior\ContentReplaceBehavior [ RunTime:0.025001s ]
INFO: [ template_filter ] --END-- [ RunTime:0.025001s ]
INFO: Run Behavior\ParseTemplateBehavior [ RunTime:0.082502s ]
INFO: [ view_parse ] --END-- [ RunTime:0.082502s ]
INFO: [ view_filter ] --START--
INFO: Run Behavior\WriteHtmlCacheBehavior [ RunTime:0.002500s ]
INFO: [ view_filter ] --END-- [ RunTime:0.002500s ]
INFO: [ app_end ] --START--
INFO: Run Behavior\ShowPageTraceBehavior [ RunTime:0.002500s ]
INFO: [ app_end ] --END-- [ RunTime:0.002500s ]

[ 2018-06-20T13:37:55+08:00 ] 127.0.0.1 /Attendance/
INFO: [ app_init ] --START--
INFO: Run Behavior\BuildLiteBehavior [ RunTime:0.000000s ]
INFO: [ app_init ] --END-- [ RunTime:0.000000s ]
INFO: [ app_begin ] --START--
INFO: Run Behavior\ReadHtmlCacheBehavior [ RunTime:0.002500s ]
INFO: [ app_begin ] --END-- [ RunTime:0.002500s ]
INFO: [ view_parse ] --START--
INFO: [ template_filter ] --START--
INFO: Run Behavior\ContentReplaceBehavior [ RunTime:0.000000s ]
INFO: [ template_filter ] --END-- [ RunTime:0.000000s ]
INFO: Run Behavior\ParseTemplateBehavior [ RunTime:0.007501s ]
INFO: [ view_parse ] --END-- [ RunTime:0.010001s ]
INFO: [ view_filter ] --START--
INFO: Run Behavior\WriteHtmlCacheBehavior [ RunTime:0.000000s ]
INFO: [ view_filter ] --END-- [ RunTime:0.000000s ]
INFO: [ app_end ] --START--
INFO: Run Behavior\ShowPageTraceBehavior [ RunTime:0.000000s ]
INFO: [ app_end ] --END-- [ RunTime:0.000000s ]

[ 2018-06-20T14:23:39+08:00 ] 127.0.0.1 /Attendance/
INFO: [ app_init ] --START--
INFO: Run Behavior\BuildLiteBehavior [ RunTime:0.000000s ]
INFO: [ app_init ] --END-- [ RunTime:0.001000s ]
INFO: [ app_begin ] --START--
INFO: Run Behavior\ReadHtmlCacheBehavior [ RunTime:0.001000s ]
INFO: [ app_begin ] --END-- [ RunTime:0.001000s ]
INFO: [ view_parse ] --START--
INFO: [ template_filter ] --START--
INFO: Run Behavior\ContentReplaceBehavior [ RunTime:0.000000s ]
INFO: [ template_filter ] --END-- [ RunTime:0.000000s ]
INFO: Run Behavior\ParseTemplateBehavior [ RunTime:0.007000s ]
INFO: [ view_parse ] --END-- [ RunTime:0.007000s ]
INFO: [ view_filter ] --START--
INFO: Run Behavior\WriteHtmlCacheBehavior [ RunTime:0.001000s ]
INFO: [ view_filter ] --END-- [ RunTime:0.001000s ]
INFO: [ app_end ] --START--
INFO: Run Behavior\ShowPageTraceBehavior [ RunTime:0.000000s ]
INFO: [ app_end ] --END-- [ RunTime:0.001000s ]

[ 2018-06-20T14:24:47+08:00 ] 127.0.0.1 /Attendance/index.php/Home/User
INFO: [ app_init ] --START--
INFO: Run Behavior\BuildLiteBehavior [ RunTime:0.000000s ]
INFO: [ app_init ] --END-- [ RunTime:0.000000s ]
INFO: [ app_begin ] --START--
INFO: Run Behavior\ReadHtmlCacheBehavior [ RunTime:0.000000s ]
INFO: [ app_begin ] --END-- [ RunTime:0.000000s ]
NOTIC: [2] Declaration of Home\Model\UserModel::check($work_id, $password) should be compatible with Think\Model::check($value, $rule, $type = 'regex') D:\xampp\htdocs\html\Attendance\Application\Home\Model\UserModel.class.php ç¬¬ 6 è¡Œ.
ERR: SQLSTATE[HY000] [2002] ÓÉÓÚÄ¿±ê¼ÆËã»ú»ý¼«¾Ü¾ø£¬ÎÞ·¨Á¬½Ó¡£


[ 2018-06-20T14:24:49+08:00 ] 127.0.0.1 /Attendance/index.php/Home/User
INFO: [ app_init ] --START--
INFO: Run Behavior\BuildLiteBehavior [ RunTime:0.000000s ]
INFO: [ app_init ] --END-- [ RunTime:0.001000s ]
INFO: [ app_begin ] --START--
INFO: Run Behavior\ReadHtmlCacheBehavior [ RunTime:0.000000s ]
INFO: [ app_begin ] --END-- [ RunTime:0.000000s ]
NOTIC: [2] Declaration of Home\Model\UserModel::check($work_id, $password) should be compatible with Think\Model::check($value, $rule, $type = 'regex') D:\xampp\htdocs\html\Attendance\Application\Home\Model\UserModel.class.php ç¬¬ 6 è¡Œ.
ERR: SQLSTATE[HY000] [2002] ÓÉÓÚÄ¿±ê¼ÆËã»ú»ý¼«¾Ü¾ø£¬ÎÞ·¨Á¬½Ó¡£


[ 2018-06-20T14:24:51+08:00 ] 127.0.0.1 /Attendance/index.php/Home/User
INFO: [ app_init ] --START--
INFO: Run Behavior\BuildLiteBehavior [ RunTime:0.000000s ]
INFO: [ app_init ] --END-- [ RunTime:0.000000s ]
INFO: [ app_begin ] --START--
INFO: Run Behavior\ReadHtmlCacheBehavior [ RunTime:0.000000s ]
INFO: [ app_begin ] --END-- [ RunTime:0.000000s ]
NOTIC: [2] Declaration of Home\Model\UserModel::check($work_id, $password) should be compatible with Think\Model::check($value, $rule, $type = 'regex') D:\xampp\htdocs\html\Attendance\Application\Home\Model\UserModel.class.php ç¬¬ 6 è¡Œ.
ERR: SQLSTATE[HY000] [2002] ÓÉÓÚÄ¿±ê¼ÆËã»ú»ý¼«¾Ü¾ø£¬ÎÞ·¨Á¬½Ó¡£


[ 2018-06-20T14:24:53+08:00 ] 127.0.0.1 /Attendance/index.php/Home/User
INFO: [ app_init ] --START--
INFO: Run Behavior\BuildLiteBehavior [ RunTime:0.000000s ]
INFO: [ app_init ] --END-- [ RunTime:0.001000s ]
INFO: [ app_begin ] --START--
INFO: Run Behavior\ReadHtmlCacheBehavior [ RunTime:0.001000s ]
INFO: [ app_begin ] --END-- [ RunTime:0.001000s ]
NOTIC: [2] Declaration of Home\Model\UserModel::check($work_id, $password) should be compatible with Think\Model::check($value, $rule, $type = 'regex') D:\xampp\htdocs\html\Attendance\Application\Home\Model\UserModel.class.php ç¬¬ 6 è¡Œ.
ERR: SQLSTATE[HY000] [2002] ÓÉÓÚÄ¿±ê¼ÆËã»ú»ý¼«¾Ü¾ø£¬ÎÞ·¨Á¬½Ó¡£


[ 2018-06-20T14:24:55+08:00 ] 127.0.0.1 /Attendance/index.php/Home/User
INFO: [ app_init ] --START--
INFO: Run Behavior\BuildLiteBehavior [ RunTime:0.000000s ]
INFO: [ app_init ] --END-- [ RunTime:0.000000s ]
INFO: [ app_begin ] --START--
INFO: Run Behavior\ReadHtmlCacheBehavior [ RunTime:0.000000s ]
INFO: [ app_begin ] --END-- [ RunTime:0.000000s ]
NOTIC: [2] Declaration of Home\Model\UserModel::check($work_id, $password) should be compatible with Think\Model::check($value, $rule, $type = 'regex') D:\xampp\htdocs\html\Attendance\Application\Home\Model\UserModel.class.php ç¬¬ 6 è¡Œ.
ERR: SQLSTATE[HY000] [2002] ÓÉÓÚÄ¿±ê¼ÆËã»ú»ý¼«¾Ü¾ø£¬ÎÞ·¨Á¬½Ó¡£


[ 2018-06-20T14:24:58+08:00 ] 127.0.0.1 /Attendance/index.php/Home/User
INFO: [ app_init ] --START--
INFO: Run Behavior\BuildLiteBehavior [ RunTime:0.000000s ]
INFO: [ app_init ] --END-- [ RunTime:0.000000s ]
INFO: [ app_begin ] --START--
INFO: Run Behavior\ReadHtmlCacheBehavior [ RunTime:0.000000s ]
INFO: [ app_begin ] --END-- [ RunTime:0.000000s ]
NOTIC: [2] Declaration of Home\Model\UserModel::check($work_id, $password) should be compatible with Think\Model::check($value, $rule, $type = 'regex') D:\xampp\htdocs\html\Attendance\Application\Home\Model\UserModel.class.php ç¬¬ 6 è¡Œ.
ERR: SQLSTATE[HY000] [2002] ÓÉÓÚÄ¿±ê¼ÆËã»ú»ý¼«¾Ü¾ø£¬ÎÞ·¨Á¬½Ó¡£


[ 2018-06-20T14:25:05+08:00 ] 127.0.0.1 /Attendance/index.php/Home/User
INFO: [ app_init ] --START--
INFO: Run Behavior\BuildLiteBehavior [ RunTime:0.000000s ]
INFO: [ app_init ] --END-- [ RunTime:0.000000s ]
INFO: [ app_begin ] --START--
INFO: Run Behavior\ReadHtmlCacheBehavior [ RunTime:0.000000s ]
INFO: [ app_begin ] --END-- [ RunTime:0.000000s ]
NOTIC: [2] Declaration of Home\Model\UserModel::check($work_id, $password) should be compatible with Think\Model::check($value, $rule, $type = 'regex') D:\xampp\htdocs\html\Attendance\Application\Home\Model\UserModel.class.php ç¬¬ 6 è¡Œ.
SQL: SHOW COLUMNS FROM `user` [ RunTime:0.0780s ]
SQL: SELECT `password` FROM `user` WHERE ( work_id = 2016210686 ) LIMIT 1   [ RunTime:0.0312s ]

[ 2018-06-20T14:25:18+08:00 ] 127.0.0.1 /Attendance/index.php/Home/User
INFO: [ app_init ] --START--
INFO: Run Behavior\BuildLiteBehavior [ RunTime:0.000000s ]
INFO: [ app_init ] --END-- [ RunTime:0.000000s ]
INFO: [ app_begin ] --START--
INFO: Run Behavior\ReadHtmlCacheBehavior [ RunTime:0.001000s ]
INFO: [ app_begin ] --END-- [ RunTime:0.001000s ]
NOTIC: [2] Declaration of Home\Model\UserModel::check($work_id, $password) should be compatible with Think\Model::check($value, $rule, $type = 'regex') D:\xampp\htdocs\html\Attendance\Application\Home\Model\UserModel.class.php ç¬¬ 6 è¡Œ.
SQL: SHOW COLUMNS FROM `user` [ RunTime:0.0000s ]
SQL: SELECT `password` FROM `user` WHERE ( work_id = 2016210686 ) LIMIT 1   [ RunTime:0.0000s ]

