[ 2018-01-08T21:10:26+08:00 ] 127.0.0.1 /index.php/Home/KaoqinInfo
INFO: [ app_init ] --START--
INFO: Run Behavior\BuildLiteBehavior [ RunTime:0.000027s ]
INFO: [ app_init ] --END-- [ RunTime:0.025088s ]
INFO: [ app_begin ] --START--
INFO: Run Behavior\ReadHtmlCacheBehavior [ RunTime:0.034272s ]
INFO: [ app_begin ] --END-- [ RunTime:0.034324s ]
NOTIC: [2] Declaration of Home\Model\UserModel::check($work_id, $password) should be compatible with Think\Model::check($value, $rule, $type = 'regex') D:\xampp\htdocs\Attendance\Application\Home\Model\UserModel.class.php 第 6 行.
SQL: SHOW COLUMNS FROM `user` [ RunTime:0.0212s ]
SQL: SHOW COLUMNS FROM `dep_info` [ RunTime:0.0151s ]
SQL: SHOW COLUMNS FROM `job_info` [ RunTime:0.0134s ]
SQL: SHOW COLUMNS FROM `kaoqin` [ RunTime:0.0121s ]
SQL: SELECT * from user [ RunTime:0.0004s ]
SQL: select * from job_info [ RunTime:0.0002s ]
SQL: select * from dep_info [ RunTime:0.0003s ]
SQL: select * from kaoqin [ RunTime:0.0002s ]
NOTIC: [8] Undefined index: start D:\xampp\htdocs\Attendance\Application\Home\Controller\KaoqinInfoController.class.php 第 49 行.
NOTIC: [8] Undefined index: start D:\xampp\htdocs\Attendance\Application\Home\Controller\KaoqinInfoController.class.php 第 49 行.
NOTIC: [8] Undefined index: start D:\xampp\htdocs\Attendance\Application\Home\Controller\KaoqinInfoController.class.php 第 49 行.
NOTIC: [8] Undefined index: start D:\xampp\htdocs\Attendance\Application\Home\Controller\KaoqinInfoController.class.php 第 49 行.
NOTIC: [8] Undefined index: start D:\xampp\htdocs\Attendance\Application\Home\Controller\KaoqinInfoController.class.php 第 49 行.
NOTIC: [8] Undefined index: start D:\xampp\htdocs\Attendance\Application\Home\Controller\KaoqinInfoController.class.php 第 49 行.
NOTIC: [8] Undefined index: start D:\xampp\htdocs\Attendance\Application\Home\Controller\KaoqinInfoController.class.php 第 49 行.
NOTIC: [8] Undefined index: start D:\xampp\htdocs\Attendance\Application\Home\Controller\KaoqinInfoController.class.php 第 49 行.
NOTIC: [8] Undefined index: start D:\xampp\htdocs\Attendance\Application\Home\Controller\KaoqinInfoController.class.php 第 49 行.
NOTIC: [8] Undefined index: start D:\xampp\htdocs\Attendance\Application\Home\Controller\KaoqinInfoController.class.php 第 49 行.
NOTIC: [8] Undefined index: start D:\xampp\htdocs\Attendance\Application\Home\Controller\KaoqinInfoController.class.php 第 49 行.
NOTIC: [8] Undefined index: start D:\xampp\htdocs\Attendance\Application\Home\Controller\KaoqinInfoController.class.php 第 49 行.
NOTIC: [8] Undefined index: start D:\xampp\htdocs\Attendance\Application\Home\Controller\KaoqinInfoController.class.php 第 49 行.
NOTIC: [8] Undefined index: start D:\xampp\htdocs\Attendance\Application\Home\Controller\KaoqinInfoController.class.php 第 49 行.
NOTIC: [8] Undefined index: start D:\xampp\htdocs\Attendance\Application\Home\Controller\KaoqinInfoController.class.php 第 49 行.
NOTIC: [8] Undefined index: start D:\xampp\htdocs\Attendance\Application\Home\Controller\KaoqinInfoController.class.php 第 49 行.
NOTIC: [8] Undefined index: start D:\xampp\htdocs\Attendance\Application\Home\Controller\KaoqinInfoController.class.php 第 49 行.
NOTIC: [8] Undefined index: start D:\xampp\htdocs\Attendance\Application\Home\Controller\KaoqinInfoController.class.php 第 49 行.
NOTIC: [8] Undefined index: start D:\xampp\htdocs\Attendance\Application\Home\Controller\KaoqinInfoController.class.php 第 49 行.
NOTIC: [8] Undefined index: start D:\xampp\htdocs\Attendance\Application\Home\Controller\KaoqinInfoController.class.php 第 49 行.
NOTIC: [8] Undefined index: start D:\xampp\htdocs\Attendance\Application\Home\Controller\KaoqinInfoController.class.php 第 49 行.
INFO: [ view_parse ] --START--
INFO: [ template_filter ] --START--
INFO: Run Behavior\ContentReplaceBehavior [ RunTime:0.000098s ]
INFO: [ template_filter ] --END-- [ RunTime:0.000140s ]
INFO: Run Behavior\ParseTemplateBehavior [ RunTime:0.190546s ]
INFO: [ view_parse ] --END-- [ RunTime:0.190599s ]
INFO: [ view_filter ] --START--
INFO: Run Behavior\WriteHtmlCacheBehavior [ RunTime:0.020775s ]
INFO: [ view_filter ] --END-- [ RunTime:0.020833s ]
INFO: [ app_end ] --START--
INFO: Run Behavior\ShowPageTraceBehavior [ RunTime:0.015852s ]
INFO: [ app_end ] --END-- [ RunTime:0.016668s ]

[ 2018-01-08T21:10:28+08:00 ] 127.0.0.1 /index.php/Home/User/kaoqin
INFO: [ app_init ] --START--
INFO: Run Behavior\BuildLiteBehavior [ RunTime:0.000022s ]
INFO: [ app_init ] --END-- [ RunTime:0.000581s ]
INFO: [ app_begin ] --START--
INFO: Run Behavior\ReadHtmlCacheBehavior [ RunTime:0.000547s ]
INFO: [ app_begin ] --END-- [ RunTime:0.000580s ]
INFO: [ app_end ] --START--
INFO: Run Behavior\ShowPageTraceBehavior [ RunTime:0.000869s ]
INFO: [ app_end ] --END-- [ RunTime:0.000920s ]

[ 2018-01-08T21:10:29+08:00 ] 127.0.0.1 /index.php/Home/User/Index
INFO: [ app_init ] --START--
INFO: Run Behavior\BuildLiteBehavior [ RunTime:0.000009s ]
INFO: [ app_init ] --END-- [ RunTime:0.000320s ]
INFO: [ app_begin ] --START--
INFO: Run Behavior\ReadHtmlCacheBehavior [ RunTime:0.000584s ]
INFO: [ app_begin ] --END-- [ RunTime:0.000671s ]
INFO: [ view_parse ] --START--
INFO: [ template_filter ] --START--
INFO: Run Behavior\ContentReplaceBehavior [ RunTime:0.000044s ]
INFO: [ template_filter ] --END-- [ RunTime:0.000095s ]
INFO: Run Behavior\ParseTemplateBehavior [ RunTime:0.052805s ]
INFO: [ view_parse ] --END-- [ RunTime:0.052861s ]
INFO: [ view_filter ] --START--
INFO: Run Behavior\WriteHtmlCacheBehavior [ RunTime:0.000393s ]
INFO: [ view_filter ] --END-- [ RunTime:0.000426s ]
INFO: [ app_end ] --START--
INFO: Run Behavior\ShowPageTraceBehavior [ RunTime:0.000622s ]
INFO: [ app_end ] --END-- [ RunTime:0.000664s ]

[ 2018-01-08T21:10:36+08:00 ] 127.0.0.1 /index.php/Home/User
INFO: [ app_init ] --START--
INFO: Run Behavior\BuildLiteBehavior [ RunTime:0.000008s ]
INFO: [ app_init ] --END-- [ RunTime:0.000281s ]
INFO: [ app_begin ] --START--
INFO: Run Behavior\ReadHtmlCacheBehavior [ RunTime:0.000368s ]
INFO: [ app_begin ] --END-- [ RunTime:0.000392s ]
NOTIC: [2] Declaration of Home\Model\UserModel::check($work_id, $password) should be compatible with Think\Model::check($value, $rule, $type = 'regex') D:\xampp\htdocs\Attendance\Application\Home\Model\UserModel.class.php 第 6 行.
SQL: SHOW COLUMNS FROM `user` [ RunTime:0.0171s ]
SQL: SELECT `password` FROM `user` WHERE ( work_id = 2015214177 ) LIMIT 1   [ RunTime:0.0003s ]

[ 2018-01-08T21:10:36+08:00 ] 127.0.0.1 /index.php/Home/User/kaoqin
INFO: [ app_init ] --START--
INFO: Run Behavior\BuildLiteBehavior [ RunTime:0.000011s ]
INFO: [ app_init ] --END-- [ RunTime:0.000357s ]
INFO: [ app_begin ] --START--
INFO: Run Behavior\ReadHtmlCacheBehavior [ RunTime:0.000749s ]
INFO: [ app_begin ] --END-- [ RunTime:0.000810s ]
INFO: [ view_parse ] --START--
INFO: [ template_filter ] --START--
INFO: Run Behavior\ContentReplaceBehavior [ RunTime:0.000038s ]
INFO: [ template_filter ] --END-- [ RunTime:0.000075s ]
INFO: Run Behavior\ParseTemplateBehavior [ RunTime:0.083608s ]
INFO: [ view_parse ] --END-- [ RunTime:0.083693s ]
INFO: [ view_filter ] --START--
INFO: Run Behavior\WriteHtmlCacheBehavior [ RunTime:0.001528s ]
INFO: [ view_filter ] --END-- [ RunTime:0.001794s ]
INFO: [ app_end ] --START--
INFO: Run Behavior\ShowPageTraceBehavior [ RunTime:0.000476s ]
INFO: [ app_end ] --END-- [ RunTime:0.000503s ]

[ 2018-01-08T21:10:45+08:00 ] 127.0.0.1 /index.php/Home/User/kaoqin
INFO: [ app_init ] --START--
INFO: Run Behavior\BuildLiteBehavior [ RunTime:0.000012s ]
INFO: [ app_init ] --END-- [ RunTime:0.000403s ]
INFO: [ app_begin ] --START--
INFO: Run Behavior\ReadHtmlCacheBehavior [ RunTime:0.000455s ]
INFO: [ app_begin ] --END-- [ RunTime:0.000484s ]
SQL: SHOW COLUMNS FROM `kaoqin` [ RunTime:0.0177s ]
SQL: select work_id from kaoqin where work_id=2015214177 [ RunTime:0.0405s ]
SQL: SELECT start, end, day FROM kaoqin WHERE work_id = 2015214177 [ RunTime:0.0003s ]

[ 2018-01-08T21:10:47+08:00 ] 127.0.0.1 /index.php/Home/User/kaoqin
INFO: [ app_init ] --START--
INFO: Run Behavior\BuildLiteBehavior [ RunTime:0.000011s ]
INFO: [ app_init ] --END-- [ RunTime:0.000487s ]
INFO: [ app_begin ] --START--
INFO: Run Behavior\ReadHtmlCacheBehavior [ RunTime:0.000407s ]
INFO: [ app_begin ] --END-- [ RunTime:0.000435s ]
SQL: SHOW COLUMNS FROM `kaoqin` [ RunTime:0.0170s ]
SQL: select work_id from kaoqin where work_id=2015214177 [ RunTime:0.0003s ]
SQL: SELECT start, end, day FROM kaoqin WHERE work_id = 2015214177 [ RunTime:0.0003s ]

