[ 2018-05-30T19:55:33+08:00 ] 127.0.0.1 /
INFO: [ app_init ] --START--
INFO: Run Behavior\BuildLiteBehavior [ RunTime:0.000023s ]
INFO: [ app_init ] --END-- [ RunTime:0.025441s ]
INFO: [ app_begin ] --START--
INFO: Run Behavior\ReadHtmlCacheBehavior [ RunTime:0.010486s ]
INFO: [ app_begin ] --END-- [ RunTime:0.010540s ]
INFO: [ view_parse ] --START--
INFO: [ template_filter ] --START--
INFO: Run Behavior\ContentReplaceBehavior [ RunTime:0.011977s ]
INFO: [ template_filter ] --END-- [ RunTime:0.012044s ]
INFO: Run Behavior\ParseTemplateBehavior [ RunTime:0.214266s ]
INFO: [ view_parse ] --END-- [ RunTime:0.214320s ]
INFO: [ view_filter ] --START--
INFO: Run Behavior\WriteHtmlCacheBehavior [ RunTime:0.012392s ]
INFO: [ view_filter ] --END-- [ RunTime:0.012444s ]
INFO: [ app_end ] --START--
INFO: Run Behavior\ShowPageTraceBehavior [ RunTime:0.023447s ]
INFO: [ app_end ] --END-- [ RunTime:0.023501s ]

[ 2018-05-30T19:55:40+08:00 ] 127.0.0.1 /index.php/Home/User
INFO: [ app_init ] --START--
INFO: Run Behavior\BuildLiteBehavior [ RunTime:0.000012s ]
INFO: [ app_init ] --END-- [ RunTime:0.000382s ]
INFO: [ app_begin ] --START--
INFO: Run Behavior\ReadHtmlCacheBehavior [ RunTime:0.000580s ]
INFO: [ app_begin ] --END-- [ RunTime:0.000610s ]
NOTIC: [2] Declaration of Home\Model\UserModel::check($work_id, $password) should be compatible with Think\Model::check($value, $rule, $type = 'regex') D:\xampp\htdocs\Attendance\Application\Home\Model\UserModel.class.php 第 6 行.
SQL: SHOW COLUMNS FROM `user` [ RunTime:0.0715s ]
SQL: SELECT `password` FROM `user` WHERE ( work_id = 2015214177 ) LIMIT 1   [ RunTime:0.0078s ]

[ 2018-05-30T19:55:50+08:00 ] 127.0.0.1 /index.php/Home/User
INFO: [ app_init ] --START--
INFO: Run Behavior\BuildLiteBehavior [ RunTime:0.000008s ]
INFO: [ app_init ] --END-- [ RunTime:0.000294s ]
INFO: [ app_begin ] --START--
INFO: Run Behavior\ReadHtmlCacheBehavior [ RunTime:0.000401s ]
INFO: [ app_begin ] --END-- [ RunTime:0.000429s ]
NOTIC: [2] Declaration of Home\Model\UserModel::check($work_id, $password) should be compatible with Think\Model::check($value, $rule, $type = 'regex') D:\xampp\htdocs\Attendance\Application\Home\Model\UserModel.class.php 第 6 行.
SQL: SHOW COLUMNS FROM `user` [ RunTime:0.0274s ]
SQL: SELECT `password` FROM `user` WHERE ( work_id = 2015214177 ) LIMIT 1   [ RunTime:0.0003s ]

[ 2018-05-30T19:56:05+08:00 ] 127.0.0.1 /index.php/Home/User
INFO: [ app_init ] --START--
INFO: Run Behavior\BuildLiteBehavior [ RunTime:0.000008s ]
INFO: [ app_init ] --END-- [ RunTime:0.000282s ]
INFO: [ app_begin ] --START--
INFO: Run Behavior\ReadHtmlCacheBehavior [ RunTime:0.000375s ]
INFO: [ app_begin ] --END-- [ RunTime:0.000399s ]
NOTIC: [2] Declaration of Home\Model\UserModel::check($work_id, $password) should be compatible with Think\Model::check($value, $rule, $type = 'regex') D:\xampp\htdocs\Attendance\Application\Home\Model\UserModel.class.php 第 6 行.
SQL: SHOW COLUMNS FROM `user` [ RunTime:0.0150s ]
SQL: SELECT `password` FROM `user` WHERE ( work_id = 2016224512 ) LIMIT 1   [ RunTime:0.0003s ]

[ 2018-05-30T19:56:05+08:00 ] 127.0.0.1 /index.php/Home/User/kaoqin
INFO: [ app_init ] --START--
INFO: Run Behavior\BuildLiteBehavior [ RunTime:0.000010s ]
INFO: [ app_init ] --END-- [ RunTime:0.000313s ]
INFO: [ app_begin ] --START--
INFO: Run Behavior\ReadHtmlCacheBehavior [ RunTime:0.000432s ]
INFO: [ app_begin ] --END-- [ RunTime:0.000468s ]
INFO: [ view_parse ] --START--
INFO: [ template_filter ] --START--
INFO: Run Behavior\ContentReplaceBehavior [ RunTime:0.010547s ]
INFO: [ template_filter ] --END-- [ RunTime:0.010614s ]
INFO: Run Behavior\ParseTemplateBehavior [ RunTime:0.074414s ]
INFO: [ view_parse ] --END-- [ RunTime:0.074466s ]
INFO: [ view_filter ] --START--
INFO: Run Behavior\WriteHtmlCacheBehavior [ RunTime:0.000671s ]
INFO: [ view_filter ] --END-- [ RunTime:0.000717s ]
INFO: [ app_end ] --START--
INFO: Run Behavior\ShowPageTraceBehavior [ RunTime:0.000575s ]
INFO: [ app_end ] --END-- [ RunTime:0.000600s ]

[ 2018-05-30T19:58:41+08:00 ] 127.0.0.1 /index.php/Home/KaoqinInfo
INFO: [ app_init ] --START--
INFO: Run Behavior\BuildLiteBehavior [ RunTime:0.000010s ]
INFO: [ app_init ] --END-- [ RunTime:0.000372s ]
INFO: [ app_begin ] --START--
INFO: Run Behavior\ReadHtmlCacheBehavior [ RunTime:0.001270s ]
INFO: [ app_begin ] --END-- [ RunTime:0.001319s ]
NOTIC: [2] Declaration of Home\Model\UserModel::check($work_id, $password) should be compatible with Think\Model::check($value, $rule, $type = 'regex') D:\xampp\htdocs\Attendance\Application\Home\Model\UserModel.class.php 第 6 行.
SQL: SHOW COLUMNS FROM `user` [ RunTime:0.0242s ]
SQL: SHOW COLUMNS FROM `dep_info` [ RunTime:0.1240s ]
SQL: SHOW COLUMNS FROM `job_info` [ RunTime:0.0493s ]
SQL: SHOW COLUMNS FROM `kaoqin` [ RunTime:0.0159s ]
SQL: SELECT * from user [ RunTime:0.0005s ]
SQL: select * from job_info [ RunTime:0.0003s ]
SQL: select * from dep_info [ RunTime:0.0002s ]
SQL: select * from kaoqin [ RunTime:0.0298s ]
INFO: [ view_parse ] --START--
INFO: [ template_filter ] --START--
INFO: Run Behavior\ContentReplaceBehavior [ RunTime:0.000031s ]
INFO: [ template_filter ] --END-- [ RunTime:0.000062s ]
NOTIC: [8] Undefined index: start D:\xampp\htdocs\Attendance\Application\Runtime\Cache\Home\3692e44518463d0af4f250fbdd61fd8d.php 第 62 行.
NOTIC: [8] Undefined index: end D:\xampp\htdocs\Attendance\Application\Runtime\Cache\Home\3692e44518463d0af4f250fbdd61fd8d.php 第 63 行.
NOTIC: [8] Undefined index: day D:\xampp\htdocs\Attendance\Application\Runtime\Cache\Home\3692e44518463d0af4f250fbdd61fd8d.php 第 64 行.
NOTIC: [8] Undefined index: status D:\xampp\htdocs\Attendance\Application\Runtime\Cache\Home\3692e44518463d0af4f250fbdd61fd8d.php 第 65 行.
NOTIC: [8] Undefined index: start D:\xampp\htdocs\Attendance\Application\Runtime\Cache\Home\3692e44518463d0af4f250fbdd61fd8d.php 第 62 行.
NOTIC: [8] Undefined index: end D:\xampp\htdocs\Attendance\Application\Runtime\Cache\Home\3692e44518463d0af4f250fbdd61fd8d.php 第 63 行.
NOTIC: [8] Undefined index: day D:\xampp\htdocs\Attendance\Application\Runtime\Cache\Home\3692e44518463d0af4f250fbdd61fd8d.php 第 64 行.
NOTIC: [8] Undefined index: status D:\xampp\htdocs\Attendance\Application\Runtime\Cache\Home\3692e44518463d0af4f250fbdd61fd8d.php 第 65 行.
NOTIC: [8] Undefined index: start D:\xampp\htdocs\Attendance\Application\Runtime\Cache\Home\3692e44518463d0af4f250fbdd61fd8d.php 第 62 行.
NOTIC: [8] Undefined index: end D:\xampp\htdocs\Attendance\Application\Runtime\Cache\Home\3692e44518463d0af4f250fbdd61fd8d.php 第 63 行.
NOTIC: [8] Undefined index: day D:\xampp\htdocs\Attendance\Application\Runtime\Cache\Home\3692e44518463d0af4f250fbdd61fd8d.php 第 64 行.
NOTIC: [8] Undefined index: status D:\xampp\htdocs\Attendance\Application\Runtime\Cache\Home\3692e44518463d0af4f250fbdd61fd8d.php 第 65 行.
NOTIC: [8] Undefined index: start D:\xampp\htdocs\Attendance\Application\Runtime\Cache\Home\3692e44518463d0af4f250fbdd61fd8d.php 第 62 行.
NOTIC: [8] Undefined index: end D:\xampp\htdocs\Attendance\Application\Runtime\Cache\Home\3692e44518463d0af4f250fbdd61fd8d.php 第 63 行.
NOTIC: [8] Undefined index: day D:\xampp\htdocs\Attendance\Application\Runtime\Cache\Home\3692e44518463d0af4f250fbdd61fd8d.php 第 64 行.
NOTIC: [8] Undefined index: status D:\xampp\htdocs\Attendance\Application\Runtime\Cache\Home\3692e44518463d0af4f250fbdd61fd8d.php 第 65 行.
NOTIC: [8] Undefined index: start D:\xampp\htdocs\Attendance\Application\Runtime\Cache\Home\3692e44518463d0af4f250fbdd61fd8d.php 第 62 行.
NOTIC: [8] Undefined index: end D:\xampp\htdocs\Attendance\Application\Runtime\Cache\Home\3692e44518463d0af4f250fbdd61fd8d.php 第 63 行.
NOTIC: [8] Undefined index: day D:\xampp\htdocs\Attendance\Application\Runtime\Cache\Home\3692e44518463d0af4f250fbdd61fd8d.php 第 64 行.
NOTIC: [8] Undefined index: status D:\xampp\htdocs\Attendance\Application\Runtime\Cache\Home\3692e44518463d0af4f250fbdd61fd8d.php 第 65 行.
NOTIC: [8] Undefined index: start D:\xampp\htdocs\Attendance\Application\Runtime\Cache\Home\3692e44518463d0af4f250fbdd61fd8d.php 第 62 行.
NOTIC: [8] Undefined index: end D:\xampp\htdocs\Attendance\Application\Runtime\Cache\Home\3692e44518463d0af4f250fbdd61fd8d.php 第 63 行.
NOTIC: [8] Undefined index: day D:\xampp\htdocs\Attendance\Application\Runtime\Cache\Home\3692e44518463d0af4f250fbdd61fd8d.php 第 64 行.
NOTIC: [8] Undefined index: status D:\xampp\htdocs\Attendance\Application\Runtime\Cache\Home\3692e44518463d0af4f250fbdd61fd8d.php 第 65 行.
NOTIC: [8] Undefined index: start D:\xampp\htdocs\Attendance\Application\Runtime\Cache\Home\3692e44518463d0af4f250fbdd61fd8d.php 第 62 行.
NOTIC: [8] Undefined index: end D:\xampp\htdocs\Attendance\Application\Runtime\Cache\Home\3692e44518463d0af4f250fbdd61fd8d.php 第 63 行.
NOTIC: [8] Undefined index: day D:\xampp\htdocs\Attendance\Application\Runtime\Cache\Home\3692e44518463d0af4f250fbdd61fd8d.php 第 64 行.
NOTIC: [8] Undefined index: status D:\xampp\htdocs\Attendance\Application\Runtime\Cache\Home\3692e44518463d0af4f250fbdd61fd8d.php 第 65 行.
NOTIC: [8] Undefined index: start D:\xampp\htdocs\Attendance\Application\Runtime\Cache\Home\3692e44518463d0af4f250fbdd61fd8d.php 第 62 行.
NOTIC: [8] Undefined index: end D:\xampp\htdocs\Attendance\Application\Runtime\Cache\Home\3692e44518463d0af4f250fbdd61fd8d.php 第 63 行.
NOTIC: [8] Undefined index: day D:\xampp\htdocs\Attendance\Application\Runtime\Cache\Home\3692e44518463d0af4f250fbdd61fd8d.php 第 64 行.
NOTIC: [8] Undefined index: status D:\xampp\htdocs\Attendance\Application\Runtime\Cache\Home\3692e44518463d0af4f250fbdd61fd8d.php 第 65 行.
NOTIC: [8] Undefined index: start D:\xampp\htdocs\Attendance\Application\Runtime\Cache\Home\3692e44518463d0af4f250fbdd61fd8d.php 第 62 行.
NOTIC: [8] Undefined index: end D:\xampp\htdocs\Attendance\Application\Runtime\Cache\Home\3692e44518463d0af4f250fbdd61fd8d.php 第 63 行.
NOTIC: [8] Undefined index: day D:\xampp\htdocs\Attendance\Application\Runtime\Cache\Home\3692e44518463d0af4f250fbdd61fd8d.php 第 64 行.
NOTIC: [8] Undefined index: status D:\xampp\htdocs\Attendance\Application\Runtime\Cache\Home\3692e44518463d0af4f250fbdd61fd8d.php 第 65 行.
NOTIC: [8] Undefined index: start D:\xampp\htdocs\Attendance\Application\Runtime\Cache\Home\3692e44518463d0af4f250fbdd61fd8d.php 第 62 行.
NOTIC: [8] Undefined index: end D:\xampp\htdocs\Attendance\Application\Runtime\Cache\Home\3692e44518463d0af4f250fbdd61fd8d.php 第 63 行.
NOTIC: [8] Undefined index: day D:\xampp\htdocs\Attendance\Application\Runtime\Cache\Home\3692e44518463d0af4f250fbdd61fd8d.php 第 64 行.
NOTIC: [8] Undefined index: status D:\xampp\htdocs\Attendance\Application\Runtime\Cache\Home\3692e44518463d0af4f250fbdd61fd8d.php 第 65 行.
INFO: Run Behavior\ParseTemplateBehavior [ RunTime:0.029137s ]
INFO: [ view_parse ] --END-- [ RunTime:0.029172s ]
INFO: [ view_filter ] --START--
INFO: Run Behavior\WriteHtmlCacheBehavior [ RunTime:0.000321s ]
INFO: [ view_filter ] --END-- [ RunTime:0.000357s ]
INFO: [ app_end ] --START--
INFO: Run Behavior\ShowPageTraceBehavior [ RunTime:0.000506s ]
INFO: [ app_end ] --END-- [ RunTime:0.000528s ]

[ 2018-05-30T19:58:42+08:00 ] 127.0.0.1 /index.php/Home/User/kaoqin
INFO: [ app_init ] --START--
INFO: Run Behavior\BuildLiteBehavior [ RunTime:0.000010s ]
INFO: [ app_init ] --END-- [ RunTime:0.000413s ]
INFO: [ app_begin ] --START--
INFO: Run Behavior\ReadHtmlCacheBehavior [ RunTime:0.000609s ]
INFO: [ app_begin ] --END-- [ RunTime:0.000648s ]
INFO: [ view_parse ] --START--
INFO: [ template_filter ] --START--
INFO: Run Behavior\ContentReplaceBehavior [ RunTime:0.000038s ]
INFO: [ template_filter ] --END-- [ RunTime:0.000074s ]
INFO: Run Behavior\ParseTemplateBehavior [ RunTime:0.022472s ]
INFO: [ view_parse ] --END-- [ RunTime:0.022517s ]
INFO: [ view_filter ] --START--
INFO: Run Behavior\WriteHtmlCacheBehavior [ RunTime:0.000428s ]
INFO: [ view_filter ] --END-- [ RunTime:0.000459s ]
INFO: [ app_end ] --START--
INFO: Run Behavior\ShowPageTraceBehavior [ RunTime:0.000589s ]
INFO: [ app_end ] --END-- [ RunTime:0.000620s ]

[ 2018-05-30T19:58:42+08:00 ] 127.0.0.1 /index.php/Home/KaoqinInfo
INFO: [ app_init ] --START--
INFO: Run Behavior\BuildLiteBehavior [ RunTime:0.000008s ]
INFO: [ app_init ] --END-- [ RunTime:0.000314s ]
INFO: [ app_begin ] --START--
INFO: Run Behavior\ReadHtmlCacheBehavior [ RunTime:0.000424s ]
INFO: [ app_begin ] --END-- [ RunTime:0.000461s ]
NOTIC: [2] Declaration of Home\Model\UserModel::check($work_id, $password) should be compatible with Think\Model::check($value, $rule, $type = 'regex') D:\xampp\htdocs\Attendance\Application\Home\Model\UserModel.class.php 第 6 行.
SQL: SHOW COLUMNS FROM `user` [ RunTime:0.0182s ]
SQL: SHOW COLUMNS FROM `dep_info` [ RunTime:0.0143s ]
SQL: SHOW COLUMNS FROM `job_info` [ RunTime:0.0091s ]
SQL: SHOW COLUMNS FROM `kaoqin` [ RunTime:0.0095s ]
SQL: SELECT * from user [ RunTime:0.0004s ]
SQL: select * from job_info [ RunTime:0.0002s ]
SQL: select * from dep_info [ RunTime:0.0002s ]
SQL: select * from kaoqin [ RunTime:0.0002s ]
INFO: [ view_parse ] --START--
INFO: [ template_filter ] --START--
INFO: Run Behavior\ContentReplaceBehavior [ RunTime:0.000111s ]
INFO: [ template_filter ] --END-- [ RunTime:0.000158s ]
NOTIC: [8] Undefined index: start D:\xampp\htdocs\Attendance\Application\Runtime\Cache\Home\3692e44518463d0af4f250fbdd61fd8d.php 第 62 行.
NOTIC: [8] Undefined index: end D:\xampp\htdocs\Attendance\Application\Runtime\Cache\Home\3692e44518463d0af4f250fbdd61fd8d.php 第 63 行.
NOTIC: [8] Undefined index: day D:\xampp\htdocs\Attendance\Application\Runtime\Cache\Home\3692e44518463d0af4f250fbdd61fd8d.php 第 64 行.
NOTIC: [8] Undefined index: status D:\xampp\htdocs\Attendance\Application\Runtime\Cache\Home\3692e44518463d0af4f250fbdd61fd8d.php 第 65 行.
NOTIC: [8] Undefined index: start D:\xampp\htdocs\Attendance\Application\Runtime\Cache\Home\3692e44518463d0af4f250fbdd61fd8d.php 第 62 行.
NOTIC: [8] Undefined index: end D:\xampp\htdocs\Attendance\Application\Runtime\Cache\Home\3692e44518463d0af4f250fbdd61fd8d.php 第 63 行.
NOTIC: [8] Undefined index: day D:\xampp\htdocs\Attendance\Application\Runtime\Cache\Home\3692e44518463d0af4f250fbdd61fd8d.php 第 64 行.
NOTIC: [8] Undefined index: status D:\xampp\htdocs\Attendance\Application\Runtime\Cache\Home\3692e44518463d0af4f250fbdd61fd8d.php 第 65 行.
NOTIC: [8] Undefined index: start D:\xampp\htdocs\Attendance\Application\Runtime\Cache\Home\3692e44518463d0af4f250fbdd61fd8d.php 第 62 行.
NOTIC: [8] Undefined index: end D:\xampp\htdocs\Attendance\Application\Runtime\Cache\Home\3692e44518463d0af4f250fbdd61fd8d.php 第 63 行.
NOTIC: [8] Undefined index: day D:\xampp\htdocs\Attendance\Application\Runtime\Cache\Home\3692e44518463d0af4f250fbdd61fd8d.php 第 64 行.
NOTIC: [8] Undefined index: status D:\xampp\htdocs\Attendance\Application\Runtime\Cache\Home\3692e44518463d0af4f250fbdd61fd8d.php 第 65 行.
NOTIC: [8] Undefined index: start D:\xampp\htdocs\Attendance\Application\Runtime\Cache\Home\3692e44518463d0af4f250fbdd61fd8d.php 第 62 行.
NOTIC: [8] Undefined index: end D:\xampp\htdocs\Attendance\Application\Runtime\Cache\Home\3692e44518463d0af4f250fbdd61fd8d.php 第 63 行.
NOTIC: [8] Undefined index: day D:\xampp\htdocs\Attendance\Application\Runtime\Cache\Home\3692e44518463d0af4f250fbdd61fd8d.php 第 64 行.
NOTIC: [8] Undefined index: status D:\xampp\htdocs\Attendance\Application\Runtime\Cache\Home\3692e44518463d0af4f250fbdd61fd8d.php 第 65 行.
NOTIC: [8] Undefined index: start D:\xampp\htdocs\Attendance\Application\Runtime\Cache\Home\3692e44518463d0af4f250fbdd61fd8d.php 第 62 行.
NOTIC: [8] Undefined index: end D:\xampp\htdocs\Attendance\Application\Runtime\Cache\Home\3692e44518463d0af4f250fbdd61fd8d.php 第 63 行.
NOTIC: [8] Undefined index: day D:\xampp\htdocs\Attendance\Application\Runtime\Cache\Home\3692e44518463d0af4f250fbdd61fd8d.php 第 64 行.
NOTIC: [8] Undefined index: status D:\xampp\htdocs\Attendance\Application\Runtime\Cache\Home\3692e44518463d0af4f250fbdd61fd8d.php 第 65 行.
NOTIC: [8] Undefined index: start D:\xampp\htdocs\Attendance\Application\Runtime\Cache\Home\3692e44518463d0af4f250fbdd61fd8d.php 第 62 行.
NOTIC: [8] Undefined index: end D:\xampp\htdocs\Attendance\Application\Runtime\Cache\Home\3692e44518463d0af4f250fbdd61fd8d.php 第 63 行.
NOTIC: [8] Undefined index: day D:\xampp\htdocs\Attendance\Application\Runtime\Cache\Home\3692e44518463d0af4f250fbdd61fd8d.php 第 64 行.
NOTIC: [8] Undefined index: status D:\xampp\htdocs\Attendance\Application\Runtime\Cache\Home\3692e44518463d0af4f250fbdd61fd8d.php 第 65 行.
NOTIC: [8] Undefined index: start D:\xampp\htdocs\Attendance\Application\Runtime\Cache\Home\3692e44518463d0af4f250fbdd61fd8d.php 第 62 行.
NOTIC: [8] Undefined index: end D:\xampp\htdocs\Attendance\Application\Runtime\Cache\Home\3692e44518463d0af4f250fbdd61fd8d.php 第 63 行.
NOTIC: [8] Undefined index: day D:\xampp\htdocs\Attendance\Application\Runtime\Cache\Home\3692e44518463d0af4f250fbdd61fd8d.php 第 64 行.
NOTIC: [8] Undefined index: status D:\xampp\htdocs\Attendance\Application\Runtime\Cache\Home\3692e44518463d0af4f250fbdd61fd8d.php 第 65 行.
NOTIC: [8] Undefined index: start D:\xampp\htdocs\Attendance\Application\Runtime\Cache\Home\3692e44518463d0af4f250fbdd61fd8d.php 第 62 行.
NOTIC: [8] Undefined index: end D:\xampp\htdocs\Attendance\Application\Runtime\Cache\Home\3692e44518463d0af4f250fbdd61fd8d.php 第 63 行.
NOTIC: [8] Undefined index: day D:\xampp\htdocs\Attendance\Application\Runtime\Cache\Home\3692e44518463d0af4f250fbdd61fd8d.php 第 64 行.
NOTIC: [8] Undefined index: status D:\xampp\htdocs\Attendance\Application\Runtime\Cache\Home\3692e44518463d0af4f250fbdd61fd8d.php 第 65 行.
NOTIC: [8] Undefined index: start D:\xampp\htdocs\Attendance\Application\Runtime\Cache\Home\3692e44518463d0af4f250fbdd61fd8d.php 第 62 行.
NOTIC: [8] Undefined index: end D:\xampp\htdocs\Attendance\Application\Runtime\Cache\Home\3692e44518463d0af4f250fbdd61fd8d.php 第 63 行.
NOTIC: [8] Undefined index: day D:\xampp\htdocs\Attendance\Application\Runtime\Cache\Home\3692e44518463d0af4f250fbdd61fd8d.php 第 64 行.
NOTIC: [8] Undefined index: status D:\xampp\htdocs\Attendance\Application\Runtime\Cache\Home\3692e44518463d0af4f250fbdd61fd8d.php 第 65 行.
NOTIC: [8] Undefined index: start D:\xampp\htdocs\Attendance\Application\Runtime\Cache\Home\3692e44518463d0af4f250fbdd61fd8d.php 第 62 行.
NOTIC: [8] Undefined index: end D:\xampp\htdocs\Attendance\Application\Runtime\Cache\Home\3692e44518463d0af4f250fbdd61fd8d.php 第 63 行.
NOTIC: [8] Undefined index: day D:\xampp\htdocs\Attendance\Application\Runtime\Cache\Home\3692e44518463d0af4f250fbdd61fd8d.php 第 64 行.
NOTIC: [8] Undefined index: status D:\xampp\htdocs\Attendance\Application\Runtime\Cache\Home\3692e44518463d0af4f250fbdd61fd8d.php 第 65 行.
INFO: Run Behavior\ParseTemplateBehavior [ RunTime:0.007319s ]
INFO: [ view_parse ] --END-- [ RunTime:0.007355s ]
INFO: [ view_filter ] --START--
INFO: Run Behavior\WriteHtmlCacheBehavior [ RunTime:0.000335s ]
INFO: [ view_filter ] --END-- [ RunTime:0.000365s ]
INFO: [ app_end ] --START--
INFO: Run Behavior\ShowPageTraceBehavior [ RunTime:0.000586s ]
INFO: [ app_end ] --END-- [ RunTime:0.000617s ]

[ 2018-05-30T19:58:45+08:00 ] 127.0.0.1 /index.php/Home/UserInfo
INFO: [ app_init ] --START--
INFO: Run Behavior\BuildLiteBehavior [ RunTime:0.000010s ]
INFO: [ app_init ] --END-- [ RunTime:0.000408s ]
INFO: [ app_begin ] --START--
INFO: Run Behavior\ReadHtmlCacheBehavior [ RunTime:0.001427s ]
INFO: [ app_begin ] --END-- [ RunTime:0.001497s ]
NOTIC: [2] Declaration of Home\Model\UserModel::check($work_id, $password) should be compatible with Think\Model::check($value, $rule, $type = 'regex') D:\xampp\htdocs\Attendance\Application\Home\Model\UserModel.class.php 第 6 行.
SQL: SHOW COLUMNS FROM `user` [ RunTime:0.0167s ]
SQL: SHOW COLUMNS FROM `dep_info` [ RunTime:0.0101s ]
SQL: SHOW COLUMNS FROM `job_info` [ RunTime:0.0169s ]
SQL: SHOW COLUMNS FROM `kaoqin` [ RunTime:0.0205s ]
SQL: SELECT * from user [ RunTime:0.0004s ]
SQL: select * from job_info [ RunTime:0.0002s ]
SQL: select * from dep_info [ RunTime:0.0002s ]
SQL: select * from kaoqin [ RunTime:0.0002s ]
INFO: [ view_parse ] --START--
INFO: [ template_filter ] --START--
INFO: Run Behavior\ContentReplaceBehavior [ RunTime:0.000041s ]
INFO: [ template_filter ] --END-- [ RunTime:0.000077s ]
INFO: Run Behavior\ParseTemplateBehavior [ RunTime:0.066898s ]
INFO: [ view_parse ] --END-- [ RunTime:0.066959s ]
INFO: [ view_filter ] --START--
INFO: Run Behavior\WriteHtmlCacheBehavior [ RunTime:0.000317s ]
INFO: [ view_filter ] --END-- [ RunTime:0.000345s ]
INFO: [ app_end ] --START--
INFO: Run Behavior\ShowPageTraceBehavior [ RunTime:0.000643s ]
INFO: [ app_end ] --END-- [ RunTime:0.000681s ]

[ 2018-05-30T19:58:46+08:00 ] 127.0.0.1 /index.php/Home/KaoqinInfo
INFO: [ app_init ] --START--
INFO: Run Behavior\BuildLiteBehavior [ RunTime:0.000008s ]
INFO: [ app_init ] --END-- [ RunTime:0.000332s ]
INFO: [ app_begin ] --START--
INFO: Run Behavior\ReadHtmlCacheBehavior [ RunTime:0.000459s ]
INFO: [ app_begin ] --END-- [ RunTime:0.000492s ]
NOTIC: [2] Declaration of Home\Model\UserModel::check($work_id, $password) should be compatible with Think\Model::check($value, $rule, $type = 'regex') D:\xampp\htdocs\Attendance\Application\Home\Model\UserModel.class.php 第 6 行.
SQL: SHOW COLUMNS FROM `user` [ RunTime:0.0192s ]
SQL: SHOW COLUMNS FROM `dep_info` [ RunTime:0.0110s ]
SQL: SHOW COLUMNS FROM `job_info` [ RunTime:0.0107s ]
SQL: SHOW COLUMNS FROM `kaoqin` [ RunTime:0.0094s ]
SQL: SELECT * from user [ RunTime:0.0004s ]
SQL: select * from job_info [ RunTime:0.0002s ]
SQL: select * from dep_info [ RunTime:0.0002s ]
SQL: select * from kaoqin [ RunTime:0.0002s ]
INFO: [ view_parse ] --START--
INFO: [ template_filter ] --START--
INFO: Run Behavior\ContentReplaceBehavior [ RunTime:0.000043s ]
INFO: [ template_filter ] --END-- [ RunTime:0.000091s ]
NOTIC: [8] Undefined index: start D:\xampp\htdocs\Attendance\Application\Runtime\Cache\Home\3692e44518463d0af4f250fbdd61fd8d.php 第 62 行.
NOTIC: [8] Undefined index: end D:\xampp\htdocs\Attendance\Application\Runtime\Cache\Home\3692e44518463d0af4f250fbdd61fd8d.php 第 63 行.
NOTIC: [8] Undefined index: day D:\xampp\htdocs\Attendance\Application\Runtime\Cache\Home\3692e44518463d0af4f250fbdd61fd8d.php 第 64 行.
NOTIC: [8] Undefined index: status D:\xampp\htdocs\Attendance\Application\Runtime\Cache\Home\3692e44518463d0af4f250fbdd61fd8d.php 第 65 行.
NOTIC: [8] Undefined index: start D:\xampp\htdocs\Attendance\Application\Runtime\Cache\Home\3692e44518463d0af4f250fbdd61fd8d.php 第 62 行.
NOTIC: [8] Undefined index: end D:\xampp\htdocs\Attendance\Application\Runtime\Cache\Home\3692e44518463d0af4f250fbdd61fd8d.php 第 63 行.
NOTIC: [8] Undefined index: day D:\xampp\htdocs\Attendance\Application\Runtime\Cache\Home\3692e44518463d0af4f250fbdd61fd8d.php 第 64 行.
NOTIC: [8] Undefined index: status D:\xampp\htdocs\Attendance\Application\Runtime\Cache\Home\3692e44518463d0af4f250fbdd61fd8d.php 第 65 行.
NOTIC: [8] Undefined index: start D:\xampp\htdocs\Attendance\Application\Runtime\Cache\Home\3692e44518463d0af4f250fbdd61fd8d.php 第 62 行.
NOTIC: [8] Undefined index: end D:\xampp\htdocs\Attendance\Application\Runtime\Cache\Home\3692e44518463d0af4f250fbdd61fd8d.php 第 63 行.
NOTIC: [8] Undefined index: day D:\xampp\htdocs\Attendance\Application\Runtime\Cache\Home\3692e44518463d0af4f250fbdd61fd8d.php 第 64 行.
NOTIC: [8] Undefined index: status D:\xampp\htdocs\Attendance\Application\Runtime\Cache\Home\3692e44518463d0af4f250fbdd61fd8d.php 第 65 行.
NOTIC: [8] Undefined index: start D:\xampp\htdocs\Attendance\Application\Runtime\Cache\Home\3692e44518463d0af4f250fbdd61fd8d.php 第 62 行.
NOTIC: [8] Undefined index: end D:\xampp\htdocs\Attendance\Application\Runtime\Cache\Home\3692e44518463d0af4f250fbdd61fd8d.php 第 63 行.
NOTIC: [8] Undefined index: day D:\xampp\htdocs\Attendance\Application\Runtime\Cache\Home\3692e44518463d0af4f250fbdd61fd8d.php 第 64 行.
NOTIC: [8] Undefined index: status D:\xampp\htdocs\Attendance\Application\Runtime\Cache\Home\3692e44518463d0af4f250fbdd61fd8d.php 第 65 行.
NOTIC: [8] Undefined index: start D:\xampp\htdocs\Attendance\Application\Runtime\Cache\Home\3692e44518463d0af4f250fbdd61fd8d.php 第 62 行.
NOTIC: [8] Undefined index: end D:\xampp\htdocs\Attendance\Application\Runtime\Cache\Home\3692e44518463d0af4f250fbdd61fd8d.php 第 63 行.
NOTIC: [8] Undefined index: day D:\xampp\htdocs\Attendance\Application\Runtime\Cache\Home\3692e44518463d0af4f250fbdd61fd8d.php 第 64 行.
NOTIC: [8] Undefined index: status D:\xampp\htdocs\Attendance\Application\Runtime\Cache\Home\3692e44518463d0af4f250fbdd61fd8d.php 第 65 行.
NOTIC: [8] Undefined index: start D:\xampp\htdocs\Attendance\Application\Runtime\Cache\Home\3692e44518463d0af4f250fbdd61fd8d.php 第 62 行.
NOTIC: [8] Undefined index: end D:\xampp\htdocs\Attendance\Application\Runtime\Cache\Home\3692e44518463d0af4f250fbdd61fd8d.php 第 63 行.
NOTIC: [8] Undefined index: day D:\xampp\htdocs\Attendance\Application\Runtime\Cache\Home\3692e44518463d0af4f250fbdd61fd8d.php 第 64 行.
NOTIC: [8] Undefined index: status D:\xampp\htdocs\Attendance\Application\Runtime\Cache\Home\3692e44518463d0af4f250fbdd61fd8d.php 第 65 行.
NOTIC: [8] Undefined index: start D:\xampp\htdocs\Attendance\Application\Runtime\Cache\Home\3692e44518463d0af4f250fbdd61fd8d.php 第 62 行.
NOTIC: [8] Undefined index: end D:\xampp\htdocs\Attendance\Application\Runtime\Cache\Home\3692e44518463d0af4f250fbdd61fd8d.php 第 63 行.
NOTIC: [8] Undefined index: day D:\xampp\htdocs\Attendance\Application\Runtime\Cache\Home\3692e44518463d0af4f250fbdd61fd8d.php 第 64 行.
NOTIC: [8] Undefined index: status D:\xampp\htdocs\Attendance\Application\Runtime\Cache\Home\3692e44518463d0af4f250fbdd61fd8d.php 第 65 行.
NOTIC: [8] Undefined index: start D:\xampp\htdocs\Attendance\Application\Runtime\Cache\Home\3692e44518463d0af4f250fbdd61fd8d.php 第 62 行.
NOTIC: [8] Undefined index: end D:\xampp\htdocs\Attendance\Application\Runtime\Cache\Home\3692e44518463d0af4f250fbdd61fd8d.php 第 63 行.
NOTIC: [8] Undefined index: day D:\xampp\htdocs\Attendance\Application\Runtime\Cache\Home\3692e44518463d0af4f250fbdd61fd8d.php 第 64 行.
NOTIC: [8] Undefined index: status D:\xampp\htdocs\Attendance\Application\Runtime\Cache\Home\3692e44518463d0af4f250fbdd61fd8d.php 第 65 行.
NOTIC: [8] Undefined index: start D:\xampp\htdocs\Attendance\Application\Runtime\Cache\Home\3692e44518463d0af4f250fbdd61fd8d.php 第 62 行.
NOTIC: [8] Undefined index: end D:\xampp\htdocs\Attendance\Application\Runtime\Cache\Home\3692e44518463d0af4f250fbdd61fd8d.php 第 63 行.
NOTIC: [8] Undefined index: day D:\xampp\htdocs\Attendance\Application\Runtime\Cache\Home\3692e44518463d0af4f250fbdd61fd8d.php 第 64 行.
NOTIC: [8] Undefined index: status D:\xampp\htdocs\Attendance\Application\Runtime\Cache\Home\3692e44518463d0af4f250fbdd61fd8d.php 第 65 行.
NOTIC: [8] Undefined index: start D:\xampp\htdocs\Attendance\Application\Runtime\Cache\Home\3692e44518463d0af4f250fbdd61fd8d.php 第 62 行.
NOTIC: [8] Undefined index: end D:\xampp\htdocs\Attendance\Application\Runtime\Cache\Home\3692e44518463d0af4f250fbdd61fd8d.php 第 63 行.
NOTIC: [8] Undefined index: day D:\xampp\htdocs\Attendance\Application\Runtime\Cache\Home\3692e44518463d0af4f250fbdd61fd8d.php 第 64 行.
NOTIC: [8] Undefined index: status D:\xampp\htdocs\Attendance\Application\Runtime\Cache\Home\3692e44518463d0af4f250fbdd61fd8d.php 第 65 行.
INFO: Run Behavior\ParseTemplateBehavior [ RunTime:0.007318s ]
INFO: [ view_parse ] --END-- [ RunTime:0.007357s ]
INFO: [ view_filter ] --START--
INFO: Run Behavior\WriteHtmlCacheBehavior [ RunTime:0.000307s ]
INFO: [ view_filter ] --END-- [ RunTime:0.000336s ]
INFO: [ app_end ] --START--
INFO: Run Behavior\ShowPageTraceBehavior [ RunTime:0.000617s ]
INFO: [ app_end ] --END-- [ RunTime:0.000648s ]

[ 2018-05-30T20:52:56+08:00 ] 127.0.0.1 /index.php/Home/UserInfo
INFO: [ app_init ] --START--
INFO: Run Behavior\BuildLiteBehavior [ RunTime:0.000011s ]
INFO: [ app_init ] --END-- [ RunTime:0.000400s ]
INFO: [ app_begin ] --START--
INFO: Run Behavior\ReadHtmlCacheBehavior [ RunTime:0.000664s ]
INFO: [ app_begin ] --END-- [ RunTime:0.000705s ]
NOTIC: [2] Declaration of Home\Model\UserModel::check($work_id, $password) should be compatible with Think\Model::check($value, $rule, $type = 'regex') D:\xampp\htdocs\Attendance\Application\Home\Model\UserModel.class.php 第 6 行.
SQL: SHOW COLUMNS FROM `user` [ RunTime:0.0154s ]
SQL: SHOW COLUMNS FROM `dep_info` [ RunTime:0.0171s ]
SQL: SHOW COLUMNS FROM `job_info` [ RunTime:0.0209s ]
SQL: SHOW COLUMNS FROM `kaoqin` [ RunTime:0.0088s ]
SQL: SELECT * from user [ RunTime:0.0005s ]
SQL: select * from job_info [ RunTime:0.0002s ]
SQL: select * from dep_info [ RunTime:0.0002s ]
SQL: select * from kaoqin [ RunTime:0.0002s ]
INFO: [ view_parse ] --START--
INFO: [ template_filter ] --START--
INFO: Run Behavior\ContentReplaceBehavior [ RunTime:0.000046s ]
INFO: [ template_filter ] --END-- [ RunTime:0.000088s ]
INFO: Run Behavior\ParseTemplateBehavior [ RunTime:0.006952s ]
INFO: [ view_parse ] --END-- [ RunTime:0.006992s ]
INFO: [ view_filter ] --START--
INFO: Run Behavior\WriteHtmlCacheBehavior [ RunTime:0.000340s ]
INFO: [ view_filter ] --END-- [ RunTime:0.000363s ]
INFO: [ app_end ] --START--
INFO: Run Behavior\ShowPageTraceBehavior [ RunTime:0.000633s ]
INFO: [ app_end ] --END-- [ RunTime:0.000677s ]

[ 2018-05-30T20:52:58+08:00 ] 127.0.0.1 /index.php/Home/User/add
INFO: [ app_init ] --START--
INFO: Run Behavior\BuildLiteBehavior [ RunTime:0.000012s ]
INFO: [ app_init ] --END-- [ RunTime:0.000425s ]
INFO: [ app_begin ] --START--
INFO: Run Behavior\ReadHtmlCacheBehavior [ RunTime:0.000445s ]
INFO: [ app_begin ] --END-- [ RunTime:0.000478s ]
INFO: [ view_parse ] --START--
INFO: [ template_filter ] --START--
INFO: Run Behavior\ContentReplaceBehavior [ RunTime:0.000034s ]
INFO: [ template_filter ] --END-- [ RunTime:0.000066s ]
INFO: Run Behavior\ParseTemplateBehavior [ RunTime:0.031656s ]
INFO: [ view_parse ] --END-- [ RunTime:0.031698s ]
INFO: [ view_filter ] --START--
INFO: Run Behavior\WriteHtmlCacheBehavior [ RunTime:0.000259s ]
INFO: [ view_filter ] --END-- [ RunTime:0.000281s ]
INFO: [ app_end ] --START--
INFO: Run Behavior\ShowPageTraceBehavior [ RunTime:0.000728s ]
INFO: [ app_end ] --END-- [ RunTime:0.000766s ]

[ 2018-05-30T20:53:15+08:00 ] 127.0.0.1 /index.php/Home/KaoqinInfo
INFO: [ app_init ] --START--
INFO: Run Behavior\BuildLiteBehavior [ RunTime:0.000013s ]
INFO: [ app_init ] --END-- [ RunTime:0.000399s ]
INFO: [ app_begin ] --START--
INFO: Run Behavior\ReadHtmlCacheBehavior [ RunTime:0.000492s ]
INFO: [ app_begin ] --END-- [ RunTime:0.000526s ]
NOTIC: [2] Declaration of Home\Model\UserModel::check($work_id, $password) should be compatible with Think\Model::check($value, $rule, $type = 'regex') D:\xampp\htdocs\Attendance\Application\Home\Model\UserModel.class.php 第 6 行.
SQL: SHOW COLUMNS FROM `user` [ RunTime:0.0148s ]
SQL: SHOW COLUMNS FROM `dep_info` [ RunTime:0.0089s ]
SQL: SHOW COLUMNS FROM `job_info` [ RunTime:0.0084s ]
SQL: SHOW COLUMNS FROM `kaoqin` [ RunTime:0.0089s ]
SQL: SELECT * from user [ RunTime:0.0004s ]
SQL: select * from job_info [ RunTime:0.0002s ]
SQL: select * from dep_info [ RunTime:0.0002s ]
SQL: select * from kaoqin [ RunTime:0.0002s ]
INFO: [ view_parse ] --START--
INFO: [ template_filter ] --START--
INFO: Run Behavior\ContentReplaceBehavior [ RunTime:0.000030s ]
INFO: [ template_filter ] --END-- [ RunTime:0.000057s ]
NOTIC: [8] Undefined index: start D:\xampp\htdocs\Attendance\Application\Runtime\Cache\Home\3692e44518463d0af4f250fbdd61fd8d.php 第 62 行.
NOTIC: [8] Undefined index: end D:\xampp\htdocs\Attendance\Application\Runtime\Cache\Home\3692e44518463d0af4f250fbdd61fd8d.php 第 63 行.
NOTIC: [8] Undefined index: day D:\xampp\htdocs\Attendance\Application\Runtime\Cache\Home\3692e44518463d0af4f250fbdd61fd8d.php 第 64 行.
NOTIC: [8] Undefined index: status D:\xampp\htdocs\Attendance\Application\Runtime\Cache\Home\3692e44518463d0af4f250fbdd61fd8d.php 第 65 行.
NOTIC: [8] Undefined index: start D:\xampp\htdocs\Attendance\Application\Runtime\Cache\Home\3692e44518463d0af4f250fbdd61fd8d.php 第 62 行.
NOTIC: [8] Undefined index: end D:\xampp\htdocs\Attendance\Application\Runtime\Cache\Home\3692e44518463d0af4f250fbdd61fd8d.php 第 63 行.
NOTIC: [8] Undefined index: day D:\xampp\htdocs\Attendance\Application\Runtime\Cache\Home\3692e44518463d0af4f250fbdd61fd8d.php 第 64 行.
NOTIC: [8] Undefined index: status D:\xampp\htdocs\Attendance\Application\Runtime\Cache\Home\3692e44518463d0af4f250fbdd61fd8d.php 第 65 行.
NOTIC: [8] Undefined index: start D:\xampp\htdocs\Attendance\Application\Runtime\Cache\Home\3692e44518463d0af4f250fbdd61fd8d.php 第 62 行.
NOTIC: [8] Undefined index: end D:\xampp\htdocs\Attendance\Application\Runtime\Cache\Home\3692e44518463d0af4f250fbdd61fd8d.php 第 63 行.
NOTIC: [8] Undefined index: day D:\xampp\htdocs\Attendance\Application\Runtime\Cache\Home\3692e44518463d0af4f250fbdd61fd8d.php 第 64 行.
NOTIC: [8] Undefined index: status D:\xampp\htdocs\Attendance\Application\Runtime\Cache\Home\3692e44518463d0af4f250fbdd61fd8d.php 第 65 行.
NOTIC: [8] Undefined index: start D:\xampp\htdocs\Attendance\Application\Runtime\Cache\Home\3692e44518463d0af4f250fbdd61fd8d.php 第 62 行.
NOTIC: [8] Undefined index: end D:\xampp\htdocs\Attendance\Application\Runtime\Cache\Home\3692e44518463d0af4f250fbdd61fd8d.php 第 63 行.
NOTIC: [8] Undefined index: day D:\xampp\htdocs\Attendance\Application\Runtime\Cache\Home\3692e44518463d0af4f250fbdd61fd8d.php 第 64 行.
NOTIC: [8] Undefined index: status D:\xampp\htdocs\Attendance\Application\Runtime\Cache\Home\3692e44518463d0af4f250fbdd61fd8d.php 第 65 行.
NOTIC: [8] Undefined index: start D:\xampp\htdocs\Attendance\Application\Runtime\Cache\Home\3692e44518463d0af4f250fbdd61fd8d.php 第 62 行.
NOTIC: [8] Undefined index: end D:\xampp\htdocs\Attendance\Application\Runtime\Cache\Home\3692e44518463d0af4f250fbdd61fd8d.php 第 63 行.
NOTIC: [8] Undefined index: day D:\xampp\htdocs\Attendance\Application\Runtime\Cache\Home\3692e44518463d0af4f250fbdd61fd8d.php 第 64 行.
NOTIC: [8] Undefined index: status D:\xampp\htdocs\Attendance\Application\Runtime\Cache\Home\3692e44518463d0af4f250fbdd61fd8d.php 第 65 行.
NOTIC: [8] Undefined index: start D:\xampp\htdocs\Attendance\Application\Runtime\Cache\Home\3692e44518463d0af4f250fbdd61fd8d.php 第 62 行.
NOTIC: [8] Undefined index: end D:\xampp\htdocs\Attendance\Application\Runtime\Cache\Home\3692e44518463d0af4f250fbdd61fd8d.php 第 63 行.
NOTIC: [8] Undefined index: day D:\xampp\htdocs\Attendance\Application\Runtime\Cache\Home\3692e44518463d0af4f250fbdd61fd8d.php 第 64 行.
NOTIC: [8] Undefined index: status D:\xampp\htdocs\Attendance\Application\Runtime\Cache\Home\3692e44518463d0af4f250fbdd61fd8d.php 第 65 行.
NOTIC: [8] Undefined index: start D:\xampp\htdocs\Attendance\Application\Runtime\Cache\Home\3692e44518463d0af4f250fbdd61fd8d.php 第 62 行.
NOTIC: [8] Undefined index: end D:\xampp\htdocs\Attendance\Application\Runtime\Cache\Home\3692e44518463d0af4f250fbdd61fd8d.php 第 63 行.
NOTIC: [8] Undefined index: day D:\xampp\htdocs\Attendance\Application\Runtime\Cache\Home\3692e44518463d0af4f250fbdd61fd8d.php 第 64 行.
NOTIC: [8] Undefined index: status D:\xampp\htdocs\Attendance\Application\Runtime\Cache\Home\3692e44518463d0af4f250fbdd61fd8d.php 第 65 行.
NOTIC: [8] Undefined index: start D:\xampp\htdocs\Attendance\Application\Runtime\Cache\Home\3692e44518463d0af4f250fbdd61fd8d.php 第 62 行.
NOTIC: [8] Undefined index: end D:\xampp\htdocs\Attendance\Application\Runtime\Cache\Home\3692e44518463d0af4f250fbdd61fd8d.php 第 63 行.
NOTIC: [8] Undefined index: day D:\xampp\htdocs\Attendance\Application\Runtime\Cache\Home\3692e44518463d0af4f250fbdd61fd8d.php 第 64 行.
NOTIC: [8] Undefined index: status D:\xampp\htdocs\Attendance\Application\Runtime\Cache\Home\3692e44518463d0af4f250fbdd61fd8d.php 第 65 行.
NOTIC: [8] Undefined index: start D:\xampp\htdocs\Attendance\Application\Runtime\Cache\Home\3692e44518463d0af4f250fbdd61fd8d.php 第 62 行.
NOTIC: [8] Undefined index: end D:\xampp\htdocs\Attendance\Application\Runtime\Cache\Home\3692e44518463d0af4f250fbdd61fd8d.php 第 63 行.
NOTIC: [8] Undefined index: day D:\xampp\htdocs\Attendance\Application\Runtime\Cache\Home\3692e44518463d0af4f250fbdd61fd8d.php 第 64 行.
NOTIC: [8] Undefined index: status D:\xampp\htdocs\Attendance\Application\Runtime\Cache\Home\3692e44518463d0af4f250fbdd61fd8d.php 第 65 行.
NOTIC: [8] Undefined index: start D:\xampp\htdocs\Attendance\Application\Runtime\Cache\Home\3692e44518463d0af4f250fbdd61fd8d.php 第 62 行.
NOTIC: [8] Undefined index: end D:\xampp\htdocs\Attendance\Application\Runtime\Cache\Home\3692e44518463d0af4f250fbdd61fd8d.php 第 63 行.
NOTIC: [8] Undefined index: day D:\xampp\htdocs\Attendance\Application\Runtime\Cache\Home\3692e44518463d0af4f250fbdd61fd8d.php 第 64 行.
NOTIC: [8] Undefined index: status D:\xampp\htdocs\Attendance\Application\Runtime\Cache\Home\3692e44518463d0af4f250fbdd61fd8d.php 第 65 行.
INFO: Run Behavior\ParseTemplateBehavior [ RunTime:0.016850s ]
INFO: [ view_parse ] --END-- [ RunTime:0.016879s ]
INFO: [ view_filter ] --START--
INFO: Run Behavior\WriteHtmlCacheBehavior [ RunTime:0.000228s ]
INFO: [ view_filter ] --END-- [ RunTime:0.000248s ]
INFO: [ app_end ] --START--
INFO: Run Behavior\ShowPageTraceBehavior [ RunTime:0.000425s ]
INFO: [ app_end ] --END-- [ RunTime:0.000446s ]

[ 2018-05-30T20:56:16+08:00 ] 127.0.0.1 /
INFO: [ app_init ] --START--
INFO: Run Behavior\BuildLiteBehavior [ RunTime:0.000009s ]
INFO: [ app_init ] --END-- [ RunTime:0.000340s ]
INFO: [ app_begin ] --START--
INFO: Run Behavior\ReadHtmlCacheBehavior [ RunTime:0.000528s ]
INFO: [ app_begin ] --END-- [ RunTime:0.000555s ]
INFO: [ view_parse ] --START--
INFO: [ template_filter ] --START--
INFO: Run Behavior\ContentReplaceBehavior [ RunTime:0.000025s ]
INFO: [ template_filter ] --END-- [ RunTime:0.000051s ]
INFO: Run Behavior\ParseTemplateBehavior [ RunTime:0.005490s ]
INFO: [ view_parse ] --END-- [ RunTime:0.005535s ]
INFO: [ view_filter ] --START--
INFO: Run Behavior\WriteHtmlCacheBehavior [ RunTime:0.000461s ]
INFO: [ view_filter ] --END-- [ RunTime:0.000492s ]
INFO: [ app_end ] --START--
INFO: Run Behavior\ShowPageTraceBehavior [ RunTime:0.000677s ]
INFO: [ app_end ] --END-- [ RunTime:0.000705s ]

[ 2018-05-30T21:01:28+08:00 ] 127.0.0.1 /index.php/Home/User
INFO: [ app_init ] --START--
INFO: Run Behavior\BuildLiteBehavior [ RunTime:0.000012s ]
INFO: [ app_init ] --END-- [ RunTime:0.000374s ]
INFO: [ app_begin ] --START--
INFO: Run Behavior\ReadHtmlCacheBehavior [ RunTime:0.000553s ]
INFO: [ app_begin ] --END-- [ RunTime:0.000583s ]
NOTIC: [2] Declaration of Home\Model\UserModel::check($work_id, $password) should be compatible with Think\Model::check($value, $rule, $type = 'regex') D:\xampp\htdocs\Attendance\Application\Home\Model\UserModel.class.php 第 6 行.
SQL: SHOW COLUMNS FROM `user` [ RunTime:0.0123s ]
SQL: SELECT `password` FROM `user` WHERE ( work_id = 2016214238 ) LIMIT 1   [ RunTime:0.0004s ]

[ 2018-05-30T21:01:29+08:00 ] 127.0.0.1 /index.php/Home/User/kaoqin
INFO: [ app_init ] --START--
INFO: Run Behavior\BuildLiteBehavior [ RunTime:0.000008s ]
INFO: [ app_init ] --END-- [ RunTime:0.000328s ]
INFO: [ app_begin ] --START--
INFO: Run Behavior\ReadHtmlCacheBehavior [ RunTime:0.000421s ]
INFO: [ app_begin ] --END-- [ RunTime:0.000447s ]
INFO: [ view_parse ] --START--
INFO: [ template_filter ] --START--
INFO: Run Behavior\ContentReplaceBehavior [ RunTime:0.000034s ]
INFO: [ template_filter ] --END-- [ RunTime:0.000061s ]
INFO: Run Behavior\ParseTemplateBehavior [ RunTime:0.024279s ]
INFO: [ view_parse ] --END-- [ RunTime:0.024329s ]
INFO: [ view_filter ] --START--
INFO: Run Behavior\WriteHtmlCacheBehavior [ RunTime:0.000398s ]
INFO: [ view_filter ] --END-- [ RunTime:0.000426s ]
INFO: [ app_end ] --START--
INFO: Run Behavior\ShowPageTraceBehavior [ RunTime:0.000625s ]
INFO: [ app_end ] --END-- [ RunTime:0.000650s ]

[ 2018-05-30T21:01:55+08:00 ] 127.0.0.1 /index.php/Home/User
INFO: [ app_init ] --START--
INFO: Run Behavior\BuildLiteBehavior [ RunTime:0.000008s ]
INFO: [ app_init ] --END-- [ RunTime:0.000284s ]
INFO: [ app_begin ] --START--
INFO: Run Behavior\ReadHtmlCacheBehavior [ RunTime:0.000375s ]
INFO: [ app_begin ] --END-- [ RunTime:0.000401s ]
NOTIC: [2] Declaration of Home\Model\UserModel::check($work_id, $password) should be compatible with Think\Model::check($value, $rule, $type = 'regex') D:\xampp\htdocs\Attendance\Application\Home\Model\UserModel.class.php 第 6 行.
SQL: SHOW COLUMNS FROM `user` [ RunTime:0.0239s ]
SQL: SELECT `password` FROM `user` WHERE ( work_id = 2016214238 ) LIMIT 1   [ RunTime:0.0003s ]

[ 2018-05-30T21:01:56+08:00 ] 127.0.0.1 /index.php/Home/User/kaoqin
INFO: [ app_init ] --START--
INFO: Run Behavior\BuildLiteBehavior [ RunTime:0.000010s ]
INFO: [ app_init ] --END-- [ RunTime:0.000335s ]
INFO: [ app_begin ] --START--
INFO: Run Behavior\ReadHtmlCacheBehavior [ RunTime:0.000469s ]
INFO: [ app_begin ] --END-- [ RunTime:0.000506s ]
INFO: [ view_parse ] --START--
INFO: [ template_filter ] --START--
INFO: Run Behavior\ContentReplaceBehavior [ RunTime:0.000034s ]
INFO: [ template_filter ] --END-- [ RunTime:0.000067s ]
INFO: Run Behavior\ParseTemplateBehavior [ RunTime:0.005901s ]
INFO: [ view_parse ] --END-- [ RunTime:0.005944s ]
INFO: [ view_filter ] --START--
INFO: Run Behavior\WriteHtmlCacheBehavior [ RunTime:0.000281s ]
INFO: [ view_filter ] --END-- [ RunTime:0.000306s ]
INFO: [ app_end ] --START--
INFO: Run Behavior\ShowPageTraceBehavior [ RunTime:0.000448s ]
INFO: [ app_end ] --END-- [ RunTime:0.000472s ]

[ 2018-05-30T21:02:55+08:00 ] 127.0.0.1 /index.php/Home/User
INFO: [ app_init ] --START--
INFO: Run Behavior\BuildLiteBehavior [ RunTime:0.000014s ]
INFO: [ app_init ] --END-- [ RunTime:0.000437s ]
INFO: [ app_begin ] --START--
INFO: Run Behavior\ReadHtmlCacheBehavior [ RunTime:0.000667s ]
INFO: [ app_begin ] --END-- [ RunTime:0.000722s ]
NOTIC: [2] Declaration of Home\Model\UserModel::check($work_id, $password) should be compatible with Think\Model::check($value, $rule, $type = 'regex') D:\xampp\htdocs\Attendance\Application\Home\Model\UserModel.class.php 第 6 行.
SQL: SHOW COLUMNS FROM `user` [ RunTime:0.0203s ]
SQL: SELECT `password` FROM `user` WHERE ( work_id = 2016214238 ) LIMIT 1   [ RunTime:0.0003s ]

[ 2018-05-30T21:02:55+08:00 ] 127.0.0.1 /index.php/Home/User/kaoqin
INFO: [ app_init ] --START--
INFO: Run Behavior\BuildLiteBehavior [ RunTime:0.000012s ]
INFO: [ app_init ] --END-- [ RunTime:0.000668s ]
INFO: [ app_begin ] --START--
INFO: Run Behavior\ReadHtmlCacheBehavior [ RunTime:0.000643s ]
INFO: [ app_begin ] --END-- [ RunTime:0.000688s ]
INFO: [ view_parse ] --START--
INFO: [ template_filter ] --START--
INFO: Run Behavior\ContentReplaceBehavior [ RunTime:0.000058s ]
INFO: [ template_filter ] --END-- [ RunTime:0.000120s ]
INFO: Run Behavior\ParseTemplateBehavior [ RunTime:0.008897s ]
INFO: [ view_parse ] --END-- [ RunTime:0.008965s ]
INFO: [ view_filter ] --START--
INFO: Run Behavior\WriteHtmlCacheBehavior [ RunTime:0.000494s ]
INFO: [ view_filter ] --END-- [ RunTime:0.000527s ]
INFO: [ app_end ] --START--
INFO: Run Behavior\ShowPageTraceBehavior [ RunTime:0.000697s ]
INFO: [ app_end ] --END-- [ RunTime:0.000735s ]

[ 2018-05-30T21:03:38+08:00 ] 127.0.0.1 /index.php/Home/User/kaoqin
INFO: [ app_init ] --START--
INFO: Run Behavior\BuildLiteBehavior [ RunTime:0.000012s ]
INFO: [ app_init ] --END-- [ RunTime:0.000450s ]
INFO: [ app_begin ] --START--
INFO: Run Behavior\ReadHtmlCacheBehavior [ RunTime:0.000706s ]
INFO: [ app_begin ] --END-- [ RunTime:0.000742s ]
INFO: [ app_end ] --START--
INFO: Run Behavior\ShowPageTraceBehavior [ RunTime:0.000697s ]
INFO: [ app_end ] --END-- [ RunTime:0.000746s ]

[ 2018-05-30T21:03:38+08:00 ] 127.0.0.1 /index.php/Home/User/Index
INFO: [ app_init ] --START--
INFO: Run Behavior\BuildLiteBehavior [ RunTime:0.000008s ]
INFO: [ app_init ] --END-- [ RunTime:0.000326s ]
INFO: [ app_begin ] --START--
INFO: Run Behavior\ReadHtmlCacheBehavior [ RunTime:0.000391s ]
INFO: [ app_begin ] --END-- [ RunTime:0.000433s ]
INFO: [ view_parse ] --START--
INFO: [ template_filter ] --START--
INFO: Run Behavior\ContentReplaceBehavior [ RunTime:0.000050s ]
INFO: [ template_filter ] --END-- [ RunTime:0.000104s ]
INFO: Run Behavior\ParseTemplateBehavior [ RunTime:0.024664s ]
INFO: [ view_parse ] --END-- [ RunTime:0.024717s ]
INFO: [ view_filter ] --START--
INFO: Run Behavior\WriteHtmlCacheBehavior [ RunTime:0.000357s ]
INFO: [ view_filter ] --END-- [ RunTime:0.000385s ]
INFO: [ app_end ] --START--
INFO: Run Behavior\ShowPageTraceBehavior [ RunTime:0.000409s ]
INFO: [ app_end ] --END-- [ RunTime:0.000431s ]

[ 2018-05-30T21:03:58+08:00 ] 127.0.0.1 /index.php/Home/User
INFO: [ app_init ] --START--
INFO: Run Behavior\BuildLiteBehavior [ RunTime:0.000015s ]
INFO: [ app_init ] --END-- [ RunTime:0.000540s ]
INFO: [ app_begin ] --START--
INFO: Run Behavior\ReadHtmlCacheBehavior [ RunTime:0.000441s ]
INFO: [ app_begin ] --END-- [ RunTime:0.000468s ]
NOTIC: [2] Declaration of Home\Model\UserModel::check($work_id, $password) should be compatible with Think\Model::check($value, $rule, $type = 'regex') D:\xampp\htdocs\Attendance\Application\Home\Model\UserModel.class.php 第 6 行.
SQL: SHOW COLUMNS FROM `user` [ RunTime:0.0673s ]
SQL: SELECT `password` FROM `user` WHERE ( work_id = 2016214238 ) LIMIT 1   [ RunTime:0.0003s ]

[ 2018-05-30T21:03:58+08:00 ] 127.0.0.1 /index.php/Home/User/kaoqin
INFO: [ app_init ] --START--
INFO: Run Behavior\BuildLiteBehavior [ RunTime:0.000008s ]
INFO: [ app_init ] --END-- [ RunTime:0.000303s ]
INFO: [ app_begin ] --START--
INFO: Run Behavior\ReadHtmlCacheBehavior [ RunTime:0.000444s ]
INFO: [ app_begin ] --END-- [ RunTime:0.000470s ]
INFO: [ view_parse ] --START--
INFO: [ template_filter ] --START--
INFO: Run Behavior\ContentReplaceBehavior [ RunTime:0.000050s ]
INFO: [ template_filter ] --END-- [ RunTime:0.000094s ]
INFO: Run Behavior\ParseTemplateBehavior [ RunTime:0.005659s ]
INFO: [ view_parse ] --END-- [ RunTime:0.005706s ]
INFO: [ view_filter ] --START--
INFO: Run Behavior\WriteHtmlCacheBehavior [ RunTime:0.000282s ]
INFO: [ view_filter ] --END-- [ RunTime:0.000305s ]
INFO: [ app_end ] --START--
INFO: Run Behavior\ShowPageTraceBehavior [ RunTime:0.000408s ]
INFO: [ app_end ] --END-- [ RunTime:0.000430s ]

[ 2018-05-30T21:15:43+08:00 ] 127.0.0.1 /index.php/Home/User
INFO: [ app_init ] --START--
INFO: Run Behavior\BuildLiteBehavior [ RunTime:0.000015s ]
INFO: [ app_init ] --END-- [ RunTime:0.000558s ]
INFO: [ app_begin ] --START--
INFO: Run Behavior\ReadHtmlCacheBehavior [ RunTime:0.000809s ]
INFO: [ app_begin ] --END-- [ RunTime:0.000856s ]
NOTIC: [2] Declaration of Home\Model\UserModel::check($work_id, $password) should be compatible with Think\Model::check($value, $rule, $type = 'regex') D:\xampp\htdocs\Attendance\Application\Home\Model\UserModel.class.php 第 6 行.
SQL: SHOW COLUMNS FROM `user` [ RunTime:0.0305s ]
SQL: SELECT `password` FROM `user` WHERE ( work_id = 2016214238 ) LIMIT 1   [ RunTime:0.0004s ]

[ 2018-05-30T21:15:43+08:00 ] 127.0.0.1 /index.php/Home/User/kaoqin
INFO: [ app_init ] --START--
INFO: Run Behavior\BuildLiteBehavior [ RunTime:0.000010s ]
INFO: [ app_init ] --END-- [ RunTime:0.000349s ]
INFO: [ app_begin ] --START--
INFO: Run Behavior\ReadHtmlCacheBehavior [ RunTime:0.000459s ]
INFO: [ app_begin ] --END-- [ RunTime:0.000494s ]
INFO: [ view_parse ] --START--
INFO: [ template_filter ] --START--
INFO: Run Behavior\ContentReplaceBehavior [ RunTime:0.000091s ]
INFO: [ template_filter ] --END-- [ RunTime:0.000179s ]
INFO: Run Behavior\ParseTemplateBehavior [ RunTime:0.009781s ]
INFO: [ view_parse ] --END-- [ RunTime:0.009843s ]
INFO: [ view_filter ] --START--
INFO: Run Behavior\WriteHtmlCacheBehavior [ RunTime:0.000608s ]
INFO: [ view_filter ] --END-- [ RunTime:0.000653s ]
INFO: [ app_end ] --START--
INFO: Run Behavior\ShowPageTraceBehavior [ RunTime:0.001121s ]
INFO: [ app_end ] --END-- [ RunTime:0.001161s ]

[ 2018-05-30T21:15:48+08:00 ] 127.0.0.1 /
INFO: [ app_init ] --START--
INFO: Run Behavior\BuildLiteBehavior [ RunTime:0.000014s ]
INFO: [ app_init ] --END-- [ RunTime:0.000589s ]
INFO: [ app_begin ] --START--
INFO: Run Behavior\ReadHtmlCacheBehavior [ RunTime:0.000874s ]
INFO: [ app_begin ] --END-- [ RunTime:0.000931s ]
INFO: [ view_parse ] --START--
INFO: [ template_filter ] --START--
INFO: Run Behavior\ContentReplaceBehavior [ RunTime:0.000044s ]
INFO: [ template_filter ] --END-- [ RunTime:0.000099s ]
INFO: Run Behavior\ParseTemplateBehavior [ RunTime:0.010731s ]
INFO: [ view_parse ] --END-- [ RunTime:0.010800s ]
INFO: [ view_filter ] --START--
INFO: Run Behavior\WriteHtmlCacheBehavior [ RunTime:0.000725s ]
INFO: [ view_filter ] --END-- [ RunTime:0.000808s ]
INFO: [ app_end ] --START--
INFO: Run Behavior\ShowPageTraceBehavior [ RunTime:0.000950s ]
INFO: [ app_end ] --END-- [ RunTime:0.001004s ]

[ 2018-05-30T21:16:27+08:00 ] 127.0.0.1 /index.php/Home/User
INFO: [ app_init ] --START--
INFO: Run Behavior\BuildLiteBehavior [ RunTime:0.000018s ]
INFO: [ app_init ] --END-- [ RunTime:0.000589s ]
INFO: [ app_begin ] --START--
INFO: Run Behavior\ReadHtmlCacheBehavior [ RunTime:0.000910s ]
INFO: [ app_begin ] --END-- [ RunTime:0.000976s ]
NOTIC: [2] Declaration of Home\Model\UserModel::check($work_id, $password) should be compatible with Think\Model::check($value, $rule, $type = 'regex') D:\xampp\htdocs\Attendance\Application\Home\Model\UserModel.class.php 第 6 行.
SQL: SHOW COLUMNS FROM `user` [ RunTime:0.0208s ]
SQL: SELECT `password` FROM `user` WHERE ( work_id = 2016214238 ) LIMIT 1   [ RunTime:0.0003s ]

[ 2018-05-30T21:16:27+08:00 ] 127.0.0.1 /index.php/Home/User/kaoqin
INFO: [ app_init ] --START--
INFO: Run Behavior\BuildLiteBehavior [ RunTime:0.000009s ]
INFO: [ app_init ] --END-- [ RunTime:0.000315s ]
INFO: [ app_begin ] --START--
INFO: Run Behavior\ReadHtmlCacheBehavior [ RunTime:0.000389s ]
INFO: [ app_begin ] --END-- [ RunTime:0.000416s ]
INFO: [ view_parse ] --START--
INFO: [ template_filter ] --START--
INFO: Run Behavior\ContentReplaceBehavior [ RunTime:0.000087s ]
INFO: [ template_filter ] --END-- [ RunTime:0.000191s ]
INFO: Run Behavior\ParseTemplateBehavior [ RunTime:0.013174s ]
INFO: [ view_parse ] --END-- [ RunTime:0.013217s ]
INFO: [ view_filter ] --START--
INFO: Run Behavior\WriteHtmlCacheBehavior [ RunTime:0.000397s ]
INFO: [ view_filter ] --END-- [ RunTime:0.000425s ]
INFO: [ app_end ] --START--
INFO: Run Behavior\ShowPageTraceBehavior [ RunTime:0.000576s ]
INFO: [ app_end ] --END-- [ RunTime:0.000603s ]

[ 2018-05-30T21:16:29+08:00 ] 127.0.0.1 /index.php/Home/User/kaoqin
INFO: [ app_init ] --START--
INFO: Run Behavior\BuildLiteBehavior [ RunTime:0.000014s ]
INFO: [ app_init ] --END-- [ RunTime:0.000499s ]
INFO: [ app_begin ] --START--
INFO: Run Behavior\ReadHtmlCacheBehavior [ RunTime:0.000786s ]
INFO: [ app_begin ] --END-- [ RunTime:0.000856s ]
INFO: [ view_parse ] --START--
INFO: [ template_filter ] --START--
INFO: Run Behavior\ContentReplaceBehavior [ RunTime:0.000052s ]
INFO: [ template_filter ] --END-- [ RunTime:0.000111s ]
INFO: Run Behavior\ParseTemplateBehavior [ RunTime:0.008615s ]
INFO: [ view_parse ] --END-- [ RunTime:0.008670s ]
INFO: [ view_filter ] --START--
INFO: Run Behavior\WriteHtmlCacheBehavior [ RunTime:0.000658s ]
INFO: [ view_filter ] --END-- [ RunTime:0.000775s ]
INFO: [ app_end ] --START--
INFO: Run Behavior\ShowPageTraceBehavior [ RunTime:0.001136s ]
INFO: [ app_end ] --END-- [ RunTime:0.001188s ]

[ 2018-05-30T21:16:33+08:00 ] 127.0.0.1 /
INFO: [ app_init ] --START--
INFO: Run Behavior\BuildLiteBehavior [ RunTime:0.000029s ]
INFO: [ app_init ] --END-- [ RunTime:0.000788s ]
INFO: [ app_begin ] --START--
INFO: Run Behavior\ReadHtmlCacheBehavior [ RunTime:0.000942s ]
INFO: [ app_begin ] --END-- [ RunTime:0.001016s ]
INFO: [ view_parse ] --START--
INFO: [ template_filter ] --START--
INFO: Run Behavior\ContentReplaceBehavior [ RunTime:0.000040s ]
INFO: [ template_filter ] --END-- [ RunTime:0.000090s ]
INFO: Run Behavior\ParseTemplateBehavior [ RunTime:0.009248s ]
INFO: [ view_parse ] --END-- [ RunTime:0.009308s ]
INFO: [ view_filter ] --START--
INFO: Run Behavior\WriteHtmlCacheBehavior [ RunTime:0.000370s ]
INFO: [ view_filter ] --END-- [ RunTime:0.000410s ]
INFO: [ app_end ] --START--
INFO: Run Behavior\ShowPageTraceBehavior [ RunTime:0.000675s ]
INFO: [ app_end ] --END-- [ RunTime:0.000713s ]

[ 2018-05-30T21:18:25+08:00 ] 127.0.0.1 /
INFO: [ app_init ] --START--
INFO: Run Behavior\BuildLiteBehavior [ RunTime:0.000011s ]
INFO: [ app_init ] --END-- [ RunTime:0.000567s ]
INFO: [ app_begin ] --START--
INFO: Run Behavior\ReadHtmlCacheBehavior [ RunTime:0.000567s ]
INFO: [ app_begin ] --END-- [ RunTime:0.000597s ]
INFO: [ view_parse ] --START--
INFO: [ template_filter ] --START--
INFO: Run Behavior\ContentReplaceBehavior [ RunTime:0.000030s ]
INFO: [ template_filter ] --END-- [ RunTime:0.000061s ]
INFO: Run Behavior\ParseTemplateBehavior [ RunTime:0.005244s ]
INFO: [ view_parse ] --END-- [ RunTime:0.005291s ]
INFO: [ view_filter ] --START--
INFO: Run Behavior\WriteHtmlCacheBehavior [ RunTime:0.000498s ]
INFO: [ view_filter ] --END-- [ RunTime:0.000531s ]
INFO: [ app_end ] --START--
INFO: Run Behavior\ShowPageTraceBehavior [ RunTime:0.000747s ]
INFO: [ app_end ] --END-- [ RunTime:0.000776s ]

[ 2018-05-30T21:20:43+08:00 ] 127.0.0.1 /index.php/Home/User
INFO: [ app_init ] --START--
INFO: Run Behavior\BuildLiteBehavior [ RunTime:0.000009s ]
INFO: [ app_init ] --END-- [ RunTime:0.000356s ]
INFO: [ app_begin ] --START--
INFO: Run Behavior\ReadHtmlCacheBehavior [ RunTime:0.000784s ]
INFO: [ app_begin ] --END-- [ RunTime:0.000825s ]
NOTIC: [2] Declaration of Home\Model\UserModel::check($work_id, $password) should be compatible with Think\Model::check($value, $rule, $type = 'regex') D:\xampp\htdocs\Attendance\Application\Home\Model\UserModel.class.php 第 6 行.
SQL: SHOW COLUMNS FROM `user` [ RunTime:0.0163s ]
SQL: SELECT `password` FROM `user` WHERE ( work_id = 2016214238 ) LIMIT 1   [ RunTime:0.0003s ]

[ 2018-05-30T21:22:32+08:00 ] 127.0.0.1 /
INFO: [ app_init ] --START--
INFO: Run Behavior\BuildLiteBehavior [ RunTime:0.000018s ]
INFO: [ app_init ] --END-- [ RunTime:0.000720s ]
INFO: [ app_begin ] --START--
INFO: Run Behavior\ReadHtmlCacheBehavior [ RunTime:0.000748s ]
INFO: [ app_begin ] --END-- [ RunTime:0.000872s ]
INFO: [ view_parse ] --START--
INFO: [ template_filter ] --START--
INFO: Run Behavior\ContentReplaceBehavior [ RunTime:0.000037s ]
INFO: [ template_filter ] --END-- [ RunTime:0.000082s ]
INFO: Run Behavior\ParseTemplateBehavior [ RunTime:0.005540s ]
INFO: [ view_parse ] --END-- [ RunTime:0.005579s ]
INFO: [ view_filter ] --START--
INFO: Run Behavior\WriteHtmlCacheBehavior [ RunTime:0.000334s ]
INFO: [ view_filter ] --END-- [ RunTime:0.000355s ]
INFO: [ app_end ] --START--
INFO: Run Behavior\ShowPageTraceBehavior [ RunTime:0.000528s ]
INFO: [ app_end ] --END-- [ RunTime:0.000551s ]

[ 2018-05-30T21:23:17+08:00 ] 127.0.0.1 /index.php/Home/User/sign_out
INFO: [ app_init ] --START--
INFO: Run Behavior\BuildLiteBehavior [ RunTime:0.000010s ]
INFO: [ app_init ] --END-- [ RunTime:0.000362s ]
INFO: [ app_begin ] --START--
INFO: Run Behavior\ReadHtmlCacheBehavior [ RunTime:0.000745s ]
INFO: [ app_begin ] --END-- [ RunTime:0.000787s ]
INFO: [ app_end ] --START--
INFO: Run Behavior\ShowPageTraceBehavior [ RunTime:0.000725s ]
INFO: [ app_end ] --END-- [ RunTime:0.000767s ]

[ 2018-05-30T21:23:17+08:00 ] 127.0.0.1 /index.php/Home/User
INFO: [ app_init ] --START--
INFO: Run Behavior\BuildLiteBehavior [ RunTime:0.000008s ]
INFO: [ app_init ] --END-- [ RunTime:0.000282s ]
INFO: [ app_begin ] --START--
INFO: Run Behavior\ReadHtmlCacheBehavior [ RunTime:0.000378s ]
INFO: [ app_begin ] --END-- [ RunTime:0.000405s ]
INFO: [ view_parse ] --START--
INFO: [ template_filter ] --START--
INFO: Run Behavior\ContentReplaceBehavior [ RunTime:0.000026s ]
INFO: [ template_filter ] --END-- [ RunTime:0.000055s ]
INFO: Run Behavior\ParseTemplateBehavior [ RunTime:0.005618s ]
INFO: [ view_parse ] --END-- [ RunTime:0.005765s ]
INFO: [ view_filter ] --START--
INFO: Run Behavior\WriteHtmlCacheBehavior [ RunTime:0.000602s ]
INFO: [ view_filter ] --END-- [ RunTime:0.000650s ]
INFO: [ app_end ] --START--
INFO: Run Behavior\ShowPageTraceBehavior [ RunTime:0.001066s ]
INFO: [ app_end ] --END-- [ RunTime:0.001119s ]

[ 2018-05-30T21:23:29+08:00 ] 127.0.0.1 /index.php/Home/User/sign_out
INFO: [ app_init ] --START--
INFO: Run Behavior\BuildLiteBehavior [ RunTime:0.000008s ]
INFO: [ app_init ] --END-- [ RunTime:0.000285s ]
INFO: [ app_begin ] --START--
INFO: Run Behavior\ReadHtmlCacheBehavior [ RunTime:0.000405s ]
INFO: [ app_begin ] --END-- [ RunTime:0.000441s ]
INFO: [ app_end ] --START--
INFO: Run Behavior\ShowPageTraceBehavior [ RunTime:0.000511s ]
INFO: [ app_end ] --END-- [ RunTime:0.000540s ]

[ 2018-05-30T21:23:29+08:00 ] 127.0.0.1 /index.php/Home/User
INFO: [ app_init ] --START--
INFO: Run Behavior\BuildLiteBehavior [ RunTime:0.000012s ]
INFO: [ app_init ] --END-- [ RunTime:0.000415s ]
INFO: [ app_begin ] --START--
INFO: Run Behavior\ReadHtmlCacheBehavior [ RunTime:0.000419s ]
INFO: [ app_begin ] --END-- [ RunTime:0.000445s ]
INFO: [ view_parse ] --START--
INFO: [ template_filter ] --START--
INFO: Run Behavior\ContentReplaceBehavior [ RunTime:0.000025s ]
INFO: [ template_filter ] --END-- [ RunTime:0.000049s ]
INFO: Run Behavior\ParseTemplateBehavior [ RunTime:0.004569s ]
INFO: [ view_parse ] --END-- [ RunTime:0.004610s ]
INFO: [ view_filter ] --START--
INFO: Run Behavior\WriteHtmlCacheBehavior [ RunTime:0.000270s ]
INFO: [ view_filter ] --END-- [ RunTime:0.000296s ]
INFO: [ app_end ] --START--
INFO: Run Behavior\ShowPageTraceBehavior [ RunTime:0.000482s ]
INFO: [ app_end ] --END-- [ RunTime:0.000506s ]

[ 2018-05-30T21:23:34+08:00 ] 127.0.0.1 /index.php/Home/User/sign_out
INFO: [ app_init ] --START--
INFO: Run Behavior\BuildLiteBehavior [ RunTime:0.000010s ]
INFO: [ app_init ] --END-- [ RunTime:0.000334s ]
INFO: [ app_begin ] --START--
INFO: Run Behavior\ReadHtmlCacheBehavior [ RunTime:0.000607s ]
INFO: [ app_begin ] --END-- [ RunTime:0.000651s ]
INFO: [ app_end ] --START--
INFO: Run Behavior\ShowPageTraceBehavior [ RunTime:0.000592s ]
INFO: [ app_end ] --END-- [ RunTime:0.000639s ]

[ 2018-05-30T21:23:34+08:00 ] 127.0.0.1 /index.php/Home/User
INFO: [ app_init ] --START--
INFO: Run Behavior\BuildLiteBehavior [ RunTime:0.000009s ]
INFO: [ app_init ] --END-- [ RunTime:0.000362s ]
INFO: [ app_begin ] --START--
INFO: Run Behavior\ReadHtmlCacheBehavior [ RunTime:0.000444s ]
INFO: [ app_begin ] --END-- [ RunTime:0.000474s ]
INFO: [ view_parse ] --START--
INFO: [ template_filter ] --START--
INFO: Run Behavior\ContentReplaceBehavior [ RunTime:0.000028s ]
INFO: [ template_filter ] --END-- [ RunTime:0.000059s ]
INFO: Run Behavior\ParseTemplateBehavior [ RunTime:0.005191s ]
INFO: [ view_parse ] --END-- [ RunTime:0.005244s ]
INFO: [ view_filter ] --START--
INFO: Run Behavior\WriteHtmlCacheBehavior [ RunTime:0.000375s ]
INFO: [ view_filter ] --END-- [ RunTime:0.000410s ]
INFO: [ app_end ] --START--
INFO: Run Behavior\ShowPageTraceBehavior [ RunTime:0.000805s ]
INFO: [ app_end ] --END-- [ RunTime:0.000854s ]

[ 2018-05-30T21:24:32+08:00 ] 127.0.0.1 /index.php/Home/User/sign_out
INFO: [ app_init ] --START--
INFO: Run Behavior\BuildLiteBehavior [ RunTime:0.000014s ]
INFO: [ app_init ] --END-- [ RunTime:0.000431s ]
INFO: [ app_begin ] --START--
INFO: Run Behavior\ReadHtmlCacheBehavior [ RunTime:0.000436s ]
INFO: [ app_begin ] --END-- [ RunTime:0.000464s ]
INFO: [ app_end ] --START--
INFO: Run Behavior\ShowPageTraceBehavior [ RunTime:0.000437s ]
INFO: [ app_end ] --END-- [ RunTime:0.000463s ]

[ 2018-05-30T21:24:32+08:00 ] 127.0.0.1 /index.php/Home/User
INFO: [ app_init ] --START--
INFO: Run Behavior\BuildLiteBehavior [ RunTime:0.000008s ]
INFO: [ app_init ] --END-- [ RunTime:0.000280s ]
INFO: [ app_begin ] --START--
INFO: Run Behavior\ReadHtmlCacheBehavior [ RunTime:0.000378s ]
INFO: [ app_begin ] --END-- [ RunTime:0.000405s ]
INFO: [ view_parse ] --START--
INFO: [ template_filter ] --START--
INFO: Run Behavior\ContentReplaceBehavior [ RunTime:0.000044s ]
INFO: [ template_filter ] --END-- [ RunTime:0.000096s ]
INFO: Run Behavior\ParseTemplateBehavior [ RunTime:0.006066s ]
INFO: [ view_parse ] --END-- [ RunTime:0.006108s ]
INFO: [ view_filter ] --START--
INFO: Run Behavior\WriteHtmlCacheBehavior [ RunTime:0.000277s ]
INFO: [ view_filter ] --END-- [ RunTime:0.000304s ]
INFO: [ app_end ] --START--
INFO: Run Behavior\ShowPageTraceBehavior [ RunTime:0.000520s ]
INFO: [ app_end ] --END-- [ RunTime:0.000542s ]

[ 2018-05-30T21:25:31+08:00 ] 127.0.0.1 /index.php/Home/User/sign_out
INFO: [ app_init ] --START--
INFO: Run Behavior\BuildLiteBehavior [ RunTime:0.000036s ]
INFO: [ app_init ] --END-- [ RunTime:0.000856s ]
INFO: [ app_begin ] --START--
INFO: Run Behavior\ReadHtmlCacheBehavior [ RunTime:0.000731s ]
INFO: [ app_begin ] --END-- [ RunTime:0.000785s ]
INFO: [ app_end ] --START--
INFO: Run Behavior\ShowPageTraceBehavior [ RunTime:0.000882s ]
INFO: [ app_end ] --END-- [ RunTime:0.000957s ]

[ 2018-05-30T21:25:52+08:00 ] 127.0.0.1 /index.php/Home/User/sign_out
INFO: [ app_init ] --START--
INFO: Run Behavior\BuildLiteBehavior [ RunTime:0.000011s ]
INFO: [ app_init ] --END-- [ RunTime:0.000368s ]
INFO: [ app_begin ] --START--
INFO: Run Behavior\ReadHtmlCacheBehavior [ RunTime:0.000459s ]
INFO: [ app_begin ] --END-- [ RunTime:0.000491s ]
INFO: [ app_end ] --START--
INFO: Run Behavior\ShowPageTraceBehavior [ RunTime:0.000542s ]
INFO: [ app_end ] --END-- [ RunTime:0.000575s ]

[ 2018-05-30T21:26:08+08:00 ] 127.0.0.1 /index.php/Home/User/sign_out
INFO: [ app_init ] --START--
INFO: Run Behavior\BuildLiteBehavior [ RunTime:0.000009s ]
INFO: [ app_init ] --END-- [ RunTime:0.000330s ]
INFO: [ app_begin ] --START--
INFO: Run Behavior\ReadHtmlCacheBehavior [ RunTime:0.000490s ]
INFO: [ app_begin ] --END-- [ RunTime:0.000528s ]
INFO: [ app_end ] --START--
INFO: Run Behavior\ShowPageTraceBehavior [ RunTime:0.000436s ]
INFO: [ app_end ] --END-- [ RunTime:0.000462s ]

[ 2018-05-30T21:26:27+08:00 ] 127.0.0.1 /index.php/Home/User/sign_out
INFO: [ app_init ] --START--
INFO: Run Behavior\BuildLiteBehavior [ RunTime:0.000008s ]
INFO: [ app_init ] --END-- [ RunTime:0.000293s ]
INFO: [ app_begin ] --START--
INFO: Run Behavior\ReadHtmlCacheBehavior [ RunTime:0.000389s ]
INFO: [ app_begin ] --END-- [ RunTime:0.000416s ]
INFO: [ app_end ] --START--
INFO: Run Behavior\ShowPageTraceBehavior [ RunTime:0.000396s ]
INFO: [ app_end ] --END-- [ RunTime:0.000422s ]

[ 2018-05-30T21:26:27+08:00 ] 127.0.0.1 /index.php/Home/User
INFO: [ app_init ] --START--
INFO: Run Behavior\BuildLiteBehavior [ RunTime:0.000012s ]
INFO: [ app_init ] --END-- [ RunTime:0.000452s ]
INFO: [ app_begin ] --START--
INFO: Run Behavior\ReadHtmlCacheBehavior [ RunTime:0.000555s ]
INFO: [ app_begin ] --END-- [ RunTime:0.000595s ]
INFO: [ view_parse ] --START--
INFO: [ template_filter ] --START--
INFO: Run Behavior\ContentReplaceBehavior [ RunTime:0.000029s ]
INFO: [ template_filter ] --END-- [ RunTime:0.000056s ]
INFO: Run Behavior\ParseTemplateBehavior [ RunTime:0.005247s ]
INFO: [ view_parse ] --END-- [ RunTime:0.005298s ]
INFO: [ view_filter ] --START--
INFO: Run Behavior\WriteHtmlCacheBehavior [ RunTime:0.000344s ]
INFO: [ view_filter ] --END-- [ RunTime:0.000365s ]
INFO: [ app_end ] --START--
INFO: Run Behavior\ShowPageTraceBehavior [ RunTime:0.000405s ]
INFO: [ app_end ] --END-- [ RunTime:0.000427s ]

[ 2018-05-30T21:27:13+08:00 ] 127.0.0.1 /index.php/Home/KaoqinInfo
INFO: [ app_init ] --START--
INFO: Run Behavior\BuildLiteBehavior [ RunTime:0.000013s ]
INFO: [ app_init ] --END-- [ RunTime:0.000486s ]
INFO: [ app_begin ] --START--
INFO: Run Behavior\ReadHtmlCacheBehavior [ RunTime:0.000538s ]
INFO: [ app_begin ] --END-- [ RunTime:0.000615s ]
NOTIC: [2] Declaration of Home\Model\UserModel::check($work_id, $password) should be compatible with Think\Model::check($value, $rule, $type = 'regex') D:\xampp\htdocs\Attendance\Application\Home\Model\UserModel.class.php 第 6 行.
SQL: SHOW COLUMNS FROM `user` [ RunTime:0.0179s ]
SQL: SHOW COLUMNS FROM `dep_info` [ RunTime:0.0153s ]
SQL: SHOW COLUMNS FROM `job_info` [ RunTime:0.0208s ]
SQL: SHOW COLUMNS FROM `kaoqin` [ RunTime:0.0106s ]
SQL: SELECT * from user [ RunTime:0.0004s ]
SQL: select * from job_info [ RunTime:0.0003s ]
SQL: select * from dep_info [ RunTime:0.0002s ]
SQL: select * from kaoqin [ RunTime:0.0002s ]
INFO: [ view_parse ] --START--
INFO: [ template_filter ] --START--
INFO: Run Behavior\ContentReplaceBehavior [ RunTime:0.000036s ]
INFO: [ template_filter ] --END-- [ RunTime:0.000073s ]
NOTIC: [8] Undefined index: start D:\xampp\htdocs\Attendance\Application\Runtime\Cache\Home\3692e44518463d0af4f250fbdd61fd8d.php 第 62 行.
NOTIC: [8] Undefined index: end D:\xampp\htdocs\Attendance\Application\Runtime\Cache\Home\3692e44518463d0af4f250fbdd61fd8d.php 第 63 行.
NOTIC: [8] Undefined index: day D:\xampp\htdocs\Attendance\Application\Runtime\Cache\Home\3692e44518463d0af4f250fbdd61fd8d.php 第 64 行.
NOTIC: [8] Undefined index: status D:\xampp\htdocs\Attendance\Application\Runtime\Cache\Home\3692e44518463d0af4f250fbdd61fd8d.php 第 65 行.
NOTIC: [8] Undefined index: start D:\xampp\htdocs\Attendance\Application\Runtime\Cache\Home\3692e44518463d0af4f250fbdd61fd8d.php 第 62 行.
NOTIC: [8] Undefined index: end D:\xampp\htdocs\Attendance\Application\Runtime\Cache\Home\3692e44518463d0af4f250fbdd61fd8d.php 第 63 行.
NOTIC: [8] Undefined index: day D:\xampp\htdocs\Attendance\Application\Runtime\Cache\Home\3692e44518463d0af4f250fbdd61fd8d.php 第 64 行.
NOTIC: [8] Undefined index: status D:\xampp\htdocs\Attendance\Application\Runtime\Cache\Home\3692e44518463d0af4f250fbdd61fd8d.php 第 65 行.
NOTIC: [8] Undefined index: start D:\xampp\htdocs\Attendance\Application\Runtime\Cache\Home\3692e44518463d0af4f250fbdd61fd8d.php 第 62 行.
NOTIC: [8] Undefined index: end D:\xampp\htdocs\Attendance\Application\Runtime\Cache\Home\3692e44518463d0af4f250fbdd61fd8d.php 第 63 行.
NOTIC: [8] Undefined index: day D:\xampp\htdocs\Attendance\Application\Runtime\Cache\Home\3692e44518463d0af4f250fbdd61fd8d.php 第 64 行.
NOTIC: [8] Undefined index: status D:\xampp\htdocs\Attendance\Application\Runtime\Cache\Home\3692e44518463d0af4f250fbdd61fd8d.php 第 65 行.
NOTIC: [8] Undefined index: start D:\xampp\htdocs\Attendance\Application\Runtime\Cache\Home\3692e44518463d0af4f250fbdd61fd8d.php 第 62 行.
NOTIC: [8] Undefined index: end D:\xampp\htdocs\Attendance\Application\Runtime\Cache\Home\3692e44518463d0af4f250fbdd61fd8d.php 第 63 行.
NOTIC: [8] Undefined index: day D:\xampp\htdocs\Attendance\Application\Runtime\Cache\Home\3692e44518463d0af4f250fbdd61fd8d.php 第 64 行.
NOTIC: [8] Undefined index: status D:\xampp\htdocs\Attendance\Application\Runtime\Cache\Home\3692e44518463d0af4f250fbdd61fd8d.php 第 65 行.
NOTIC: [8] Undefined index: start D:\xampp\htdocs\Attendance\Application\Runtime\Cache\Home\3692e44518463d0af4f250fbdd61fd8d.php 第 62 行.
NOTIC: [8] Undefined index: end D:\xampp\htdocs\Attendance\Application\Runtime\Cache\Home\3692e44518463d0af4f250fbdd61fd8d.php 第 63 行.
NOTIC: [8] Undefined index: day D:\xampp\htdocs\Attendance\Application\Runtime\Cache\Home\3692e44518463d0af4f250fbdd61fd8d.php 第 64 行.
NOTIC: [8] Undefined index: status D:\xampp\htdocs\Attendance\Application\Runtime\Cache\Home\3692e44518463d0af4f250fbdd61fd8d.php 第 65 行.
NOTIC: [8] Undefined index: start D:\xampp\htdocs\Attendance\Application\Runtime\Cache\Home\3692e44518463d0af4f250fbdd61fd8d.php 第 62 行.
NOTIC: [8] Undefined index: end D:\xampp\htdocs\Attendance\Application\Runtime\Cache\Home\3692e44518463d0af4f250fbdd61fd8d.php 第 63 行.
NOTIC: [8] Undefined index: day D:\xampp\htdocs\Attendance\Application\Runtime\Cache\Home\3692e44518463d0af4f250fbdd61fd8d.php 第 64 行.
NOTIC: [8] Undefined index: status D:\xampp\htdocs\Attendance\Application\Runtime\Cache\Home\3692e44518463d0af4f250fbdd61fd8d.php 第 65 行.
NOTIC: [8] Undefined index: start D:\xampp\htdocs\Attendance\Application\Runtime\Cache\Home\3692e44518463d0af4f250fbdd61fd8d.php 第 62 行.
NOTIC: [8] Undefined index: end D:\xampp\htdocs\Attendance\Application\Runtime\Cache\Home\3692e44518463d0af4f250fbdd61fd8d.php 第 63 行.
NOTIC: [8] Undefined index: day D:\xampp\htdocs\Attendance\Application\Runtime\Cache\Home\3692e44518463d0af4f250fbdd61fd8d.php 第 64 行.
NOTIC: [8] Undefined index: status D:\xampp\htdocs\Attendance\Application\Runtime\Cache\Home\3692e44518463d0af4f250fbdd61fd8d.php 第 65 行.
NOTIC: [8] Undefined index: start D:\xampp\htdocs\Attendance\Application\Runtime\Cache\Home\3692e44518463d0af4f250fbdd61fd8d.php 第 62 行.
NOTIC: [8] Undefined index: end D:\xampp\htdocs\Attendance\Application\Runtime\Cache\Home\3692e44518463d0af4f250fbdd61fd8d.php 第 63 行.
NOTIC: [8] Undefined index: day D:\xampp\htdocs\Attendance\Application\Runtime\Cache\Home\3692e44518463d0af4f250fbdd61fd8d.php 第 64 行.
NOTIC: [8] Undefined index: status D:\xampp\htdocs\Attendance\Application\Runtime\Cache\Home\3692e44518463d0af4f250fbdd61fd8d.php 第 65 行.
NOTIC: [8] Undefined index: start D:\xampp\htdocs\Attendance\Application\Runtime\Cache\Home\3692e44518463d0af4f250fbdd61fd8d.php 第 62 行.
NOTIC: [8] Undefined index: end D:\xampp\htdocs\Attendance\Application\Runtime\Cache\Home\3692e44518463d0af4f250fbdd61fd8d.php 第 63 行.
NOTIC: [8] Undefined index: day D:\xampp\htdocs\Attendance\Application\Runtime\Cache\Home\3692e44518463d0af4f250fbdd61fd8d.php 第 64 行.
NOTIC: [8] Undefined index: status D:\xampp\htdocs\Attendance\Application\Runtime\Cache\Home\3692e44518463d0af4f250fbdd61fd8d.php 第 65 行.
NOTIC: [8] Undefined index: start D:\xampp\htdocs\Attendance\Application\Runtime\Cache\Home\3692e44518463d0af4f250fbdd61fd8d.php 第 62 行.
NOTIC: [8] Undefined index: end D:\xampp\htdocs\Attendance\Application\Runtime\Cache\Home\3692e44518463d0af4f250fbdd61fd8d.php 第 63 行.
NOTIC: [8] Undefined index: day D:\xampp\htdocs\Attendance\Application\Runtime\Cache\Home\3692e44518463d0af4f250fbdd61fd8d.php 第 64 行.
NOTIC: [8] Undefined index: status D:\xampp\htdocs\Attendance\Application\Runtime\Cache\Home\3692e44518463d0af4f250fbdd61fd8d.php 第 65 行.
INFO: Run Behavior\ParseTemplateBehavior [ RunTime:0.020677s ]
INFO: [ view_parse ] --END-- [ RunTime:0.020717s ]
INFO: [ view_filter ] --START--
INFO: Run Behavior\WriteHtmlCacheBehavior [ RunTime:0.000279s ]
INFO: [ view_filter ] --END-- [ RunTime:0.000305s ]
INFO: [ app_end ] --START--
INFO: Run Behavior\ShowPageTraceBehavior [ RunTime:0.000563s ]
INFO: [ app_end ] --END-- [ RunTime:0.000594s ]

[ 2018-05-30T21:27:13+08:00 ] 127.0.0.1 /index.php/Home/UserInfo
INFO: [ app_init ] --START--
INFO: Run Behavior\BuildLiteBehavior [ RunTime:0.000008s ]
INFO: [ app_init ] --END-- [ RunTime:0.000282s ]
INFO: [ app_begin ] --START--
INFO: Run Behavior\ReadHtmlCacheBehavior [ RunTime:0.000378s ]
INFO: [ app_begin ] --END-- [ RunTime:0.000403s ]
NOTIC: [2] Declaration of Home\Model\UserModel::check($work_id, $password) should be compatible with Think\Model::check($value, $rule, $type = 'regex') D:\xampp\htdocs\Attendance\Application\Home\Model\UserModel.class.php 第 6 行.
SQL: SHOW COLUMNS FROM `user` [ RunTime:0.0105s ]
SQL: SHOW COLUMNS FROM `dep_info` [ RunTime:0.0093s ]
SQL: SHOW COLUMNS FROM `job_info` [ RunTime:0.0100s ]
SQL: SHOW COLUMNS FROM `kaoqin` [ RunTime:0.0050s ]
SQL: SELECT * from user [ RunTime:0.0004s ]
SQL: select * from job_info [ RunTime:0.0002s ]
SQL: select * from dep_info [ RunTime:0.0002s ]
SQL: select * from kaoqin [ RunTime:0.0002s ]
INFO: [ view_parse ] --START--
INFO: [ template_filter ] --START--
INFO: Run Behavior\ContentReplaceBehavior [ RunTime:0.000036s ]
INFO: [ template_filter ] --END-- [ RunTime:0.000067s ]
INFO: Run Behavior\ParseTemplateBehavior [ RunTime:0.026792s ]
INFO: [ view_parse ] --END-- [ RunTime:0.026836s ]
INFO: [ view_filter ] --START--
INFO: Run Behavior\WriteHtmlCacheBehavior [ RunTime:0.000295s ]
INFO: [ view_filter ] --END-- [ RunTime:0.000319s ]
INFO: [ app_end ] --START--
INFO: Run Behavior\ShowPageTraceBehavior [ RunTime:0.000522s ]
INFO: [ app_end ] --END-- [ RunTime:0.000554s ]

[ 2018-05-30T21:27:17+08:00 ] 127.0.0.1 /index.php/Home/User/add
INFO: [ app_init ] --START--
INFO: Run Behavior\BuildLiteBehavior [ RunTime:0.000009s ]
INFO: [ app_init ] --END-- [ RunTime:0.000338s ]
INFO: [ app_begin ] --START--
INFO: Run Behavior\ReadHtmlCacheBehavior [ RunTime:0.000443s ]
INFO: [ app_begin ] --END-- [ RunTime:0.000473s ]
INFO: [ view_parse ] --START--
INFO: [ template_filter ] --START--
INFO: Run Behavior\ContentReplaceBehavior [ RunTime:0.000039s ]
INFO: [ template_filter ] --END-- [ RunTime:0.000077s ]
INFO: Run Behavior\ParseTemplateBehavior [ RunTime:0.026439s ]
INFO: [ view_parse ] --END-- [ RunTime:0.026521s ]
INFO: [ view_filter ] --START--
INFO: Run Behavior\WriteHtmlCacheBehavior [ RunTime:0.000381s ]
INFO: [ view_filter ] --END-- [ RunTime:0.000420s ]
INFO: [ app_end ] --START--
INFO: Run Behavior\ShowPageTraceBehavior [ RunTime:0.000602s ]
INFO: [ app_end ] --END-- [ RunTime:0.000634s ]

[ 2018-05-30T21:27:59+08:00 ] 127.0.0.1 /index.php/Home/User/add
INFO: [ app_init ] --START--
INFO: Run Behavior\BuildLiteBehavior [ RunTime:0.000008s ]
INFO: [ app_init ] --END-- [ RunTime:0.000323s ]
INFO: [ app_begin ] --START--
INFO: Run Behavior\ReadHtmlCacheBehavior [ RunTime:0.000725s ]
INFO: [ app_begin ] --END-- [ RunTime:0.000762s ]
SQL: SHOW COLUMNS FROM `dep_info` [ RunTime:0.0204s ]
SQL: SHOW COLUMNS FROM `job_info` [ RunTime:0.0131s ]
SQL: select id from dep_info where dep_name ="asa" [ RunTime:0.0003s ]
SQL: select id from job_info where job_name ="" [ RunTime:0.0002s ]

[ 2018-05-30T21:31:09+08:00 ] 127.0.0.1 /index.php/Home/UserInfo
INFO: [ app_init ] --START--
INFO: Run Behavior\BuildLiteBehavior [ RunTime:0.000010s ]
INFO: [ app_init ] --END-- [ RunTime:0.000375s ]
INFO: [ app_begin ] --START--
INFO: Run Behavior\ReadHtmlCacheBehavior [ RunTime:0.000493s ]
INFO: [ app_begin ] --END-- [ RunTime:0.000520s ]
NOTIC: [2] Declaration of Home\Model\UserModel::check($work_id, $password) should be compatible with Think\Model::check($value, $rule, $type = 'regex') D:\xampp\htdocs\Attendance\Application\Home\Model\UserModel.class.php 第 6 行.
SQL: SHOW COLUMNS FROM `user` [ RunTime:0.0253s ]
SQL: SHOW COLUMNS FROM `dep_info` [ RunTime:0.0103s ]
SQL: SHOW COLUMNS FROM `job_info` [ RunTime:0.0087s ]
SQL: SHOW COLUMNS FROM `kaoqin` [ RunTime:0.0110s ]
SQL: SELECT * from user [ RunTime:0.0004s ]
SQL: select * from job_info [ RunTime:0.0002s ]
SQL: select * from dep_info [ RunTime:0.0002s ]
SQL: select * from kaoqin [ RunTime:0.0002s ]
INFO: [ view_parse ] --START--
INFO: [ template_filter ] --START--
INFO: Run Behavior\ContentReplaceBehavior [ RunTime:0.000041s ]
INFO: [ template_filter ] --END-- [ RunTime:0.000086s ]
INFO: Run Behavior\ParseTemplateBehavior [ RunTime:0.010205s ]
INFO: [ view_parse ] --END-- [ RunTime:0.010246s ]
INFO: [ view_filter ] --START--
INFO: Run Behavior\WriteHtmlCacheBehavior [ RunTime:0.000356s ]
INFO: [ view_filter ] --END-- [ RunTime:0.000378s ]
INFO: [ app_end ] --START--
INFO: Run Behavior\ShowPageTraceBehavior [ RunTime:0.000594s ]
INFO: [ app_end ] --END-- [ RunTime:0.000625s ]

[ 2018-05-30T21:34:03+08:00 ] 127.0.0.1 /index.php/Home/User/kaoqin
INFO: [ app_init ] --START--
INFO: Run Behavior\BuildLiteBehavior [ RunTime:0.000011s ]
INFO: [ app_init ] --END-- [ RunTime:0.000405s ]
INFO: [ app_begin ] --START--
INFO: Run Behavior\ReadHtmlCacheBehavior [ RunTime:0.000807s ]
INFO: [ app_begin ] --END-- [ RunTime:0.000884s ]
INFO: [ app_end ] --START--
INFO: Run Behavior\ShowPageTraceBehavior [ RunTime:0.000678s ]
INFO: [ app_end ] --END-- [ RunTime:0.000715s ]

[ 2018-05-30T21:34:03+08:00 ] 127.0.0.1 /index.php/Home/User/Index
INFO: [ app_init ] --START--
INFO: Run Behavior\BuildLiteBehavior [ RunTime:0.000007s ]
INFO: [ app_init ] --END-- [ RunTime:0.000281s ]
INFO: [ app_begin ] --START--
INFO: Run Behavior\ReadHtmlCacheBehavior [ RunTime:0.000448s ]
INFO: [ app_begin ] --END-- [ RunTime:0.000477s ]
INFO: [ view_parse ] --START--
INFO: [ template_filter ] --START--
INFO: Run Behavior\ContentReplaceBehavior [ RunTime:0.000077s ]
INFO: [ template_filter ] --END-- [ RunTime:0.000165s ]
INFO: Run Behavior\ParseTemplateBehavior [ RunTime:0.008040s ]
INFO: [ view_parse ] --END-- [ RunTime:0.008096s ]
INFO: [ view_filter ] --START--
INFO: Run Behavior\WriteHtmlCacheBehavior [ RunTime:0.000717s ]
INFO: [ view_filter ] --END-- [ RunTime:0.000766s ]
INFO: [ app_end ] --START--
INFO: Run Behavior\ShowPageTraceBehavior [ RunTime:0.000508s ]
INFO: [ app_end ] --END-- [ RunTime:0.000533s ]

[ 2018-05-30T21:34:15+08:00 ] 127.0.0.1 /index.php/Home/User
INFO: [ app_init ] --START--
INFO: Run Behavior\BuildLiteBehavior [ RunTime:0.000009s ]
INFO: [ app_init ] --END-- [ RunTime:0.000295s ]
INFO: [ app_begin ] --START--
INFO: Run Behavior\ReadHtmlCacheBehavior [ RunTime:0.000385s ]
INFO: [ app_begin ] --END-- [ RunTime:0.000409s ]
NOTIC: [2] Declaration of Home\Model\UserModel::check($work_id, $password) should be compatible with Think\Model::check($value, $rule, $type = 'regex') D:\xampp\htdocs\Attendance\Application\Home\Model\UserModel.class.php 第 6 行.
SQL: SHOW COLUMNS FROM `user` [ RunTime:0.0158s ]
SQL: SELECT `password` FROM `user` WHERE ( work_id = 2016214238 ) LIMIT 1   [ RunTime:0.0003s ]

[ 2018-05-30T21:34:15+08:00 ] 127.0.0.1 /index.php/Home/User/kaoqin
INFO: [ app_init ] --START--
INFO: Run Behavior\BuildLiteBehavior [ RunTime:0.000010s ]
INFO: [ app_init ] --END-- [ RunTime:0.000367s ]
INFO: [ app_begin ] --START--
INFO: Run Behavior\ReadHtmlCacheBehavior [ RunTime:0.000615s ]
INFO: [ app_begin ] --END-- [ RunTime:0.000718s ]
INFO: [ view_parse ] --START--
INFO: [ template_filter ] --START--
INFO: Run Behavior\ContentReplaceBehavior [ RunTime:0.000034s ]
INFO: [ template_filter ] --END-- [ RunTime:0.000062s ]
INFO: Run Behavior\ParseTemplateBehavior [ RunTime:0.005339s ]
INFO: [ view_parse ] --END-- [ RunTime:0.005388s ]
INFO: [ view_filter ] --START--
INFO: Run Behavior\WriteHtmlCacheBehavior [ RunTime:0.000273s ]
INFO: [ view_filter ] --END-- [ RunTime:0.000296s ]
INFO: [ app_end ] --START--
INFO: Run Behavior\ShowPageTraceBehavior [ RunTime:0.000409s ]
INFO: [ app_end ] --END-- [ RunTime:0.000431s ]

