[ 2019-05-26T13:58:08+08:00 ] 127.0.0.1 /
INFO: [ app_init ] --START--
INFO: Run Behavior\BuildLiteBehavior [ RunTime:0.000000s ]
INFO: [ app_init ] --END-- [ RunTime:0.002000s ]
INFO: [ app_begin ] --START--
INFO: Run Behavior\ReadHtmlCacheBehavior [ RunTime:0.002001s ]
INFO: [ app_begin ] --END-- [ RunTime:0.002001s ]
INFO: [ view_parse ] --START--
INFO: [ template_filter ] --START--
INFO: Run Behavior\ContentReplaceBehavior [ RunTime:0.015001s ]
INFO: [ template_filter ] --END-- [ RunTime:0.015001s ]
INFO: Run Behavior\ParseTemplateBehavior [ RunTime:0.045002s ]
INFO: [ view_parse ] --END-- [ RunTime:0.045002s ]
INFO: [ view_filter ] --START--
INFO: Run Behavior\WriteHtmlCacheBehavior [ RunTime:0.002001s ]
INFO: [ view_filter ] --END-- [ RunTime:0.002001s ]
INFO: [ app_end ] --START--
INFO: Run Behavior\ShowPageTraceBehavior [ RunTime:0.002000s ]
INFO: [ app_end ] --END-- [ RunTime:0.002000s ]

[ 2019-05-26T13:58:27+08:00 ] 127.0.0.1 /index.php/Home/User
INFO: [ app_init ] --START--
INFO: Run Behavior\BuildLiteBehavior [ RunTime:0.000000s ]
INFO: [ app_init ] --END-- [ RunTime:0.001000s ]
INFO: [ app_begin ] --START--
INFO: Run Behavior\ReadHtmlCacheBehavior [ RunTime:0.001000s ]
INFO: [ app_begin ] --END-- [ RunTime:0.001000s ]
NOTIC: [2] Declaration of Home\Model\UserModel::check($work_id, $password) should be compatible with Think\Model::check($value, $rule, $type = 'regex') D:\xampp\htdocs\html\Attendance\Application\Home\Model\UserModel.class.php 第 6 行.
SQL: SHOW COLUMNS FROM `user` [ RunTime:0.0400s ]
SQL: SELECT `password` FROM `user` WHERE ( work_id = 2016210686 ) LIMIT 1   [ RunTime:0.0180s ]

[ 2019-05-26T13:58:28+08:00 ] 127.0.0.1 /index.php/Home/User/kaoqin
INFO: [ app_init ] --START--
INFO: Run Behavior\BuildLiteBehavior [ RunTime:0.000000s ]
INFO: [ app_init ] --END-- [ RunTime:0.001000s ]
INFO: [ app_begin ] --START--
INFO: Run Behavior\ReadHtmlCacheBehavior [ RunTime:0.001000s ]
INFO: [ app_begin ] --END-- [ RunTime:0.001000s ]
INFO: [ view_parse ] --START--
INFO: [ template_filter ] --START--
INFO: Run Behavior\ContentReplaceBehavior [ RunTime:0.000000s ]
INFO: [ template_filter ] --END-- [ RunTime:0.000000s ]
INFO: Run Behavior\ParseTemplateBehavior [ RunTime:0.022002s ]
INFO: [ view_parse ] --END-- [ RunTime:0.022002s ]
INFO: [ view_filter ] --START--
INFO: Run Behavior\WriteHtmlCacheBehavior [ RunTime:0.001000s ]
INFO: [ view_filter ] --END-- [ RunTime:0.001000s ]
INFO: [ app_end ] --START--
INFO: Run Behavior\ShowPageTraceBehavior [ RunTime:0.001000s ]
INFO: [ app_end ] --END-- [ RunTime:0.001000s ]

[ 2019-05-26T13:58:33+08:00 ] 127.0.0.1 /index.php/Home/User/kaoqin
INFO: [ app_init ] --START--
INFO: Run Behavior\BuildLiteBehavior [ RunTime:0.000000s ]
INFO: [ app_init ] --END-- [ RunTime:0.001000s ]
INFO: [ app_begin ] --START--
INFO: Run Behavior\ReadHtmlCacheBehavior [ RunTime:0.001000s ]
INFO: [ app_begin ] --END-- [ RunTime:0.001000s ]
SQL: SHOW COLUMNS FROM `kaoqin` [ RunTime:0.0100s ]
SQL: select work_id from kaoqin where work_id=2016210686 [ RunTime:0.0170s ]

[ 2019-05-26T13:58:42+08:00 ] 127.0.0.1 /index.php/Home/User/kaoqin
INFO: [ app_init ] --START--
INFO: Run Behavior\BuildLiteBehavior [ RunTime:0.000000s ]
INFO: [ app_init ] --END-- [ RunTime:0.001000s ]
INFO: [ app_begin ] --START--
INFO: Run Behavior\ReadHtmlCacheBehavior [ RunTime:0.001001s ]
INFO: [ app_begin ] --END-- [ RunTime:0.001001s ]
INFO: [ view_parse ] --START--
INFO: [ template_filter ] --START--
INFO: Run Behavior\ContentReplaceBehavior [ RunTime:0.000000s ]
INFO: [ template_filter ] --END-- [ RunTime:0.000000s ]
INFO: Run Behavior\ParseTemplateBehavior [ RunTime:0.011000s ]
INFO: [ view_parse ] --END-- [ RunTime:0.011000s ]
INFO: [ view_filter ] --START--
INFO: Run Behavior\WriteHtmlCacheBehavior [ RunTime:0.001000s ]
INFO: [ view_filter ] --END-- [ RunTime:0.001000s ]
INFO: [ app_end ] --START--
INFO: Run Behavior\ShowPageTraceBehavior [ RunTime:0.001000s ]
INFO: [ app_end ] --END-- [ RunTime:0.001000s ]

[ 2019-05-26T13:58:45+08:00 ] 127.0.0.1 /index.php/Home/KaoqinInfo
INFO: [ app_init ] --START--
INFO: Run Behavior\BuildLiteBehavior [ RunTime:0.000000s ]
INFO: [ app_init ] --END-- [ RunTime:0.000000s ]
INFO: [ app_begin ] --START--
INFO: Run Behavior\ReadHtmlCacheBehavior [ RunTime:0.001000s ]
INFO: [ app_begin ] --END-- [ RunTime:0.001000s ]
NOTIC: [2] Declaration of Home\Model\UserModel::check($work_id, $password) should be compatible with Think\Model::check($value, $rule, $type = 'regex') D:\xampp\htdocs\html\Attendance\Application\Home\Model\UserModel.class.php 第 6 行.
SQL: SHOW COLUMNS FROM `user` [ RunTime:0.0040s ]
SQL: SHOW COLUMNS FROM `dep_info` [ RunTime:0.0330s ]
SQL: SHOW COLUMNS FROM `job_info` [ RunTime:0.0050s ]
SQL: SHOW COLUMNS FROM `kaoqin` [ RunTime:0.0030s ]
SQL: SELECT * from user [ RunTime:0.0010s ]
SQL: select * from job_info [ RunTime:0.0000s ]
SQL: select * from dep_info [ RunTime:0.0010s ]
SQL: select * from kaoqin [ RunTime:0.0070s ]
INFO: [ view_parse ] --START--
INFO: [ template_filter ] --START--
INFO: Run Behavior\ContentReplaceBehavior [ RunTime:0.000000s ]
INFO: [ template_filter ] --END-- [ RunTime:0.000000s ]
NOTIC: [8] Undefined index: start D:\xampp\htdocs\html\Attendance\Application\Runtime\Cache\Home\3692e44518463d0af4f250fbdd61fd8d.php 第 62 行.
NOTIC: [8] Undefined index: end D:\xampp\htdocs\html\Attendance\Application\Runtime\Cache\Home\3692e44518463d0af4f250fbdd61fd8d.php 第 63 行.
NOTIC: [8] Undefined index: day D:\xampp\htdocs\html\Attendance\Application\Runtime\Cache\Home\3692e44518463d0af4f250fbdd61fd8d.php 第 64 行.
NOTIC: [8] Undefined index: status D:\xampp\htdocs\html\Attendance\Application\Runtime\Cache\Home\3692e44518463d0af4f250fbdd61fd8d.php 第 65 行.
NOTIC: [8] Undefined index: start D:\xampp\htdocs\html\Attendance\Application\Runtime\Cache\Home\3692e44518463d0af4f250fbdd61fd8d.php 第 62 行.
NOTIC: [8] Undefined index: end D:\xampp\htdocs\html\Attendance\Application\Runtime\Cache\Home\3692e44518463d0af4f250fbdd61fd8d.php 第 63 行.
NOTIC: [8] Undefined index: day D:\xampp\htdocs\html\Attendance\Application\Runtime\Cache\Home\3692e44518463d0af4f250fbdd61fd8d.php 第 64 行.
NOTIC: [8] Undefined index: status D:\xampp\htdocs\html\Attendance\Application\Runtime\Cache\Home\3692e44518463d0af4f250fbdd61fd8d.php 第 65 行.
NOTIC: [8] Undefined index: start D:\xampp\htdocs\html\Attendance\Application\Runtime\Cache\Home\3692e44518463d0af4f250fbdd61fd8d.php 第 62 行.
NOTIC: [8] Undefined index: end D:\xampp\htdocs\html\Attendance\Application\Runtime\Cache\Home\3692e44518463d0af4f250fbdd61fd8d.php 第 63 行.
NOTIC: [8] Undefined index: day D:\xampp\htdocs\html\Attendance\Application\Runtime\Cache\Home\3692e44518463d0af4f250fbdd61fd8d.php 第 64 行.
NOTIC: [8] Undefined index: status D:\xampp\htdocs\html\Attendance\Application\Runtime\Cache\Home\3692e44518463d0af4f250fbdd61fd8d.php 第 65 行.
NOTIC: [8] Undefined index: start D:\xampp\htdocs\html\Attendance\Application\Runtime\Cache\Home\3692e44518463d0af4f250fbdd61fd8d.php 第 62 行.
NOTIC: [8] Undefined index: end D:\xampp\htdocs\html\Attendance\Application\Runtime\Cache\Home\3692e44518463d0af4f250fbdd61fd8d.php 第 63 行.
NOTIC: [8] Undefined index: day D:\xampp\htdocs\html\Attendance\Application\Runtime\Cache\Home\3692e44518463d0af4f250fbdd61fd8d.php 第 64 行.
NOTIC: [8] Undefined index: status D:\xampp\htdocs\html\Attendance\Application\Runtime\Cache\Home\3692e44518463d0af4f250fbdd61fd8d.php 第 65 行.
NOTIC: [8] Undefined index: start D:\xampp\htdocs\html\Attendance\Application\Runtime\Cache\Home\3692e44518463d0af4f250fbdd61fd8d.php 第 62 行.
NOTIC: [8] Undefined index: end D:\xampp\htdocs\html\Attendance\Application\Runtime\Cache\Home\3692e44518463d0af4f250fbdd61fd8d.php 第 63 行.
NOTIC: [8] Undefined index: day D:\xampp\htdocs\html\Attendance\Application\Runtime\Cache\Home\3692e44518463d0af4f250fbdd61fd8d.php 第 64 行.
NOTIC: [8] Undefined index: status D:\xampp\htdocs\html\Attendance\Application\Runtime\Cache\Home\3692e44518463d0af4f250fbdd61fd8d.php 第 65 行.
NOTIC: [8] Undefined index: start D:\xampp\htdocs\html\Attendance\Application\Runtime\Cache\Home\3692e44518463d0af4f250fbdd61fd8d.php 第 62 行.
NOTIC: [8] Undefined index: end D:\xampp\htdocs\html\Attendance\Application\Runtime\Cache\Home\3692e44518463d0af4f250fbdd61fd8d.php 第 63 行.
NOTIC: [8] Undefined index: day D:\xampp\htdocs\html\Attendance\Application\Runtime\Cache\Home\3692e44518463d0af4f250fbdd61fd8d.php 第 64 行.
NOTIC: [8] Undefined index: status D:\xampp\htdocs\html\Attendance\Application\Runtime\Cache\Home\3692e44518463d0af4f250fbdd61fd8d.php 第 65 行.
NOTIC: [8] Undefined index: start D:\xampp\htdocs\html\Attendance\Application\Runtime\Cache\Home\3692e44518463d0af4f250fbdd61fd8d.php 第 62 行.
NOTIC: [8] Undefined index: end D:\xampp\htdocs\html\Attendance\Application\Runtime\Cache\Home\3692e44518463d0af4f250fbdd61fd8d.php 第 63 行.
NOTIC: [8] Undefined index: day D:\xampp\htdocs\html\Attendance\Application\Runtime\Cache\Home\3692e44518463d0af4f250fbdd61fd8d.php 第 64 行.
NOTIC: [8] Undefined index: status D:\xampp\htdocs\html\Attendance\Application\Runtime\Cache\Home\3692e44518463d0af4f250fbdd61fd8d.php 第 65 行.
NOTIC: [8] Undefined index: start D:\xampp\htdocs\html\Attendance\Application\Runtime\Cache\Home\3692e44518463d0af4f250fbdd61fd8d.php 第 62 行.
NOTIC: [8] Undefined index: end D:\xampp\htdocs\html\Attendance\Application\Runtime\Cache\Home\3692e44518463d0af4f250fbdd61fd8d.php 第 63 行.
NOTIC: [8] Undefined index: day D:\xampp\htdocs\html\Attendance\Application\Runtime\Cache\Home\3692e44518463d0af4f250fbdd61fd8d.php 第 64 行.
NOTIC: [8] Undefined index: status D:\xampp\htdocs\html\Attendance\Application\Runtime\Cache\Home\3692e44518463d0af4f250fbdd61fd8d.php 第 65 行.
NOTIC: [8] Undefined index: start D:\xampp\htdocs\html\Attendance\Application\Runtime\Cache\Home\3692e44518463d0af4f250fbdd61fd8d.php 第 62 行.
NOTIC: [8] Undefined index: end D:\xampp\htdocs\html\Attendance\Application\Runtime\Cache\Home\3692e44518463d0af4f250fbdd61fd8d.php 第 63 行.
NOTIC: [8] Undefined index: day D:\xampp\htdocs\html\Attendance\Application\Runtime\Cache\Home\3692e44518463d0af4f250fbdd61fd8d.php 第 64 行.
NOTIC: [8] Undefined index: status D:\xampp\htdocs\html\Attendance\Application\Runtime\Cache\Home\3692e44518463d0af4f250fbdd61fd8d.php 第 65 行.
NOTIC: [8] Undefined index: start D:\xampp\htdocs\html\Attendance\Application\Runtime\Cache\Home\3692e44518463d0af4f250fbdd61fd8d.php 第 62 行.
NOTIC: [8] Undefined index: end D:\xampp\htdocs\html\Attendance\Application\Runtime\Cache\Home\3692e44518463d0af4f250fbdd61fd8d.php 第 63 行.
NOTIC: [8] Undefined index: day D:\xampp\htdocs\html\Attendance\Application\Runtime\Cache\Home\3692e44518463d0af4f250fbdd61fd8d.php 第 64 行.
NOTIC: [8] Undefined index: status D:\xampp\htdocs\html\Attendance\Application\Runtime\Cache\Home\3692e44518463d0af4f250fbdd61fd8d.php 第 65 行.
INFO: Run Behavior\ParseTemplateBehavior [ RunTime:0.008000s ]
INFO: [ view_parse ] --END-- [ RunTime:0.008000s ]
INFO: [ view_filter ] --START--
INFO: Run Behavior\WriteHtmlCacheBehavior [ RunTime:0.001000s ]
INFO: [ view_filter ] --END-- [ RunTime:0.001000s ]
INFO: [ app_end ] --START--
INFO: Run Behavior\ShowPageTraceBehavior [ RunTime:0.001001s ]
INFO: [ app_end ] --END-- [ RunTime:0.001001s ]

[ 2019-05-26T13:58:54+08:00 ] 127.0.0.1 /index.php/Home/UserInfo
INFO: [ app_init ] --START--
INFO: Run Behavior\BuildLiteBehavior [ RunTime:0.000000s ]
INFO: [ app_init ] --END-- [ RunTime:0.001000s ]
INFO: [ app_begin ] --START--
INFO: Run Behavior\ReadHtmlCacheBehavior [ RunTime:0.000000s ]
INFO: [ app_begin ] --END-- [ RunTime:0.000000s ]
NOTIC: [2] Declaration of Home\Model\UserModel::check($work_id, $password) should be compatible with Think\Model::check($value, $rule, $type = 'regex') D:\xampp\htdocs\html\Attendance\Application\Home\Model\UserModel.class.php 第 6 行.
SQL: SHOW COLUMNS FROM `user` [ RunTime:0.0040s ]
SQL: SHOW COLUMNS FROM `dep_info` [ RunTime:0.0040s ]
SQL: SHOW COLUMNS FROM `job_info` [ RunTime:0.0040s ]
SQL: SHOW COLUMNS FROM `kaoqin` [ RunTime:0.0030s ]
SQL: SELECT * from user [ RunTime:0.0010s ]
SQL: select * from job_info [ RunTime:0.0000s ]
SQL: select * from dep_info [ RunTime:0.0000s ]
SQL: select * from kaoqin [ RunTime:0.0010s ]
INFO: [ view_parse ] --START--
INFO: [ template_filter ] --START--
INFO: Run Behavior\ContentReplaceBehavior [ RunTime:0.000000s ]
INFO: [ template_filter ] --END-- [ RunTime:0.000000s ]
INFO: Run Behavior\ParseTemplateBehavior [ RunTime:0.008001s ]
INFO: [ view_parse ] --END-- [ RunTime:0.008001s ]
INFO: [ view_filter ] --START--
INFO: Run Behavior\WriteHtmlCacheBehavior [ RunTime:0.000000s ]
INFO: [ view_filter ] --END-- [ RunTime:0.000000s ]
INFO: [ app_end ] --START--
INFO: Run Behavior\ShowPageTraceBehavior [ RunTime:0.001000s ]
INFO: [ app_end ] --END-- [ RunTime:0.001000s ]

[ 2019-05-26T13:59:12+08:00 ] 127.0.0.1 /index.php/Home/User/add
INFO: [ app_init ] --START--
INFO: Run Behavior\BuildLiteBehavior [ RunTime:0.000000s ]
INFO: [ app_init ] --END-- [ RunTime:0.001000s ]
INFO: [ app_begin ] --START--
INFO: Run Behavior\ReadHtmlCacheBehavior [ RunTime:0.001000s ]
INFO: [ app_begin ] --END-- [ RunTime:0.001000s ]
INFO: [ view_parse ] --START--
INFO: [ template_filter ] --START--
INFO: Run Behavior\ContentReplaceBehavior [ RunTime:0.000000s ]
INFO: [ template_filter ] --END-- [ RunTime:0.000000s ]
INFO: Run Behavior\ParseTemplateBehavior [ RunTime:0.036002s ]
INFO: [ view_parse ] --END-- [ RunTime:0.036002s ]
INFO: [ view_filter ] --START--
INFO: Run Behavior\WriteHtmlCacheBehavior [ RunTime:0.001000s ]
INFO: [ view_filter ] --END-- [ RunTime:0.001000s ]
INFO: [ app_end ] --START--
INFO: Run Behavior\ShowPageTraceBehavior [ RunTime:0.001000s ]
INFO: [ app_end ] --END-- [ RunTime:0.001000s ]

[ 2019-05-26T13:59:19+08:00 ] 127.0.0.1 /index.php/Home/UserInfo
INFO: [ app_init ] --START--
INFO: Run Behavior\BuildLiteBehavior [ RunTime:0.000000s ]
INFO: [ app_init ] --END-- [ RunTime:0.001001s ]
INFO: [ app_begin ] --START--
INFO: Run Behavior\ReadHtmlCacheBehavior [ RunTime:0.001000s ]
INFO: [ app_begin ] --END-- [ RunTime:0.001000s ]
NOTIC: [2] Declaration of Home\Model\UserModel::check($work_id, $password) should be compatible with Think\Model::check($value, $rule, $type = 'regex') D:\xampp\htdocs\html\Attendance\Application\Home\Model\UserModel.class.php 第 6 行.
SQL: SHOW COLUMNS FROM `user` [ RunTime:0.0040s ]
SQL: SHOW COLUMNS FROM `dep_info` [ RunTime:0.0040s ]
SQL: SHOW COLUMNS FROM `job_info` [ RunTime:0.0040s ]
SQL: SHOW COLUMNS FROM `kaoqin` [ RunTime:0.0040s ]
SQL: SELECT * from user [ RunTime:0.0000s ]
SQL: select * from job_info [ RunTime:0.0010s ]
SQL: select * from dep_info [ RunTime:0.0000s ]
SQL: select * from kaoqin [ RunTime:0.0000s ]
INFO: [ view_parse ] --START--
INFO: [ template_filter ] --START--
INFO: Run Behavior\ContentReplaceBehavior [ RunTime:0.000000s ]
INFO: [ template_filter ] --END-- [ RunTime:0.000000s ]
INFO: Run Behavior\ParseTemplateBehavior [ RunTime:0.008001s ]
INFO: [ view_parse ] --END-- [ RunTime:0.008001s ]
INFO: [ view_filter ] --START--
INFO: Run Behavior\WriteHtmlCacheBehavior [ RunTime:0.000000s ]
INFO: [ view_filter ] --END-- [ RunTime:0.000000s ]
INFO: [ app_end ] --START--
INFO: Run Behavior\ShowPageTraceBehavior [ RunTime:0.001000s ]
INFO: [ app_end ] --END-- [ RunTime:0.001000s ]

[ 2019-05-26T14:00:18+08:00 ] 127.0.0.1 /index.php/Home/User/kaoqin
INFO: [ app_init ] --START--
INFO: Run Behavior\BuildLiteBehavior [ RunTime:0.000000s ]
INFO: [ app_init ] --END-- [ RunTime:0.001000s ]
INFO: [ app_begin ] --START--
INFO: Run Behavior\ReadHtmlCacheBehavior [ RunTime:0.001000s ]
INFO: [ app_begin ] --END-- [ RunTime:0.001000s ]
INFO: [ view_parse ] --START--
INFO: [ template_filter ] --START--
INFO: Run Behavior\ContentReplaceBehavior [ RunTime:0.000000s ]
INFO: [ template_filter ] --END-- [ RunTime:0.000000s ]
INFO: Run Behavior\ParseTemplateBehavior [ RunTime:0.010001s ]
INFO: [ view_parse ] --END-- [ RunTime:0.010001s ]
INFO: [ view_filter ] --START--
INFO: Run Behavior\WriteHtmlCacheBehavior [ RunTime:0.001000s ]
INFO: [ view_filter ] --END-- [ RunTime:0.001000s ]
INFO: [ app_end ] --START--
INFO: Run Behavior\ShowPageTraceBehavior [ RunTime:0.001000s ]
INFO: [ app_end ] --END-- [ RunTime:0.001000s ]

[ 2019-05-26T14:00:20+08:00 ] 127.0.0.1 /index.php/Home/User/kaoqin
INFO: [ app_init ] --START--
INFO: Run Behavior\BuildLiteBehavior [ RunTime:0.000000s ]
INFO: [ app_init ] --END-- [ RunTime:0.001000s ]
INFO: [ app_begin ] --START--
INFO: Run Behavior\ReadHtmlCacheBehavior [ RunTime:0.000000s ]
INFO: [ app_begin ] --END-- [ RunTime:0.000000s ]
SQL: SHOW COLUMNS FROM `kaoqin` [ RunTime:0.0040s ]
SQL: select work_id from kaoqin where work_id=2016210686 [ RunTime:0.0000s ]

[ 2019-05-26T14:00:30+08:00 ] 127.0.0.1 /index.php/Home/User/kaoqin
INFO: [ app_init ] --START--
INFO: Run Behavior\BuildLiteBehavior [ RunTime:0.000000s ]
INFO: [ app_init ] --END-- [ RunTime:0.001000s ]
INFO: [ app_begin ] --START--
INFO: Run Behavior\ReadHtmlCacheBehavior [ RunTime:0.002000s ]
INFO: [ app_begin ] --END-- [ RunTime:0.002000s ]
SQL: SHOW COLUMNS FROM `kaoqin` [ RunTime:0.0040s ]
SQL: select work_id from kaoqin where work_id=2016210686 [ RunTime:0.0000s ]

[ 2019-05-26T14:01:17+08:00 ] 127.0.0.1 /index.php/Home/User/kaoqin
INFO: [ app_init ] --START--
INFO: Run Behavior\BuildLiteBehavior [ RunTime:0.000000s ]
INFO: [ app_init ] --END-- [ RunTime:0.001000s ]
INFO: [ app_begin ] --START--
INFO: Run Behavior\ReadHtmlCacheBehavior [ RunTime:0.001000s ]
INFO: [ app_begin ] --END-- [ RunTime:0.002000s ]
SQL: SHOW COLUMNS FROM `kaoqin` [ RunTime:0.0040s ]
SQL: select work_id from kaoqin where work_id=2016210686 [ RunTime:0.0000s ]

[ 2019-05-26T14:05:23+08:00 ] 127.0.0.1 /index.php/Home/User/sign_out
INFO: [ app_init ] --START--
INFO: Run Behavior\BuildLiteBehavior [ RunTime:0.000000s ]
INFO: [ app_init ] --END-- [ RunTime:0.001000s ]
INFO: [ app_begin ] --START--
INFO: Run Behavior\ReadHtmlCacheBehavior [ RunTime:0.001000s ]
INFO: [ app_begin ] --END-- [ RunTime:0.001000s ]
INFO: [ app_end ] --START--
INFO: Run Behavior\ShowPageTraceBehavior [ RunTime:0.001000s ]
INFO: [ app_end ] --END-- [ RunTime:0.001000s ]

[ 2019-05-26T14:05:23+08:00 ] 127.0.0.1 /index.php/Home/User
INFO: [ app_init ] --START--
INFO: Run Behavior\BuildLiteBehavior [ RunTime:0.000000s ]
INFO: [ app_init ] --END-- [ RunTime:0.000000s ]
INFO: [ app_begin ] --START--
INFO: Run Behavior\ReadHtmlCacheBehavior [ RunTime:0.001000s ]
INFO: [ app_begin ] --END-- [ RunTime:0.001000s ]
INFO: [ view_parse ] --START--
INFO: [ template_filter ] --START--
INFO: Run Behavior\ContentReplaceBehavior [ RunTime:0.000000s ]
INFO: [ template_filter ] --END-- [ RunTime:0.000000s ]
INFO: Run Behavior\ParseTemplateBehavior [ RunTime:0.008001s ]
INFO: [ view_parse ] --END-- [ RunTime:0.008001s ]
INFO: [ view_filter ] --START--
INFO: Run Behavior\WriteHtmlCacheBehavior [ RunTime:0.000000s ]
INFO: [ view_filter ] --END-- [ RunTime:0.000000s ]
INFO: [ app_end ] --START--
INFO: Run Behavior\ShowPageTraceBehavior [ RunTime:0.000000s ]
INFO: [ app_end ] --END-- [ RunTime:0.000000s ]

[ 2019-05-26T14:05:38+08:00 ] 127.0.0.1 /index.php/Home/User
INFO: [ app_init ] --START--
INFO: Run Behavior\BuildLiteBehavior [ RunTime:0.000000s ]
INFO: [ app_init ] --END-- [ RunTime:0.000000s ]
INFO: [ app_begin ] --START--
INFO: Run Behavior\ReadHtmlCacheBehavior [ RunTime:0.001000s ]
INFO: [ app_begin ] --END-- [ RunTime:0.001000s ]
NOTIC: [2] Declaration of Home\Model\UserModel::check($work_id, $password) should be compatible with Think\Model::check($value, $rule, $type = 'regex') D:\xampp\htdocs\html\Attendance\Application\Home\Model\UserModel.class.php 第 6 行.
SQL: SHOW COLUMNS FROM `user` [ RunTime:0.0040s ]
SQL: SELECT `password` FROM `user` WHERE ( work_id = 2016210686 ) LIMIT 1   [ RunTime:0.0010s ]

[ 2019-05-26T14:05:38+08:00 ] 127.0.0.1 /index.php/Home/User/kaoqin
INFO: [ app_init ] --START--
INFO: Run Behavior\BuildLiteBehavior [ RunTime:0.000000s ]
INFO: [ app_init ] --END-- [ RunTime:0.000000s ]
INFO: [ app_begin ] --START--
INFO: Run Behavior\ReadHtmlCacheBehavior [ RunTime:0.001000s ]
INFO: [ app_begin ] --END-- [ RunTime:0.001000s ]
INFO: [ view_parse ] --START--
INFO: [ template_filter ] --START--
INFO: Run Behavior\ContentReplaceBehavior [ RunTime:0.000000s ]
INFO: [ template_filter ] --END-- [ RunTime:0.000000s ]
INFO: Run Behavior\ParseTemplateBehavior [ RunTime:0.007001s ]
INFO: [ view_parse ] --END-- [ RunTime:0.007001s ]
INFO: [ view_filter ] --START--
INFO: Run Behavior\WriteHtmlCacheBehavior [ RunTime:0.000000s ]
INFO: [ view_filter ] --END-- [ RunTime:0.000000s ]
INFO: [ app_end ] --START--
INFO: Run Behavior\ShowPageTraceBehavior [ RunTime:0.001000s ]
INFO: [ app_end ] --END-- [ RunTime:0.001000s ]

[ 2019-05-26T14:05:44+08:00 ] 127.0.0.1 /index.php/Home/User/kaoqin
INFO: [ app_init ] --START--
INFO: Run Behavior\BuildLiteBehavior [ RunTime:0.000000s ]
INFO: [ app_init ] --END-- [ RunTime:0.001000s ]
INFO: [ app_begin ] --START--
INFO: Run Behavior\ReadHtmlCacheBehavior [ RunTime:0.001000s ]
INFO: [ app_begin ] --END-- [ RunTime:0.001000s ]
INFO: [ view_parse ] --START--
INFO: [ template_filter ] --START--
INFO: Run Behavior\ContentReplaceBehavior [ RunTime:0.000000s ]
INFO: [ template_filter ] --END-- [ RunTime:0.001000s ]
INFO: Run Behavior\ParseTemplateBehavior [ RunTime:0.009001s ]
INFO: [ view_parse ] --END-- [ RunTime:0.009001s ]
INFO: [ view_filter ] --START--
INFO: Run Behavior\WriteHtmlCacheBehavior [ RunTime:0.001000s ]
INFO: [ view_filter ] --END-- [ RunTime:0.001000s ]
INFO: [ app_end ] --START--
INFO: Run Behavior\ShowPageTraceBehavior [ RunTime:0.001000s ]
INFO: [ app_end ] --END-- [ RunTime:0.001000s ]

[ 2019-05-26T14:05:46+08:00 ] 127.0.0.1 /index.php/Home/KaoqinInfo
INFO: [ app_init ] --START--
INFO: Run Behavior\BuildLiteBehavior [ RunTime:0.000000s ]
INFO: [ app_init ] --END-- [ RunTime:0.001000s ]
INFO: [ app_begin ] --START--
INFO: Run Behavior\ReadHtmlCacheBehavior [ RunTime:0.000000s ]
INFO: [ app_begin ] --END-- [ RunTime:0.000000s ]
NOTIC: [2] Declaration of Home\Model\UserModel::check($work_id, $password) should be compatible with Think\Model::check($value, $rule, $type = 'regex') D:\xampp\htdocs\html\Attendance\Application\Home\Model\UserModel.class.php 第 6 行.
SQL: SHOW COLUMNS FROM `user` [ RunTime:0.0080s ]
SQL: SHOW COLUMNS FROM `dep_info` [ RunTime:0.0050s ]
SQL: SHOW COLUMNS FROM `job_info` [ RunTime:0.0040s ]
SQL: SHOW COLUMNS FROM `kaoqin` [ RunTime:0.0050s ]
SQL: SELECT * from user [ RunTime:0.0000s ]
SQL: select * from job_info [ RunTime:0.0010s ]
SQL: select * from dep_info [ RunTime:0.0000s ]
SQL: select * from kaoqin [ RunTime:0.0000s ]
INFO: [ view_parse ] --START--
INFO: [ template_filter ] --START--
INFO: Run Behavior\ContentReplaceBehavior [ RunTime:0.000000s ]
INFO: [ template_filter ] --END-- [ RunTime:0.000000s ]
NOTIC: [8] Undefined index: start D:\xampp\htdocs\html\Attendance\Application\Runtime\Cache\Home\3692e44518463d0af4f250fbdd61fd8d.php 第 62 行.
NOTIC: [8] Undefined index: end D:\xampp\htdocs\html\Attendance\Application\Runtime\Cache\Home\3692e44518463d0af4f250fbdd61fd8d.php 第 63 行.
NOTIC: [8] Undefined index: day D:\xampp\htdocs\html\Attendance\Application\Runtime\Cache\Home\3692e44518463d0af4f250fbdd61fd8d.php 第 64 行.
NOTIC: [8] Undefined index: status D:\xampp\htdocs\html\Attendance\Application\Runtime\Cache\Home\3692e44518463d0af4f250fbdd61fd8d.php 第 65 行.
NOTIC: [8] Undefined index: start D:\xampp\htdocs\html\Attendance\Application\Runtime\Cache\Home\3692e44518463d0af4f250fbdd61fd8d.php 第 62 行.
NOTIC: [8] Undefined index: end D:\xampp\htdocs\html\Attendance\Application\Runtime\Cache\Home\3692e44518463d0af4f250fbdd61fd8d.php 第 63 行.
NOTIC: [8] Undefined index: day D:\xampp\htdocs\html\Attendance\Application\Runtime\Cache\Home\3692e44518463d0af4f250fbdd61fd8d.php 第 64 行.
NOTIC: [8] Undefined index: status D:\xampp\htdocs\html\Attendance\Application\Runtime\Cache\Home\3692e44518463d0af4f250fbdd61fd8d.php 第 65 行.
NOTIC: [8] Undefined index: start D:\xampp\htdocs\html\Attendance\Application\Runtime\Cache\Home\3692e44518463d0af4f250fbdd61fd8d.php 第 62 行.
NOTIC: [8] Undefined index: end D:\xampp\htdocs\html\Attendance\Application\Runtime\Cache\Home\3692e44518463d0af4f250fbdd61fd8d.php 第 63 行.
NOTIC: [8] Undefined index: day D:\xampp\htdocs\html\Attendance\Application\Runtime\Cache\Home\3692e44518463d0af4f250fbdd61fd8d.php 第 64 行.
NOTIC: [8] Undefined index: status D:\xampp\htdocs\html\Attendance\Application\Runtime\Cache\Home\3692e44518463d0af4f250fbdd61fd8d.php 第 65 行.
NOTIC: [8] Undefined index: start D:\xampp\htdocs\html\Attendance\Application\Runtime\Cache\Home\3692e44518463d0af4f250fbdd61fd8d.php 第 62 行.
NOTIC: [8] Undefined index: end D:\xampp\htdocs\html\Attendance\Application\Runtime\Cache\Home\3692e44518463d0af4f250fbdd61fd8d.php 第 63 行.
NOTIC: [8] Undefined index: day D:\xampp\htdocs\html\Attendance\Application\Runtime\Cache\Home\3692e44518463d0af4f250fbdd61fd8d.php 第 64 行.
NOTIC: [8] Undefined index: status D:\xampp\htdocs\html\Attendance\Application\Runtime\Cache\Home\3692e44518463d0af4f250fbdd61fd8d.php 第 65 行.
NOTIC: [8] Undefined index: start D:\xampp\htdocs\html\Attendance\Application\Runtime\Cache\Home\3692e44518463d0af4f250fbdd61fd8d.php 第 62 行.
NOTIC: [8] Undefined index: end D:\xampp\htdocs\html\Attendance\Application\Runtime\Cache\Home\3692e44518463d0af4f250fbdd61fd8d.php 第 63 行.
NOTIC: [8] Undefined index: day D:\xampp\htdocs\html\Attendance\Application\Runtime\Cache\Home\3692e44518463d0af4f250fbdd61fd8d.php 第 64 行.
NOTIC: [8] Undefined index: status D:\xampp\htdocs\html\Attendance\Application\Runtime\Cache\Home\3692e44518463d0af4f250fbdd61fd8d.php 第 65 行.
NOTIC: [8] Undefined index: start D:\xampp\htdocs\html\Attendance\Application\Runtime\Cache\Home\3692e44518463d0af4f250fbdd61fd8d.php 第 62 行.
NOTIC: [8] Undefined index: end D:\xampp\htdocs\html\Attendance\Application\Runtime\Cache\Home\3692e44518463d0af4f250fbdd61fd8d.php 第 63 行.
NOTIC: [8] Undefined index: day D:\xampp\htdocs\html\Attendance\Application\Runtime\Cache\Home\3692e44518463d0af4f250fbdd61fd8d.php 第 64 行.
NOTIC: [8] Undefined index: status D:\xampp\htdocs\html\Attendance\Application\Runtime\Cache\Home\3692e44518463d0af4f250fbdd61fd8d.php 第 65 行.
NOTIC: [8] Undefined index: start D:\xampp\htdocs\html\Attendance\Application\Runtime\Cache\Home\3692e44518463d0af4f250fbdd61fd8d.php 第 62 行.
NOTIC: [8] Undefined index: end D:\xampp\htdocs\html\Attendance\Application\Runtime\Cache\Home\3692e44518463d0af4f250fbdd61fd8d.php 第 63 行.
NOTIC: [8] Undefined index: day D:\xampp\htdocs\html\Attendance\Application\Runtime\Cache\Home\3692e44518463d0af4f250fbdd61fd8d.php 第 64 行.
NOTIC: [8] Undefined index: status D:\xampp\htdocs\html\Attendance\Application\Runtime\Cache\Home\3692e44518463d0af4f250fbdd61fd8d.php 第 65 行.
NOTIC: [8] Undefined index: start D:\xampp\htdocs\html\Attendance\Application\Runtime\Cache\Home\3692e44518463d0af4f250fbdd61fd8d.php 第 62 行.
NOTIC: [8] Undefined index: end D:\xampp\htdocs\html\Attendance\Application\Runtime\Cache\Home\3692e44518463d0af4f250fbdd61fd8d.php 第 63 行.
NOTIC: [8] Undefined index: day D:\xampp\htdocs\html\Attendance\Application\Runtime\Cache\Home\3692e44518463d0af4f250fbdd61fd8d.php 第 64 行.
NOTIC: [8] Undefined index: status D:\xampp\htdocs\html\Attendance\Application\Runtime\Cache\Home\3692e44518463d0af4f250fbdd61fd8d.php 第 65 行.
NOTIC: [8] Undefined index: start D:\xampp\htdocs\html\Attendance\Application\Runtime\Cache\Home\3692e44518463d0af4f250fbdd61fd8d.php 第 62 行.
NOTIC: [8] Undefined index: end D:\xampp\htdocs\html\Attendance\Application\Runtime\Cache\Home\3692e44518463d0af4f250fbdd61fd8d.php 第 63 行.
NOTIC: [8] Undefined index: day D:\xampp\htdocs\html\Attendance\Application\Runtime\Cache\Home\3692e44518463d0af4f250fbdd61fd8d.php 第 64 行.
NOTIC: [8] Undefined index: status D:\xampp\htdocs\html\Attendance\Application\Runtime\Cache\Home\3692e44518463d0af4f250fbdd61fd8d.php 第 65 行.
NOTIC: [8] Undefined index: start D:\xampp\htdocs\html\Attendance\Application\Runtime\Cache\Home\3692e44518463d0af4f250fbdd61fd8d.php 第 62 行.
NOTIC: [8] Undefined index: end D:\xampp\htdocs\html\Attendance\Application\Runtime\Cache\Home\3692e44518463d0af4f250fbdd61fd8d.php 第 63 行.
NOTIC: [8] Undefined index: day D:\xampp\htdocs\html\Attendance\Application\Runtime\Cache\Home\3692e44518463d0af4f250fbdd61fd8d.php 第 64 行.
NOTIC: [8] Undefined index: status D:\xampp\htdocs\html\Attendance\Application\Runtime\Cache\Home\3692e44518463d0af4f250fbdd61fd8d.php 第 65 行.
INFO: Run Behavior\ParseTemplateBehavior [ RunTime:0.008001s ]
INFO: [ view_parse ] --END-- [ RunTime:0.008001s ]
INFO: [ view_filter ] --START--
INFO: Run Behavior\WriteHtmlCacheBehavior [ RunTime:0.001000s ]
INFO: [ view_filter ] --END-- [ RunTime:0.001000s ]
INFO: [ app_end ] --START--
INFO: Run Behavior\ShowPageTraceBehavior [ RunTime:0.001000s ]
INFO: [ app_end ] --END-- [ RunTime:0.001000s ]

[ 2019-05-26T14:05:48+08:00 ] 127.0.0.1 /index.php/Home/UserInfo
INFO: [ app_init ] --START--
INFO: Run Behavior\BuildLiteBehavior [ RunTime:0.000000s ]
INFO: [ app_init ] --END-- [ RunTime:0.001001s ]
INFO: [ app_begin ] --START--
INFO: Run Behavior\ReadHtmlCacheBehavior [ RunTime:0.001000s ]
INFO: [ app_begin ] --END-- [ RunTime:0.001000s ]
NOTIC: [2] Declaration of Home\Model\UserModel::check($work_id, $password) should be compatible with Think\Model::check($value, $rule, $type = 'regex') D:\xampp\htdocs\html\Attendance\Application\Home\Model\UserModel.class.php 第 6 行.
SQL: SHOW COLUMNS FROM `user` [ RunTime:0.0050s ]
SQL: SHOW COLUMNS FROM `dep_info` [ RunTime:0.0050s ]
SQL: SHOW COLUMNS FROM `job_info` [ RunTime:0.0040s ]
SQL: SHOW COLUMNS FROM `kaoqin` [ RunTime:0.0050s ]
SQL: SELECT * from user [ RunTime:0.0010s ]
SQL: select * from job_info [ RunTime:0.0000s ]
SQL: select * from dep_info [ RunTime:0.0000s ]
SQL: select * from kaoqin [ RunTime:0.0010s ]
INFO: [ view_parse ] --START--
INFO: [ template_filter ] --START--
INFO: Run Behavior\ContentReplaceBehavior [ RunTime:0.000000s ]
INFO: [ template_filter ] --END-- [ RunTime:0.000000s ]
INFO: Run Behavior\ParseTemplateBehavior [ RunTime:0.011000s ]
INFO: [ view_parse ] --END-- [ RunTime:0.012000s ]
INFO: [ view_filter ] --START--
INFO: Run Behavior\WriteHtmlCacheBehavior [ RunTime:0.001000s ]
INFO: [ view_filter ] --END-- [ RunTime:0.001000s ]
INFO: [ app_end ] --START--
INFO: Run Behavior\ShowPageTraceBehavior [ RunTime:0.001000s ]
INFO: [ app_end ] --END-- [ RunTime:0.001000s ]

[ 2019-05-26T14:09:58+08:00 ] 127.0.0.1 /index.php/Home/UserInfo
INFO: [ app_init ] --START--
INFO: Run Behavior\BuildLiteBehavior [ RunTime:0.000000s ]
INFO: [ app_init ] --END-- [ RunTime:0.001000s ]
INFO: [ app_begin ] --START--
INFO: Run Behavior\ReadHtmlCacheBehavior [ RunTime:0.001000s ]
INFO: [ app_begin ] --END-- [ RunTime:0.002000s ]
NOTIC: [2] Declaration of Home\Model\UserModel::check($work_id, $password) should be compatible with Think\Model::check($value, $rule, $type = 'regex') D:\xampp\htdocs\html\Attendance\Application\Home\Model\UserModel.class.php 第 6 行.
SQL: SHOW COLUMNS FROM `user` [ RunTime:0.0040s ]
SQL: SHOW COLUMNS FROM `dep_info` [ RunTime:0.0040s ]
SQL: SHOW COLUMNS FROM `job_info` [ RunTime:0.0030s ]
SQL: SHOW COLUMNS FROM `kaoqin` [ RunTime:0.0040s ]
SQL: SELECT * from user [ RunTime:0.0010s ]
SQL: select * from job_info [ RunTime:0.0000s ]
SQL: select * from dep_info [ RunTime:0.0010s ]
SQL: select * from kaoqin [ RunTime:0.0000s ]
INFO: [ view_parse ] --START--
INFO: [ template_filter ] --START--
INFO: Run Behavior\ContentReplaceBehavior [ RunTime:0.000000s ]
INFO: [ template_filter ] --END-- [ RunTime:0.000000s ]
INFO: Run Behavior\ParseTemplateBehavior [ RunTime:0.010000s ]
INFO: [ view_parse ] --END-- [ RunTime:0.010000s ]
INFO: [ view_filter ] --START--
INFO: Run Behavior\WriteHtmlCacheBehavior [ RunTime:0.001000s ]
INFO: [ view_filter ] --END-- [ RunTime:0.001000s ]
INFO: [ app_end ] --START--
INFO: Run Behavior\ShowPageTraceBehavior [ RunTime:0.002000s ]
INFO: [ app_end ] --END-- [ RunTime:0.002000s ]

[ 2019-05-26T14:10:08+08:00 ] 127.0.0.1 /index.php/Home/User/kaoqin
INFO: [ app_init ] --START--
INFO: Run Behavior\BuildLiteBehavior [ RunTime:0.000000s ]
INFO: [ app_init ] --END-- [ RunTime:0.000000s ]
INFO: [ app_begin ] --START--
INFO: Run Behavior\ReadHtmlCacheBehavior [ RunTime:0.001000s ]
INFO: [ app_begin ] --END-- [ RunTime:0.001000s ]
INFO: [ view_parse ] --START--
INFO: [ template_filter ] --START--
INFO: Run Behavior\ContentReplaceBehavior [ RunTime:0.000000s ]
INFO: [ template_filter ] --END-- [ RunTime:0.000000s ]
INFO: Run Behavior\ParseTemplateBehavior [ RunTime:0.014000s ]
INFO: [ view_parse ] --END-- [ RunTime:0.014000s ]
INFO: [ view_filter ] --START--
INFO: Run Behavior\WriteHtmlCacheBehavior [ RunTime:0.000000s ]
INFO: [ view_filter ] --END-- [ RunTime:0.000000s ]
INFO: [ app_end ] --START--
INFO: Run Behavior\ShowPageTraceBehavior [ RunTime:0.002001s ]
INFO: [ app_end ] --END-- [ RunTime:0.002001s ]

[ 2019-05-26T14:10:10+08:00 ] 127.0.0.1 /index.php/Home/User/sign_out
INFO: [ app_init ] --START--
INFO: Run Behavior\BuildLiteBehavior [ RunTime:0.000000s ]
INFO: [ app_init ] --END-- [ RunTime:0.001000s ]
INFO: [ app_begin ] --START--
INFO: Run Behavior\ReadHtmlCacheBehavior [ RunTime:0.000000s ]
INFO: [ app_begin ] --END-- [ RunTime:0.000000s ]
INFO: [ app_end ] --START--
INFO: Run Behavior\ShowPageTraceBehavior [ RunTime:0.000000s ]
INFO: [ app_end ] --END-- [ RunTime:0.000000s ]

[ 2019-05-26T14:10:10+08:00 ] 127.0.0.1 /index.php/Home/User
INFO: [ app_init ] --START--
INFO: Run Behavior\BuildLiteBehavior [ RunTime:0.000000s ]
INFO: [ app_init ] --END-- [ RunTime:0.001000s ]
INFO: [ app_begin ] --START--
INFO: Run Behavior\ReadHtmlCacheBehavior [ RunTime:0.001000s ]
INFO: [ app_begin ] --END-- [ RunTime:0.001000s ]
INFO: [ view_parse ] --START--
INFO: [ template_filter ] --START--
INFO: Run Behavior\ContentReplaceBehavior [ RunTime:0.000000s ]
INFO: [ template_filter ] --END-- [ RunTime:0.000000s ]
INFO: Run Behavior\ParseTemplateBehavior [ RunTime:0.007001s ]
INFO: [ view_parse ] --END-- [ RunTime:0.007001s ]
INFO: [ view_filter ] --START--
INFO: Run Behavior\WriteHtmlCacheBehavior [ RunTime:0.000000s ]
INFO: [ view_filter ] --END-- [ RunTime:0.000000s ]
INFO: [ app_end ] --START--
INFO: Run Behavior\ShowPageTraceBehavior [ RunTime:0.001000s ]
INFO: [ app_end ] --END-- [ RunTime:0.001000s ]

[ 2019-05-26T14:16:10+08:00 ] 127.0.0.1 /index.php/Home/User
INFO: [ app_init ] --START--
INFO: Run Behavior\BuildLiteBehavior [ RunTime:0.000000s ]
INFO: [ app_init ] --END-- [ RunTime:0.001000s ]
INFO: [ app_begin ] --START--
INFO: Run Behavior\ReadHtmlCacheBehavior [ RunTime:0.002000s ]
INFO: [ app_begin ] --END-- [ RunTime:0.002000s ]
NOTIC: [2] Declaration of Home\Model\UserModel::check($work_id, $password) should be compatible with Think\Model::check($value, $rule, $type = 'regex') D:\xampp\htdocs\html\Attendance\Application\Home\Model\UserModel.class.php 第 6 行.
SQL: SHOW COLUMNS FROM `user` [ RunTime:0.0040s ]
SQL: SELECT `password` FROM `user` WHERE ( work_id = 2016210686 ) LIMIT 1   [ RunTime:0.0000s ]

[ 2019-05-26T14:16:10+08:00 ] 127.0.0.1 /index.php/Home/User/kaoqin
INFO: [ app_init ] --START--
INFO: Run Behavior\BuildLiteBehavior [ RunTime:0.000000s ]
INFO: [ app_init ] --END-- [ RunTime:0.001000s ]
INFO: [ app_begin ] --START--
INFO: Run Behavior\ReadHtmlCacheBehavior [ RunTime:0.001000s ]
INFO: [ app_begin ] --END-- [ RunTime:0.001000s ]
INFO: [ view_parse ] --START--
INFO: [ template_filter ] --START--
INFO: Run Behavior\ContentReplaceBehavior [ RunTime:0.000000s ]
INFO: [ template_filter ] --END-- [ RunTime:0.000000s ]
INFO: Run Behavior\ParseTemplateBehavior [ RunTime:0.009001s ]
INFO: [ view_parse ] --END-- [ RunTime:0.009001s ]
INFO: [ view_filter ] --START--
INFO: Run Behavior\WriteHtmlCacheBehavior [ RunTime:0.001000s ]
INFO: [ view_filter ] --END-- [ RunTime:0.001000s ]
INFO: [ app_end ] --START--
INFO: Run Behavior\ShowPageTraceBehavior [ RunTime:0.001000s ]
INFO: [ app_end ] --END-- [ RunTime:0.001000s ]

[ 2019-05-26T14:18:51+08:00 ] 127.0.0.1 /index.php/Home/User/sign_out
INFO: [ app_init ] --START--
INFO: Run Behavior\BuildLiteBehavior [ RunTime:0.000000s ]
INFO: [ app_init ] --END-- [ RunTime:0.001000s ]
INFO: [ app_begin ] --START--
INFO: Run Behavior\ReadHtmlCacheBehavior [ RunTime:0.001000s ]
INFO: [ app_begin ] --END-- [ RunTime:0.001000s ]
ERR: syntax error, unexpected '$this' (T_VARIABLE)

[ 2019-05-26T14:19:08+08:00 ] 127.0.0.1 /index.php/Home/User/sign_out
INFO: [ app_init ] --START--
INFO: Run Behavior\BuildLiteBehavior [ RunTime:0.000000s ]
INFO: [ app_init ] --END-- [ RunTime:0.000000s ]
INFO: [ app_begin ] --START--
INFO: Run Behavior\ReadHtmlCacheBehavior [ RunTime:0.000000s ]
INFO: [ app_begin ] --END-- [ RunTime:0.000000s ]
INFO: [ app_end ] --START--
INFO: Run Behavior\ShowPageTraceBehavior [ RunTime:0.001001s ]
INFO: [ app_end ] --END-- [ RunTime:0.001001s ]

[ 2019-05-26T14:19:08+08:00 ] 127.0.0.1 /index.php/Home/User
INFO: [ app_init ] --START--
INFO: Run Behavior\BuildLiteBehavior [ RunTime:0.000000s ]
INFO: [ app_init ] --END-- [ RunTime:0.000000s ]
INFO: [ app_begin ] --START--
INFO: Run Behavior\ReadHtmlCacheBehavior [ RunTime:0.001000s ]
INFO: [ app_begin ] --END-- [ RunTime:0.001000s ]
INFO: [ view_parse ] --START--
INFO: [ template_filter ] --START--
INFO: Run Behavior\ContentReplaceBehavior [ RunTime:0.000000s ]
INFO: [ template_filter ] --END-- [ RunTime:0.000000s ]
INFO: Run Behavior\ParseTemplateBehavior [ RunTime:0.008001s ]
INFO: [ view_parse ] --END-- [ RunTime:0.008001s ]
INFO: [ view_filter ] --START--
INFO: Run Behavior\WriteHtmlCacheBehavior [ RunTime:0.001000s ]
INFO: [ view_filter ] --END-- [ RunTime:0.001000s ]
INFO: [ app_end ] --START--
INFO: Run Behavior\ShowPageTraceBehavior [ RunTime:0.001000s ]
INFO: [ app_end ] --END-- [ RunTime:0.001000s ]

[ 2019-05-26T14:19:21+08:00 ] 127.0.0.1 /index.php/Home/User
INFO: [ app_init ] --START--
INFO: Run Behavior\BuildLiteBehavior [ RunTime:0.000000s ]
INFO: [ app_init ] --END-- [ RunTime:0.001000s ]
INFO: [ app_begin ] --START--
INFO: Run Behavior\ReadHtmlCacheBehavior [ RunTime:0.001000s ]
INFO: [ app_begin ] --END-- [ RunTime:0.001000s ]
NOTIC: [2] Declaration of Home\Model\UserModel::check($work_id, $password) should be compatible with Think\Model::check($value, $rule, $type = 'regex') D:\xampp\htdocs\html\Attendance\Application\Home\Model\UserModel.class.php 第 6 行.
SQL: SHOW COLUMNS FROM `user` [ RunTime:0.0030s ]
SQL: SELECT `password` FROM `user` WHERE ( work_id = 2016210686 ) LIMIT 1   [ RunTime:0.0000s ]

[ 2019-05-26T14:19:21+08:00 ] 127.0.0.1 /index.php/Home/User/kaoqin
INFO: [ app_init ] --START--
INFO: Run Behavior\BuildLiteBehavior [ RunTime:0.000000s ]
INFO: [ app_init ] --END-- [ RunTime:0.001000s ]
INFO: [ app_begin ] --START--
INFO: Run Behavior\ReadHtmlCacheBehavior [ RunTime:0.001000s ]
INFO: [ app_begin ] --END-- [ RunTime:0.001000s ]
INFO: [ view_parse ] --START--
INFO: [ template_filter ] --START--
INFO: Run Behavior\ContentReplaceBehavior [ RunTime:0.000000s ]
INFO: [ template_filter ] --END-- [ RunTime:0.000000s ]
INFO: Run Behavior\ParseTemplateBehavior [ RunTime:0.009001s ]
INFO: [ view_parse ] --END-- [ RunTime:0.009001s ]
INFO: [ view_filter ] --START--
INFO: Run Behavior\WriteHtmlCacheBehavior [ RunTime:0.001000s ]
INFO: [ view_filter ] --END-- [ RunTime:0.001000s ]
INFO: [ app_end ] --START--
INFO: Run Behavior\ShowPageTraceBehavior [ RunTime:0.001000s ]
INFO: [ app_end ] --END-- [ RunTime:0.001000s ]

[ 2019-05-26T14:21:03+08:00 ] 127.0.0.1 /index.php/Home/User/sign_out
INFO: [ app_init ] --START--
INFO: Run Behavior\BuildLiteBehavior [ RunTime:0.000000s ]
INFO: [ app_init ] --END-- [ RunTime:0.001000s ]
INFO: [ app_begin ] --START--
INFO: Run Behavior\ReadHtmlCacheBehavior [ RunTime:0.001001s ]
INFO: [ app_begin ] --END-- [ RunTime:0.001001s ]
INFO: [ app_end ] --START--
INFO: Run Behavior\ShowPageTraceBehavior [ RunTime:0.001000s ]
INFO: [ app_end ] --END-- [ RunTime:0.001000s ]

[ 2019-05-26T14:21:03+08:00 ] 127.0.0.1 /index.php/Home/User
INFO: [ app_init ] --START--
INFO: Run Behavior\BuildLiteBehavior [ RunTime:0.000000s ]
INFO: [ app_init ] --END-- [ RunTime:0.001000s ]
INFO: [ app_begin ] --START--
INFO: Run Behavior\ReadHtmlCacheBehavior [ RunTime:0.001000s ]
INFO: [ app_begin ] --END-- [ RunTime:0.001000s ]
INFO: [ view_parse ] --START--
INFO: [ template_filter ] --START--
INFO: Run Behavior\ContentReplaceBehavior [ RunTime:0.000000s ]
INFO: [ template_filter ] --END-- [ RunTime:0.000000s ]
INFO: Run Behavior\ParseTemplateBehavior [ RunTime:0.006000s ]
INFO: [ view_parse ] --END-- [ RunTime:0.007000s ]
INFO: [ view_filter ] --START--
INFO: Run Behavior\WriteHtmlCacheBehavior [ RunTime:0.000000s ]
INFO: [ view_filter ] --END-- [ RunTime:0.000000s ]
INFO: [ app_end ] --START--
INFO: Run Behavior\ShowPageTraceBehavior [ RunTime:0.001000s ]
INFO: [ app_end ] --END-- [ RunTime:0.001000s ]

[ 2019-05-26T14:22:54+08:00 ] 127.0.0.1 /index.php/Home/User
INFO: [ app_init ] --START--
INFO: Run Behavior\BuildLiteBehavior [ RunTime:0.000000s ]
INFO: [ app_init ] --END-- [ RunTime:0.001000s ]
INFO: [ app_begin ] --START--
INFO: Run Behavior\ReadHtmlCacheBehavior [ RunTime:0.001000s ]
INFO: [ app_begin ] --END-- [ RunTime:0.001000s ]
NOTIC: [2] Declaration of Home\Model\UserModel::check($work_id, $password) should be compatible with Think\Model::check($value, $rule, $type = 'regex') D:\xampp\htdocs\html\Attendance\Application\Home\Model\UserModel.class.php 第 6 行.
SQL: SHOW COLUMNS FROM `user` [ RunTime:0.0030s ]
SQL: SELECT `password` FROM `user` WHERE ( work_id = 2017000111 ) LIMIT 1   [ RunTime:0.0000s ]

[ 2019-05-26T14:23:07+08:00 ] 127.0.0.1 /index.php/Home/User
INFO: [ app_init ] --START--
INFO: Run Behavior\BuildLiteBehavior [ RunTime:0.000000s ]
INFO: [ app_init ] --END-- [ RunTime:0.001000s ]
INFO: [ app_begin ] --START--
INFO: Run Behavior\ReadHtmlCacheBehavior [ RunTime:0.001000s ]
INFO: [ app_begin ] --END-- [ RunTime:0.001000s ]
NOTIC: [2] Declaration of Home\Model\UserModel::check($work_id, $password) should be compatible with Think\Model::check($value, $rule, $type = 'regex') D:\xampp\htdocs\html\Attendance\Application\Home\Model\UserModel.class.php 第 6 行.
SQL: SHOW COLUMNS FROM `user` [ RunTime:0.0040s ]
SQL: SELECT `password` FROM `user` WHERE ( work_id = 2016210686 ) LIMIT 1   [ RunTime:0.0010s ]
ERR: Think\Controller:view方法不存在！

[ 2019-05-26T14:23:09+08:00 ] 127.0.0.1 /index.php/Home/User
INFO: [ app_init ] --START--
INFO: Run Behavior\BuildLiteBehavior [ RunTime:0.000000s ]
INFO: [ app_init ] --END-- [ RunTime:0.000000s ]
INFO: [ app_begin ] --START--
INFO: Run Behavior\ReadHtmlCacheBehavior [ RunTime:0.001000s ]
INFO: [ app_begin ] --END-- [ RunTime:0.001000s ]
NOTIC: [2] Declaration of Home\Model\UserModel::check($work_id, $password) should be compatible with Think\Model::check($value, $rule, $type = 'regex') D:\xampp\htdocs\html\Attendance\Application\Home\Model\UserModel.class.php 第 6 行.
SQL: SHOW COLUMNS FROM `user` [ RunTime:0.0040s ]
SQL: SELECT `password` FROM `user` WHERE ( work_id = 2016210686 ) LIMIT 1   [ RunTime:0.0010s ]
ERR: Think\Controller:view方法不存在！

[ 2019-05-26T14:23:10+08:00 ] 127.0.0.1 /index.php/Home/User
INFO: [ app_init ] --START--
INFO: Run Behavior\BuildLiteBehavior [ RunTime:0.001000s ]
INFO: [ app_init ] --END-- [ RunTime:0.001000s ]
INFO: [ app_begin ] --START--
INFO: Run Behavior\ReadHtmlCacheBehavior [ RunTime:0.001000s ]
INFO: [ app_begin ] --END-- [ RunTime:0.001000s ]
NOTIC: [2] Declaration of Home\Model\UserModel::check($work_id, $password) should be compatible with Think\Model::check($value, $rule, $type = 'regex') D:\xampp\htdocs\html\Attendance\Application\Home\Model\UserModel.class.php 第 6 行.
SQL: SHOW COLUMNS FROM `user` [ RunTime:0.0040s ]
SQL: SELECT `password` FROM `user` WHERE ( work_id = 2016210686 ) LIMIT 1   [ RunTime:0.0000s ]
ERR: Think\Controller:view方法不存在！

[ 2019-05-26T14:23:12+08:00 ] 127.0.0.1 /index.php/Home/User
INFO: [ app_init ] --START--
INFO: Run Behavior\BuildLiteBehavior [ RunTime:0.000000s ]
INFO: [ app_init ] --END-- [ RunTime:0.001000s ]
INFO: [ app_begin ] --START--
INFO: Run Behavior\ReadHtmlCacheBehavior [ RunTime:0.001000s ]
INFO: [ app_begin ] --END-- [ RunTime:0.001000s ]
NOTIC: [2] Declaration of Home\Model\UserModel::check($work_id, $password) should be compatible with Think\Model::check($value, $rule, $type = 'regex') D:\xampp\htdocs\html\Attendance\Application\Home\Model\UserModel.class.php 第 6 行.
SQL: SHOW COLUMNS FROM `user` [ RunTime:0.0040s ]
SQL: SELECT `password` FROM `user` WHERE ( work_id = 2016210686 ) LIMIT 1   [ RunTime:0.0000s ]
ERR: Think\Controller:view方法不存在！

[ 2019-05-26T14:23:12+08:00 ] 127.0.0.1 /index.php/Home/User
INFO: [ app_init ] --START--
INFO: Run Behavior\BuildLiteBehavior [ RunTime:0.000000s ]
INFO: [ app_init ] --END-- [ RunTime:0.000000s ]
INFO: [ app_begin ] --START--
INFO: Run Behavior\ReadHtmlCacheBehavior [ RunTime:0.001000s ]
INFO: [ app_begin ] --END-- [ RunTime:0.001000s ]
NOTIC: [2] Declaration of Home\Model\UserModel::check($work_id, $password) should be compatible with Think\Model::check($value, $rule, $type = 'regex') D:\xampp\htdocs\html\Attendance\Application\Home\Model\UserModel.class.php 第 6 行.
SQL: SHOW COLUMNS FROM `user` [ RunTime:0.0040s ]
SQL: SELECT `password` FROM `user` WHERE ( work_id = 2016210686 ) LIMIT 1   [ RunTime:0.0010s ]
ERR: Think\Controller:view方法不存在！

[ 2019-05-26T14:23:12+08:00 ] 127.0.0.1 /index.php/Home/User
INFO: [ app_init ] --START--
INFO: Run Behavior\BuildLiteBehavior [ RunTime:0.000000s ]
INFO: [ app_init ] --END-- [ RunTime:0.001001s ]
INFO: [ app_begin ] --START--
INFO: Run Behavior\ReadHtmlCacheBehavior [ RunTime:0.001000s ]
INFO: [ app_begin ] --END-- [ RunTime:0.001000s ]
NOTIC: [2] Declaration of Home\Model\UserModel::check($work_id, $password) should be compatible with Think\Model::check($value, $rule, $type = 'regex') D:\xampp\htdocs\html\Attendance\Application\Home\Model\UserModel.class.php 第 6 行.
SQL: SHOW COLUMNS FROM `user` [ RunTime:0.0040s ]
SQL: SELECT `password` FROM `user` WHERE ( work_id = 2016210686 ) LIMIT 1   [ RunTime:0.0010s ]
ERR: Think\Controller:view方法不存在！

[ 2019-05-26T14:23:31+08:00 ] 127.0.0.1 /index.php/Home/User
INFO: [ app_init ] --START--
INFO: Run Behavior\BuildLiteBehavior [ RunTime:0.000000s ]
INFO: [ app_init ] --END-- [ RunTime:0.001000s ]
INFO: [ app_begin ] --START--
INFO: Run Behavior\ReadHtmlCacheBehavior [ RunTime:0.000000s ]
INFO: [ app_begin ] --END-- [ RunTime:0.000000s ]
NOTIC: [2] Declaration of Home\Model\UserModel::check($work_id, $password) should be compatible with Think\Model::check($value, $rule, $type = 'regex') D:\xampp\htdocs\html\Attendance\Application\Home\Model\UserModel.class.php 第 6 行.
SQL: SHOW COLUMNS FROM `user` [ RunTime:0.0040s ]
SQL: SELECT `password` FROM `user` WHERE ( work_id = 2016210686 ) LIMIT 1   [ RunTime:0.0010s ]
ERR: Think\Controller:view方法不存在！

[ 2019-05-26T14:26:22+08:00 ] 127.0.0.1 /index.php/Home/User
INFO: [ app_init ] --START--
INFO: Run Behavior\BuildLiteBehavior [ RunTime:0.000000s ]
INFO: [ app_init ] --END-- [ RunTime:0.001000s ]
INFO: [ app_begin ] --START--
INFO: Run Behavior\ReadHtmlCacheBehavior [ RunTime:0.001000s ]
INFO: [ app_begin ] --END-- [ RunTime:0.001000s ]
NOTIC: [2] Declaration of Home\Model\UserModel::check($work_id, $password) should be compatible with Think\Model::check($value, $rule, $type = 'regex') D:\xampp\htdocs\html\Attendance\Application\Home\Model\UserModel.class.php 第 6 行.
SQL: SHOW COLUMNS FROM `user` [ RunTime:0.0040s ]
SQL: SELECT `password` FROM `user` WHERE ( work_id = 2016210686 ) LIMIT 1   [ RunTime:0.0000s ]
ERR: Think\Controller:view方法不存在！

[ 2019-05-26T14:26:46+08:00 ] 127.0.0.1 /index.php/Home/User
INFO: [ app_init ] --START--
INFO: Run Behavior\BuildLiteBehavior [ RunTime:0.000000s ]
INFO: [ app_init ] --END-- [ RunTime:0.001000s ]
INFO: [ app_begin ] --START--
INFO: Run Behavior\ReadHtmlCacheBehavior [ RunTime:0.001000s ]
INFO: [ app_begin ] --END-- [ RunTime:0.001000s ]
NOTIC: [2] Declaration of Home\Model\UserModel::check($work_id, $password) should be compatible with Think\Model::check($value, $rule, $type = 'regex') D:\xampp\htdocs\html\Attendance\Application\Home\Model\UserModel.class.php 第 6 行.
SQL: SHOW COLUMNS FROM `user` [ RunTime:0.0040s ]
SQL: SELECT `password` FROM `user` WHERE ( work_id = 2016210686 ) LIMIT 1   [ RunTime:0.0010s ]
INFO: [ view_parse ] --START--
INFO: [ template_filter ] --START--
INFO: Run Behavior\ContentReplaceBehavior [ RunTime:0.000000s ]
INFO: [ template_filter ] --END-- [ RunTime:0.000000s ]
INFO: Run Behavior\ParseTemplateBehavior [ RunTime:0.010000s ]
INFO: [ view_parse ] --END-- [ RunTime:0.010000s ]
INFO: [ view_filter ] --START--
INFO: Run Behavior\WriteHtmlCacheBehavior [ RunTime:0.000000s ]
INFO: [ view_filter ] --END-- [ RunTime:0.000000s ]
NOTIC: [2] Cannot modify header information - headers already sent by (output started at D:\xampp\htdocs\html\Attendance\ThinkPHP\Library\Think\View.class.php:95) D:\xampp\htdocs\html\Attendance\ThinkPHP\Library\Think\Controller.class.php 第 215 行.

[ 2019-05-26T14:27:49+08:00 ] 127.0.0.1 /index.php/Home/User
INFO: [ app_init ] --START--
INFO: Run Behavior\BuildLiteBehavior [ RunTime:0.000000s ]
INFO: [ app_init ] --END-- [ RunTime:0.001000s ]
INFO: [ app_begin ] --START--
INFO: Run Behavior\ReadHtmlCacheBehavior [ RunTime:0.001000s ]
INFO: [ app_begin ] --END-- [ RunTime:0.001000s ]
NOTIC: [2] Declaration of Home\Model\UserModel::check($work_id, $password) should be compatible with Think\Model::check($value, $rule, $type = 'regex') D:\xampp\htdocs\html\Attendance\Application\Home\Model\UserModel.class.php 第 6 行.
SQL: SHOW COLUMNS FROM `user` [ RunTime:0.0280s ]
SQL: SELECT `password` FROM `user` WHERE ( work_id = 2016210686 ) LIMIT 1   [ RunTime:0.0000s ]

[ 2019-05-26T14:28:04+08:00 ] 127.0.0.1 /index.php/Home/User
INFO: [ app_init ] --START--
INFO: Run Behavior\BuildLiteBehavior [ RunTime:0.000000s ]
INFO: [ app_init ] --END-- [ RunTime:0.001000s ]
INFO: [ app_begin ] --START--
INFO: Run Behavior\ReadHtmlCacheBehavior [ RunTime:0.000000s ]
INFO: [ app_begin ] --END-- [ RunTime:0.001000s ]
NOTIC: [2] Declaration of Home\Model\UserModel::check($work_id, $password) should be compatible with Think\Model::check($value, $rule, $type = 'regex') D:\xampp\htdocs\html\Attendance\Application\Home\Model\UserModel.class.php 第 6 行.
SQL: SHOW COLUMNS FROM `user` [ RunTime:0.0050s ]
SQL: SELECT `password` FROM `user` WHERE ( work_id = 2016210686 ) LIMIT 1   [ RunTime:0.0000s ]

[ 2019-05-26T14:28:32+08:00 ] 127.0.0.1 /index.php/Home/User
INFO: [ app_init ] --START--
INFO: Run Behavior\BuildLiteBehavior [ RunTime:0.000000s ]
INFO: [ app_init ] --END-- [ RunTime:0.001000s ]
INFO: [ app_begin ] --START--
INFO: Run Behavior\ReadHtmlCacheBehavior [ RunTime:0.001000s ]
INFO: [ app_begin ] --END-- [ RunTime:0.001000s ]
NOTIC: [2] Declaration of Home\Model\UserModel::check($work_id, $password) should be compatible with Think\Model::check($value, $rule, $type = 'regex') D:\xampp\htdocs\html\Attendance\Application\Home\Model\UserModel.class.php 第 6 行.
SQL: SHOW COLUMNS FROM `user` [ RunTime:0.0040s ]
SQL: SELECT `password` FROM `user` WHERE ( work_id = 2016210686 ) LIMIT 1   [ RunTime:0.0010s ]

[ 2019-05-26T14:28:32+08:00 ] 127.0.0.1 /index.php/Home/User/kaoqin
INFO: [ app_init ] --START--
INFO: Run Behavior\BuildLiteBehavior [ RunTime:0.000000s ]
INFO: [ app_init ] --END-- [ RunTime:0.000000s ]
INFO: [ app_begin ] --START--
INFO: Run Behavior\ReadHtmlCacheBehavior [ RunTime:0.002000s ]
INFO: [ app_begin ] --END-- [ RunTime:0.002000s ]
INFO: [ view_parse ] --START--
INFO: [ template_filter ] --START--
INFO: Run Behavior\ContentReplaceBehavior [ RunTime:0.000000s ]
INFO: [ template_filter ] --END-- [ RunTime:0.000000s ]
INFO: Run Behavior\ParseTemplateBehavior [ RunTime:0.007000s ]
INFO: [ view_parse ] --END-- [ RunTime:0.007000s ]
INFO: [ view_filter ] --START--
INFO: Run Behavior\WriteHtmlCacheBehavior [ RunTime:0.001000s ]
INFO: [ view_filter ] --END-- [ RunTime:0.001000s ]
INFO: [ app_end ] --START--
INFO: Run Behavior\ShowPageTraceBehavior [ RunTime:0.002001s ]
INFO: [ app_end ] --END-- [ RunTime:0.002001s ]

[ 2019-05-26T14:29:27+08:00 ] 127.0.0.1 /index.php/Home/User/sign_out
INFO: [ app_init ] --START--
INFO: Run Behavior\BuildLiteBehavior [ RunTime:0.000000s ]
INFO: [ app_init ] --END-- [ RunTime:0.001000s ]
INFO: [ app_begin ] --START--
INFO: Run Behavior\ReadHtmlCacheBehavior [ RunTime:0.001000s ]
INFO: [ app_begin ] --END-- [ RunTime:0.002000s ]
INFO: [ app_end ] --START--
INFO: Run Behavior\ShowPageTraceBehavior [ RunTime:0.002000s ]
INFO: [ app_end ] --END-- [ RunTime:0.002000s ]

[ 2019-05-26T14:29:27+08:00 ] 127.0.0.1 /index.php/Home/User
INFO: [ app_init ] --START--
INFO: Run Behavior\BuildLiteBehavior [ RunTime:0.000000s ]
INFO: [ app_init ] --END-- [ RunTime:0.001000s ]
INFO: [ app_begin ] --START--
INFO: Run Behavior\ReadHtmlCacheBehavior [ RunTime:0.001000s ]
INFO: [ app_begin ] --END-- [ RunTime:0.001000s ]
INFO: [ view_parse ] --START--
INFO: [ template_filter ] --START--
INFO: Run Behavior\ContentReplaceBehavior [ RunTime:0.000000s ]
INFO: [ template_filter ] --END-- [ RunTime:0.000000s ]
INFO: Run Behavior\ParseTemplateBehavior [ RunTime:0.011001s ]
INFO: [ view_parse ] --END-- [ RunTime:0.011001s ]
INFO: [ view_filter ] --START--
INFO: Run Behavior\WriteHtmlCacheBehavior [ RunTime:0.001000s ]
INFO: [ view_filter ] --END-- [ RunTime:0.001000s ]
INFO: [ app_end ] --START--
INFO: Run Behavior\ShowPageTraceBehavior [ RunTime:0.002000s ]
INFO: [ app_end ] --END-- [ RunTime:0.002000s ]

[ 2019-05-26T14:29:38+08:00 ] 127.0.0.1 /index.php/Home/User
INFO: [ app_init ] --START--
INFO: Run Behavior\BuildLiteBehavior [ RunTime:0.000000s ]
INFO: [ app_init ] --END-- [ RunTime:0.000000s ]
INFO: [ app_begin ] --START--
INFO: Run Behavior\ReadHtmlCacheBehavior [ RunTime:0.001001s ]
INFO: [ app_begin ] --END-- [ RunTime:0.001001s ]
NOTIC: [2] Declaration of Home\Model\UserModel::check($work_id, $password) should be compatible with Think\Model::check($value, $rule, $type = 'regex') D:\xampp\htdocs\html\Attendance\Application\Home\Model\UserModel.class.php 第 6 行.
SQL: SHOW COLUMNS FROM `user` [ RunTime:0.0040s ]
SQL: SELECT `password` FROM `user` WHERE ( work_id = 2016210686 ) LIMIT 1   [ RunTime:0.0000s ]

[ 2019-05-26T14:29:45+08:00 ] 127.0.0.1 /index.php/Home/User
INFO: [ app_init ] --START--
INFO: Run Behavior\BuildLiteBehavior [ RunTime:0.000000s ]
INFO: [ app_init ] --END-- [ RunTime:0.001000s ]
INFO: [ app_begin ] --START--
INFO: Run Behavior\ReadHtmlCacheBehavior [ RunTime:0.001000s ]
INFO: [ app_begin ] --END-- [ RunTime:0.001000s ]
NOTIC: [2] Declaration of Home\Model\UserModel::check($work_id, $password) should be compatible with Think\Model::check($value, $rule, $type = 'regex') D:\xampp\htdocs\html\Attendance\Application\Home\Model\UserModel.class.php 第 6 行.
SQL: SHOW COLUMNS FROM `user` [ RunTime:0.0040s ]
SQL: SELECT `password` FROM `user` WHERE ( work_id = 2016210686 ) LIMIT 1   [ RunTime:0.0000s ]

[ 2019-05-26T14:30:23+08:00 ] 127.0.0.1 /index.php/Home/User
INFO: [ app_init ] --START--
INFO: Run Behavior\BuildLiteBehavior [ RunTime:0.000000s ]
INFO: [ app_init ] --END-- [ RunTime:0.001000s ]
INFO: [ app_begin ] --START--
INFO: Run Behavior\ReadHtmlCacheBehavior [ RunTime:0.000000s ]
INFO: [ app_begin ] --END-- [ RunTime:0.000000s ]
NOTIC: [2] Declaration of Home\Model\UserModel::check($work_id, $password) should be compatible with Think\Model::check($value, $rule, $type = 'regex') D:\xampp\htdocs\html\Attendance\Application\Home\Model\UserModel.class.php 第 6 行.
SQL: SHOW COLUMNS FROM `user` [ RunTime:0.0040s ]
SQL: SELECT `password` FROM `user` WHERE ( work_id = 2016210686 ) LIMIT 1   [ RunTime:0.0000s ]

[ 2019-05-26T14:30:42+08:00 ] 127.0.0.1 /index.php/Home/User
INFO: [ app_init ] --START--
INFO: Run Behavior\BuildLiteBehavior [ RunTime:0.000000s ]
INFO: [ app_init ] --END-- [ RunTime:0.001000s ]
INFO: [ app_begin ] --START--
INFO: Run Behavior\ReadHtmlCacheBehavior [ RunTime:0.000000s ]
INFO: [ app_begin ] --END-- [ RunTime:0.001000s ]
NOTIC: [2] Declaration of Home\Model\UserModel::check($work_id, $password) should be compatible with Think\Model::check($value, $rule, $type = 'regex') D:\xampp\htdocs\html\Attendance\Application\Home\Model\UserModel.class.php 第 6 行.
SQL: SHOW COLUMNS FROM `user` [ RunTime:0.0050s ]
SQL: SELECT `password` FROM `user` WHERE ( work_id = 2016210686 ) LIMIT 1   [ RunTime:0.0010s ]

[ 2019-05-26T14:31:10+08:00 ] 127.0.0.1 /index.php/Home/User
INFO: [ app_init ] --START--
INFO: Run Behavior\BuildLiteBehavior [ RunTime:0.000000s ]
INFO: [ app_init ] --END-- [ RunTime:0.000000s ]
INFO: [ app_begin ] --START--
INFO: Run Behavior\ReadHtmlCacheBehavior [ RunTime:0.001000s ]
INFO: [ app_begin ] --END-- [ RunTime:0.001000s ]
NOTIC: [2] Declaration of Home\Model\UserModel::check($work_id, $password) should be compatible with Think\Model::check($value, $rule, $type = 'regex') D:\xampp\htdocs\html\Attendance\Application\Home\Model\UserModel.class.php 第 6 行.
SQL: SHOW COLUMNS FROM `user` [ RunTime:0.0050s ]
SQL: SELECT `password` FROM `user` WHERE ( work_id = 2016210686 ) LIMIT 1   [ RunTime:0.0000s ]

[ 2019-05-26T14:31:49+08:00 ] 127.0.0.1 /index.php/Home/User
INFO: [ app_init ] --START--
INFO: Run Behavior\BuildLiteBehavior [ RunTime:0.001000s ]
INFO: [ app_init ] --END-- [ RunTime:0.001000s ]
INFO: [ app_begin ] --START--
INFO: Run Behavior\ReadHtmlCacheBehavior [ RunTime:0.001000s ]
INFO: [ app_begin ] --END-- [ RunTime:0.001000s ]
NOTIC: [2] Declaration of Home\Model\UserModel::check($work_id, $password) should be compatible with Think\Model::check($value, $rule, $type = 'regex') D:\xampp\htdocs\html\Attendance\Application\Home\Model\UserModel.class.php 第 6 行.
SQL: SHOW COLUMNS FROM `user` [ RunTime:0.0040s ]
SQL: SELECT `password` FROM `user` WHERE ( work_id = 2016210686 ) LIMIT 1   [ RunTime:0.0000s ]

[ 2019-05-26T14:33:02+08:00 ] 127.0.0.1 /index.php/Home/User
INFO: [ app_init ] --START--
INFO: Run Behavior\BuildLiteBehavior [ RunTime:0.000000s ]
INFO: [ app_init ] --END-- [ RunTime:0.001000s ]
INFO: [ app_begin ] --START--
INFO: Run Behavior\ReadHtmlCacheBehavior [ RunTime:0.001000s ]
INFO: [ app_begin ] --END-- [ RunTime:0.001000s ]
NOTIC: [2] Declaration of Home\Model\UserModel::check($work_id, $password) should be compatible with Think\Model::check($value, $rule, $type = 'regex') D:\xampp\htdocs\html\Attendance\Application\Home\Model\UserModel.class.php 第 6 行.
SQL: SHOW COLUMNS FROM `user` [ RunTime:0.0040s ]
SQL: SELECT `password` FROM `user` WHERE ( work_id = 2016210686 ) LIMIT 1   [ RunTime:0.0000s ]

[ 2019-05-26T14:33:42+08:00 ] 127.0.0.1 /index.php/Home/User
INFO: [ app_init ] --START--
INFO: Run Behavior\BuildLiteBehavior [ RunTime:0.000000s ]
INFO: [ app_init ] --END-- [ RunTime:0.002000s ]
INFO: [ app_begin ] --START--
INFO: Run Behavior\ReadHtmlCacheBehavior [ RunTime:0.001000s ]
INFO: [ app_begin ] --END-- [ RunTime:0.002000s ]
NOTIC: [2] Declaration of Home\Model\UserModel::check($work_id, $password) should be compatible with Think\Model::check($value, $rule, $type = 'regex') D:\xampp\htdocs\html\Attendance\Application\Home\Model\UserModel.class.php 第 6 行.
SQL: SHOW COLUMNS FROM `user` [ RunTime:0.0050s ]
SQL: SELECT `password` FROM `user` WHERE ( work_id = 2016210686 ) LIMIT 1   [ RunTime:0.0010s ]

[ 2019-05-26T14:33:56+08:00 ] 127.0.0.1 /index.php/Home/User
INFO: [ app_init ] --START--
INFO: Run Behavior\BuildLiteBehavior [ RunTime:0.000000s ]
INFO: [ app_init ] --END-- [ RunTime:0.001000s ]
INFO: [ app_begin ] --START--
INFO: Run Behavior\ReadHtmlCacheBehavior [ RunTime:0.001000s ]
INFO: [ app_begin ] --END-- [ RunTime:0.001000s ]
NOTIC: [2] Declaration of Home\Model\UserModel::check($work_id, $password) should be compatible with Think\Model::check($value, $rule, $type = 'regex') D:\xampp\htdocs\html\Attendance\Application\Home\Model\UserModel.class.php 第 6 行.
SQL: SHOW COLUMNS FROM `user` [ RunTime:0.0040s ]
SQL: SELECT `password` FROM `user` WHERE ( work_id = 2016210686 ) LIMIT 1   [ RunTime:0.0000s ]
INFO: [ view_parse ] --START--
INFO: [ template_filter ] --START--
INFO: Run Behavior\ContentReplaceBehavior [ RunTime:0.000000s ]
INFO: [ template_filter ] --END-- [ RunTime:0.000000s ]
INFO: Run Behavior\ParseTemplateBehavior [ RunTime:0.011001s ]
INFO: [ view_parse ] --END-- [ RunTime:0.011001s ]
INFO: [ view_filter ] --START--
INFO: Run Behavior\WriteHtmlCacheBehavior [ RunTime:0.001000s ]
INFO: [ view_filter ] --END-- [ RunTime:0.001000s ]
NOTIC: [2] Cannot modify header information - headers already sent by (output started at D:\xampp\htdocs\html\Attendance\ThinkPHP\Library\Think\View.class.php:95) D:\xampp\htdocs\html\Attendance\ThinkPHP\Library\Think\Controller.class.php 第 215 行.

[ 2019-05-26T14:34:42+08:00 ] 127.0.0.1 /index.php/Home/User
INFO: [ app_init ] --START--
INFO: Run Behavior\BuildLiteBehavior [ RunTime:0.000000s ]
INFO: [ app_init ] --END-- [ RunTime:0.001000s ]
INFO: [ app_begin ] --START--
INFO: Run Behavior\ReadHtmlCacheBehavior [ RunTime:0.002000s ]
INFO: [ app_begin ] --END-- [ RunTime:0.002000s ]
NOTIC: [2] Declaration of Home\Model\UserModel::check($work_id, $password) should be compatible with Think\Model::check($value, $rule, $type = 'regex') D:\xampp\htdocs\html\Attendance\Application\Home\Model\UserModel.class.php 第 6 行.
SQL: SHOW COLUMNS FROM `user` [ RunTime:0.0040s ]
SQL: SELECT `password` FROM `user` WHERE ( work_id = 2016210686 ) LIMIT 1   [ RunTime:0.0000s ]
ERR: 模板不存在:../Application/Home/View/User/kaoqin.html.html

[ 2019-05-26T14:34:56+08:00 ] 127.0.0.1 /index.php/Home/User
INFO: [ app_init ] --START--
INFO: Run Behavior\BuildLiteBehavior [ RunTime:0.000000s ]
INFO: [ app_init ] --END-- [ RunTime:0.001000s ]
INFO: [ app_begin ] --START--
INFO: Run Behavior\ReadHtmlCacheBehavior [ RunTime:0.002000s ]
INFO: [ app_begin ] --END-- [ RunTime:0.002000s ]
NOTIC: [2] Declaration of Home\Model\UserModel::check($work_id, $password) should be compatible with Think\Model::check($value, $rule, $type = 'regex') D:\xampp\htdocs\html\Attendance\Application\Home\Model\UserModel.class.php 第 6 行.
SQL: SHOW COLUMNS FROM `user` [ RunTime:0.0040s ]
SQL: SELECT `password` FROM `user` WHERE ( work_id = 2016210686 ) LIMIT 1   [ RunTime:0.0000s ]
INFO: [ view_parse ] --START--
INFO: [ template_filter ] --START--
INFO: Run Behavior\ContentReplaceBehavior [ RunTime:0.000000s ]
INFO: [ template_filter ] --END-- [ RunTime:0.000000s ]
INFO: Run Behavior\ParseTemplateBehavior [ RunTime:0.007001s ]
INFO: [ view_parse ] --END-- [ RunTime:0.007001s ]
INFO: [ view_filter ] --START--
INFO: Run Behavior\WriteHtmlCacheBehavior [ RunTime:0.000000s ]
INFO: [ view_filter ] --END-- [ RunTime:0.000000s ]
NOTIC: [2] Cannot modify header information - headers already sent by (output started at D:\xampp\htdocs\html\Attendance\ThinkPHP\Library\Think\View.class.php:95) D:\xampp\htdocs\html\Attendance\ThinkPHP\Library\Think\Controller.class.php 第 215 行.

[ 2019-05-26T14:35:27+08:00 ] 127.0.0.1 /index.php/Home/User
INFO: [ app_init ] --START--
INFO: Run Behavior\BuildLiteBehavior [ RunTime:0.000000s ]
INFO: [ app_init ] --END-- [ RunTime:0.001000s ]
INFO: [ app_begin ] --START--
INFO: Run Behavior\ReadHtmlCacheBehavior [ RunTime:0.001000s ]
INFO: [ app_begin ] --END-- [ RunTime:0.001000s ]
NOTIC: [2] Declaration of Home\Model\UserModel::check($work_id, $password) should be compatible with Think\Model::check($value, $rule, $type = 'regex') D:\xampp\htdocs\html\Attendance\Application\Home\Model\UserModel.class.php 第 6 行.
SQL: SHOW COLUMNS FROM `user` [ RunTime:0.0050s ]
SQL: SELECT `password` FROM `user` WHERE ( work_id = 2016210686 ) LIMIT 1   [ RunTime:0.0010s ]
INFO: [ view_parse ] --START--
INFO: [ template_filter ] --START--
INFO: Run Behavior\ContentReplaceBehavior [ RunTime:0.000000s ]
INFO: [ template_filter ] --END-- [ RunTime:0.000000s ]
INFO: Run Behavior\ParseTemplateBehavior [ RunTime:0.009001s ]
INFO: [ view_parse ] --END-- [ RunTime:0.009001s ]
INFO: [ view_filter ] --START--
INFO: Run Behavior\WriteHtmlCacheBehavior [ RunTime:0.001000s ]
INFO: [ view_filter ] --END-- [ RunTime:0.001000s ]
NOTIC: [2] Cannot modify header information - headers already sent by (output started at D:\xampp\htdocs\html\Attendance\ThinkPHP\Library\Think\View.class.php:95) D:\xampp\htdocs\html\Attendance\ThinkPHP\Library\Think\Controller.class.php 第 215 行.

[ 2019-05-26T14:35:54+08:00 ] 127.0.0.1 /index.php/Home/User
INFO: [ app_init ] --START--
INFO: Run Behavior\BuildLiteBehavior [ RunTime:0.000000s ]
INFO: [ app_init ] --END-- [ RunTime:0.001000s ]
INFO: [ app_begin ] --START--
INFO: Run Behavior\ReadHtmlCacheBehavior [ RunTime:0.001000s ]
INFO: [ app_begin ] --END-- [ RunTime:0.001000s ]
NOTIC: [2] Declaration of Home\Model\UserModel::check($work_id, $password) should be compatible with Think\Model::check($value, $rule, $type = 'regex') D:\xampp\htdocs\html\Attendance\Application\Home\Model\UserModel.class.php 第 6 行.
SQL: SHOW COLUMNS FROM `user` [ RunTime:0.0030s ]
SQL: SELECT `password` FROM `user` WHERE ( work_id = 2016210686 ) LIMIT 1   [ RunTime:0.0010s ]
INFO: [ view_parse ] --START--
INFO: [ template_filter ] --START--
INFO: Run Behavior\ContentReplaceBehavior [ RunTime:0.000000s ]
INFO: [ template_filter ] --END-- [ RunTime:0.000000s ]
INFO: Run Behavior\ParseTemplateBehavior [ RunTime:0.007000s ]
INFO: [ view_parse ] --END-- [ RunTime:0.007000s ]
INFO: [ view_filter ] --START--
INFO: Run Behavior\WriteHtmlCacheBehavior [ RunTime:0.000000s ]
INFO: [ view_filter ] --END-- [ RunTime:0.000000s ]
NOTIC: [2] Cannot modify header information - headers already sent by (output started at D:\xampp\htdocs\html\Attendance\ThinkPHP\Library\Think\View.class.php:95) D:\xampp\htdocs\html\Attendance\ThinkPHP\Library\Think\Controller.class.php 第 215 行.

[ 2019-05-26T14:36:15+08:00 ] 127.0.0.1 /index.php/Home/User
INFO: [ app_init ] --START--
INFO: Run Behavior\BuildLiteBehavior [ RunTime:0.000000s ]
INFO: [ app_init ] --END-- [ RunTime:0.002000s ]
INFO: [ app_begin ] --START--
INFO: Run Behavior\ReadHtmlCacheBehavior [ RunTime:0.002000s ]
INFO: [ app_begin ] --END-- [ RunTime:0.002000s ]
NOTIC: [2] Declaration of Home\Model\UserModel::check($work_id, $password) should be compatible with Think\Model::check($value, $rule, $type = 'regex') D:\xampp\htdocs\html\Attendance\Application\Home\Model\UserModel.class.php 第 6 行.
SQL: SHOW COLUMNS FROM `user` [ RunTime:0.0030s ]
SQL: SELECT `password` FROM `user` WHERE ( work_id = 2016210686 ) LIMIT 1   [ RunTime:0.0000s ]
INFO: [ view_parse ] --START--
INFO: [ template_filter ] --START--
INFO: Run Behavior\ContentReplaceBehavior [ RunTime:0.001000s ]
INFO: [ template_filter ] --END-- [ RunTime:0.001000s ]
INFO: Run Behavior\ParseTemplateBehavior [ RunTime:0.008001s ]
INFO: [ view_parse ] --END-- [ RunTime:0.008001s ]
INFO: [ view_filter ] --START--
INFO: Run Behavior\WriteHtmlCacheBehavior [ RunTime:0.000000s ]
INFO: [ view_filter ] --END-- [ RunTime:0.000000s ]
NOTIC: [2] Cannot modify header information - headers already sent by (output started at D:\xampp\htdocs\html\Attendance\ThinkPHP\Library\Think\View.class.php:95) D:\xampp\htdocs\html\Attendance\ThinkPHP\Library\Think\Controller.class.php 第 215 行.

[ 2019-05-26T14:36:49+08:00 ] 127.0.0.1 /index.php/Home/User
INFO: [ app_init ] --START--
INFO: Run Behavior\BuildLiteBehavior [ RunTime:0.000000s ]
INFO: [ app_init ] --END-- [ RunTime:0.001000s ]
INFO: [ app_begin ] --START--
INFO: Run Behavior\ReadHtmlCacheBehavior [ RunTime:0.001000s ]
INFO: [ app_begin ] --END-- [ RunTime:0.001000s ]
NOTIC: [2] Declaration of Home\Model\UserModel::check($work_id, $password) should be compatible with Think\Model::check($value, $rule, $type = 'regex') D:\xampp\htdocs\html\Attendance\Application\Home\Model\UserModel.class.php 第 6 行.
SQL: SHOW COLUMNS FROM `user` [ RunTime:0.0060s ]
SQL: SELECT `password` FROM `user` WHERE ( work_id = 2016210686 ) LIMIT 1   [ RunTime:0.0010s ]
INFO: [ view_parse ] --START--
INFO: [ template_filter ] --START--
INFO: Run Behavior\ContentReplaceBehavior [ RunTime:0.000000s ]
INFO: [ template_filter ] --END-- [ RunTime:0.000000s ]
INFO: Run Behavior\ParseTemplateBehavior [ RunTime:0.009000s ]
INFO: [ view_parse ] --END-- [ RunTime:0.010001s ]
INFO: [ view_filter ] --START--
INFO: Run Behavior\WriteHtmlCacheBehavior [ RunTime:0.000000s ]
INFO: [ view_filter ] --END-- [ RunTime:0.000000s ]
NOTIC: [2] Cannot modify header information - headers already sent by (output started at D:\xampp\htdocs\html\Attendance\ThinkPHP\Library\Think\View.class.php:95) D:\xampp\htdocs\html\Attendance\ThinkPHP\Library\Think\Controller.class.php 第 215 行.

[ 2019-05-26T14:37:00+08:00 ] 127.0.0.1 /index.php/Home/User
INFO: [ app_init ] --START--
INFO: Run Behavior\BuildLiteBehavior [ RunTime:0.000000s ]
INFO: [ app_init ] --END-- [ RunTime:0.001000s ]
INFO: [ app_begin ] --START--
INFO: Run Behavior\ReadHtmlCacheBehavior [ RunTime:0.001000s ]
INFO: [ app_begin ] --END-- [ RunTime:0.001000s ]
NOTIC: [2] Declaration of Home\Model\UserModel::check($work_id, $password) should be compatible with Think\Model::check($value, $rule, $type = 'regex') D:\xampp\htdocs\html\Attendance\Application\Home\Model\UserModel.class.php 第 6 行.
SQL: SHOW COLUMNS FROM `user` [ RunTime:0.0040s ]
SQL: SELECT `password` FROM `user` WHERE ( work_id = 2016210686 ) LIMIT 1   [ RunTime:0.0010s ]
INFO: [ view_parse ] --START--
INFO: [ template_filter ] --START--
INFO: Run Behavior\ContentReplaceBehavior [ RunTime:0.000000s ]
INFO: [ template_filter ] --END-- [ RunTime:0.000000s ]
INFO: Run Behavior\ParseTemplateBehavior [ RunTime:0.008001s ]
INFO: [ view_parse ] --END-- [ RunTime:0.008001s ]
INFO: [ view_filter ] --START--
INFO: Run Behavior\WriteHtmlCacheBehavior [ RunTime:0.000000s ]
INFO: [ view_filter ] --END-- [ RunTime:0.000000s ]
NOTIC: [2] Cannot modify header information - headers already sent by (output started at D:\xampp\htdocs\html\Attendance\ThinkPHP\Library\Think\View.class.php:95) D:\xampp\htdocs\html\Attendance\ThinkPHP\Library\Think\Controller.class.php 第 215 行.

[ 2019-05-26T14:38:01+08:00 ] 127.0.0.1 /index.php/Home/User
INFO: [ app_init ] --START--
INFO: Run Behavior\BuildLiteBehavior [ RunTime:0.000000s ]
INFO: [ app_init ] --END-- [ RunTime:0.001001s ]
INFO: [ app_begin ] --START--
INFO: Run Behavior\ReadHtmlCacheBehavior [ RunTime:0.000000s ]
INFO: [ app_begin ] --END-- [ RunTime:0.000000s ]
NOTIC: [2] Declaration of Home\Model\UserModel::check($work_id, $password) should be compatible with Think\Model::check($value, $rule, $type = 'regex') D:\xampp\htdocs\html\Attendance\Application\Home\Model\UserModel.class.php 第 6 行.
SQL: SHOW COLUMNS FROM `user` [ RunTime:0.0040s ]
SQL: SELECT `password` FROM `user` WHERE ( work_id = 2016210686 ) LIMIT 1   [ RunTime:0.0000s ]
INFO: [ view_parse ] --START--
INFO: [ template_filter ] --START--
INFO: Run Behavior\ContentReplaceBehavior [ RunTime:0.000000s ]
INFO: [ template_filter ] --END-- [ RunTime:0.000000s ]
INFO: Run Behavior\ParseTemplateBehavior [ RunTime:0.007000s ]
INFO: [ view_parse ] --END-- [ RunTime:0.007000s ]
INFO: [ view_filter ] --START--
INFO: Run Behavior\WriteHtmlCacheBehavior [ RunTime:0.000000s ]
INFO: [ view_filter ] --END-- [ RunTime:0.000000s ]

[ 2019-05-26T14:40:22+08:00 ] 127.0.0.1 /index.php/Home/User
INFO: [ app_init ] --START--
INFO: Run Behavior\BuildLiteBehavior [ RunTime:0.000000s ]
INFO: [ app_init ] --END-- [ RunTime:0.001001s ]
INFO: [ app_begin ] --START--
INFO: Run Behavior\ReadHtmlCacheBehavior [ RunTime:0.002000s ]
INFO: [ app_begin ] --END-- [ RunTime:0.002000s ]
NOTIC: [2] Declaration of Home\Model\UserModel::check($work_id, $password) should be compatible with Think\Model::check($value, $rule, $type = 'regex') D:\xampp\htdocs\html\Attendance\Application\Home\Model\UserModel.class.php 第 6 行.
SQL: SHOW COLUMNS FROM `user` [ RunTime:0.0050s ]
SQL: SELECT `password` FROM `user` WHERE ( work_id = 2016210686 ) LIMIT 1   [ RunTime:0.0010s ]
INFO: [ view_parse ] --START--
INFO: [ template_filter ] --START--
INFO: Run Behavior\ContentReplaceBehavior [ RunTime:0.000000s ]
INFO: [ template_filter ] --END-- [ RunTime:0.000000s ]
INFO: Run Behavior\ParseTemplateBehavior [ RunTime:0.010001s ]
INFO: [ view_parse ] --END-- [ RunTime:0.011001s ]
INFO: [ view_filter ] --START--
INFO: Run Behavior\WriteHtmlCacheBehavior [ RunTime:0.001000s ]
INFO: [ view_filter ] --END-- [ RunTime:0.001000s ]

[ 2019-05-26T14:41:08+08:00 ] 127.0.0.1 /index.php/Home/User
INFO: [ app_init ] --START--
INFO: Run Behavior\BuildLiteBehavior [ RunTime:0.000000s ]
INFO: [ app_init ] --END-- [ RunTime:0.001000s ]
INFO: [ app_begin ] --START--
INFO: Run Behavior\ReadHtmlCacheBehavior [ RunTime:0.001000s ]
INFO: [ app_begin ] --END-- [ RunTime:0.001000s ]
NOTIC: [2] Declaration of Home\Model\UserModel::check($work_id, $password) should be compatible with Think\Model::check($value, $rule, $type = 'regex') D:\xampp\htdocs\html\Attendance\Application\Home\Model\UserModel.class.php 第 6 行.
SQL: SHOW COLUMNS FROM `user` [ RunTime:0.0060s ]
SQL: SELECT `password` FROM `user` WHERE ( work_id = 2016210686 ) LIMIT 1   [ RunTime:0.0020s ]

[ 2019-05-26T14:41:08+08:00 ] 127.0.0.1 /index.php/Home/User/kaoqin
INFO: [ app_init ] --START--
INFO: Run Behavior\BuildLiteBehavior [ RunTime:0.000000s ]
INFO: [ app_init ] --END-- [ RunTime:0.001000s ]
INFO: [ app_begin ] --START--
INFO: Run Behavior\ReadHtmlCacheBehavior [ RunTime:0.001000s ]
INFO: [ app_begin ] --END-- [ RunTime:0.001000s ]
INFO: [ view_parse ] --START--
INFO: [ template_filter ] --START--
INFO: Run Behavior\ContentReplaceBehavior [ RunTime:0.000000s ]
INFO: [ template_filter ] --END-- [ RunTime:0.000000s ]
INFO: Run Behavior\ParseTemplateBehavior [ RunTime:0.010000s ]
INFO: [ view_parse ] --END-- [ RunTime:0.010000s ]
INFO: [ view_filter ] --START--
INFO: Run Behavior\WriteHtmlCacheBehavior [ RunTime:0.000000s ]
INFO: [ view_filter ] --END-- [ RunTime:0.001000s ]
INFO: [ app_end ] --START--
INFO: Run Behavior\ShowPageTraceBehavior [ RunTime:0.001000s ]
INFO: [ app_end ] --END-- [ RunTime:0.001000s ]

[ 2019-05-26T14:41:36+08:00 ] 127.0.0.1 /index.php/Home/User/sign_out
INFO: [ app_init ] --START--
INFO: Run Behavior\BuildLiteBehavior [ RunTime:0.001000s ]
INFO: [ app_init ] --END-- [ RunTime:0.001000s ]
INFO: [ app_begin ] --START--
INFO: Run Behavior\ReadHtmlCacheBehavior [ RunTime:0.002000s ]
INFO: [ app_begin ] --END-- [ RunTime:0.002000s ]
INFO: [ app_end ] --START--
INFO: Run Behavior\ShowPageTraceBehavior [ RunTime:0.002000s ]
INFO: [ app_end ] --END-- [ RunTime:0.002000s ]

[ 2019-05-26T14:41:36+08:00 ] 127.0.0.1 /index.php/Home/User
INFO: [ app_init ] --START--
INFO: Run Behavior\BuildLiteBehavior [ RunTime:0.000000s ]
INFO: [ app_init ] --END-- [ RunTime:0.001000s ]
INFO: [ app_begin ] --START--
INFO: Run Behavior\ReadHtmlCacheBehavior [ RunTime:0.001000s ]
INFO: [ app_begin ] --END-- [ RunTime:0.001000s ]
INFO: [ view_parse ] --START--
INFO: [ template_filter ] --START--
INFO: Run Behavior\ContentReplaceBehavior [ RunTime:0.000000s ]
INFO: [ template_filter ] --END-- [ RunTime:0.001000s ]
INFO: Run Behavior\ParseTemplateBehavior [ RunTime:0.016001s ]
INFO: [ view_parse ] --END-- [ RunTime:0.016001s ]
INFO: [ view_filter ] --START--
INFO: Run Behavior\WriteHtmlCacheBehavior [ RunTime:0.001000s ]
INFO: [ view_filter ] --END-- [ RunTime:0.001000s ]
INFO: [ app_end ] --START--
INFO: Run Behavior\ShowPageTraceBehavior [ RunTime:0.001000s ]
INFO: [ app_end ] --END-- [ RunTime:0.001000s ]

[ 2019-05-26T14:41:48+08:00 ] 127.0.0.1 /index.php/Home/User
INFO: [ app_init ] --START--
INFO: Run Behavior\BuildLiteBehavior [ RunTime:0.000000s ]
INFO: [ app_init ] --END-- [ RunTime:0.001000s ]
INFO: [ app_begin ] --START--
INFO: Run Behavior\ReadHtmlCacheBehavior [ RunTime:0.000000s ]
INFO: [ app_begin ] --END-- [ RunTime:0.000000s ]
NOTIC: [2] Declaration of Home\Model\UserModel::check($work_id, $password) should be compatible with Think\Model::check($value, $rule, $type = 'regex') D:\xampp\htdocs\html\Attendance\Application\Home\Model\UserModel.class.php 第 6 行.
SQL: SHOW COLUMNS FROM `user` [ RunTime:0.0050s ]
SQL: SELECT `password` FROM `user` WHERE ( work_id = 2016210686 ) LIMIT 1   [ RunTime:0.0010s ]

[ 2019-05-26T14:41:48+08:00 ] 127.0.0.1 /index.php/Home/User/kaoqin
INFO: [ app_init ] --START--
INFO: Run Behavior\BuildLiteBehavior [ RunTime:0.000000s ]
INFO: [ app_init ] --END-- [ RunTime:0.001000s ]
INFO: [ app_begin ] --START--
INFO: Run Behavior\ReadHtmlCacheBehavior [ RunTime:0.002000s ]
INFO: [ app_begin ] --END-- [ RunTime:0.002000s ]
INFO: [ view_parse ] --START--
INFO: [ template_filter ] --START--
INFO: Run Behavior\ContentReplaceBehavior [ RunTime:0.000000s ]
INFO: [ template_filter ] --END-- [ RunTime:0.000000s ]
INFO: Run Behavior\ParseTemplateBehavior [ RunTime:0.009001s ]
INFO: [ view_parse ] --END-- [ RunTime:0.009001s ]
INFO: [ view_filter ] --START--
INFO: Run Behavior\WriteHtmlCacheBehavior [ RunTime:0.001000s ]
INFO: [ view_filter ] --END-- [ RunTime:0.001000s ]
INFO: [ app_end ] --START--
INFO: Run Behavior\ShowPageTraceBehavior [ RunTime:0.001000s ]
INFO: [ app_end ] --END-- [ RunTime:0.001000s ]

[ 2019-05-26T14:42:23+08:00 ] 127.0.0.1 /index.php/Home/User/sign_out
INFO: [ app_init ] --START--
INFO: Run Behavior\BuildLiteBehavior [ RunTime:0.000000s ]
INFO: [ app_init ] --END-- [ RunTime:0.001000s ]
INFO: [ app_begin ] --START--
INFO: Run Behavior\ReadHtmlCacheBehavior [ RunTime:0.002000s ]
INFO: [ app_begin ] --END-- [ RunTime:0.003000s ]
INFO: [ app_end ] --START--
INFO: Run Behavior\ShowPageTraceBehavior [ RunTime:0.002000s ]
INFO: [ app_end ] --END-- [ RunTime:0.002000s ]

[ 2019-05-26T14:42:23+08:00 ] 127.0.0.1 /index.php/Home/User
INFO: [ app_init ] --START--
INFO: Run Behavior\BuildLiteBehavior [ RunTime:0.000000s ]
INFO: [ app_init ] --END-- [ RunTime:0.001000s ]
INFO: [ app_begin ] --START--
INFO: Run Behavior\ReadHtmlCacheBehavior [ RunTime:0.001000s ]
INFO: [ app_begin ] --END-- [ RunTime:0.001000s ]
INFO: [ view_parse ] --START--
INFO: [ template_filter ] --START--
INFO: Run Behavior\ContentReplaceBehavior [ RunTime:0.000000s ]
INFO: [ template_filter ] --END-- [ RunTime:0.000000s ]
INFO: Run Behavior\ParseTemplateBehavior [ RunTime:0.008000s ]
INFO: [ view_parse ] --END-- [ RunTime:0.008000s ]
INFO: [ view_filter ] --START--
INFO: Run Behavior\WriteHtmlCacheBehavior [ RunTime:0.001000s ]
INFO: [ view_filter ] --END-- [ RunTime:0.001000s ]
INFO: [ app_end ] --START--
INFO: Run Behavior\ShowPageTraceBehavior [ RunTime:0.001000s ]
INFO: [ app_end ] --END-- [ RunTime:0.001000s ]

[ 2019-05-26T14:45:14+08:00 ] 127.0.0.1 /index.php/Home/User
INFO: [ app_init ] --START--
INFO: Run Behavior\BuildLiteBehavior [ RunTime:0.000000s ]
INFO: [ app_init ] --END-- [ RunTime:0.001000s ]
INFO: [ app_begin ] --START--
INFO: Run Behavior\ReadHtmlCacheBehavior [ RunTime:0.001000s ]
INFO: [ app_begin ] --END-- [ RunTime:0.001000s ]
ERR: syntax error, unexpected '}'

[ 2019-05-26T14:45:16+08:00 ] 127.0.0.1 /index.php/Home/User
INFO: [ app_init ] --START--
INFO: Run Behavior\BuildLiteBehavior [ RunTime:0.000000s ]
INFO: [ app_init ] --END-- [ RunTime:0.001000s ]
INFO: [ app_begin ] --START--
INFO: Run Behavior\ReadHtmlCacheBehavior [ RunTime:0.001000s ]
INFO: [ app_begin ] --END-- [ RunTime:0.001000s ]
ERR: syntax error, unexpected '}'

[ 2019-05-26T14:45:16+08:00 ] 127.0.0.1 /index.php/Home/User
INFO: [ app_init ] --START--
INFO: Run Behavior\BuildLiteBehavior [ RunTime:0.000000s ]
INFO: [ app_init ] --END-- [ RunTime:0.001000s ]
INFO: [ app_begin ] --START--
INFO: Run Behavior\ReadHtmlCacheBehavior [ RunTime:0.000000s ]
INFO: [ app_begin ] --END-- [ RunTime:0.000000s ]
ERR: syntax error, unexpected '}'

[ 2019-05-26T14:45:25+08:00 ] 127.0.0.1 /index.php/Home/User
INFO: [ app_init ] --START--
INFO: Run Behavior\BuildLiteBehavior [ RunTime:0.000000s ]
INFO: [ app_init ] --END-- [ RunTime:0.001000s ]
INFO: [ app_begin ] --START--
INFO: Run Behavior\ReadHtmlCacheBehavior [ RunTime:0.001000s ]
INFO: [ app_begin ] --END-- [ RunTime:0.001000s ]
ERR: syntax error, unexpected '}'

[ 2019-05-26T14:45:56+08:00 ] 127.0.0.1 /index.php/Home/User
INFO: [ app_init ] --START--
INFO: Run Behavior\BuildLiteBehavior [ RunTime:0.000000s ]
INFO: [ app_init ] --END-- [ RunTime:0.001000s ]
INFO: [ app_begin ] --START--
INFO: Run Behavior\ReadHtmlCacheBehavior [ RunTime:0.001000s ]
INFO: [ app_begin ] --END-- [ RunTime:0.001000s ]
ERR: syntax error, unexpected '}'

[ 2019-05-26T14:46:01+08:00 ] 127.0.0.1 /index.php/Home/User
INFO: [ app_init ] --START--
INFO: Run Behavior\BuildLiteBehavior [ RunTime:0.000000s ]
INFO: [ app_init ] --END-- [ RunTime:0.001000s ]
INFO: [ app_begin ] --START--
INFO: Run Behavior\ReadHtmlCacheBehavior [ RunTime:0.001000s ]
INFO: [ app_begin ] --END-- [ RunTime:0.001000s ]
ERR: syntax error, unexpected '}'

[ 2019-05-26T14:46:25+08:00 ] 127.0.0.1 /index.php/Home/User
INFO: [ app_init ] --START--
INFO: Run Behavior\BuildLiteBehavior [ RunTime:0.000000s ]
INFO: [ app_init ] --END-- [ RunTime:0.001000s ]
INFO: [ app_begin ] --START--
INFO: Run Behavior\ReadHtmlCacheBehavior [ RunTime:0.001001s ]
INFO: [ app_begin ] --END-- [ RunTime:0.001001s ]
NOTIC: [2] Declaration of Home\Model\UserModel::check($work_id, $password) should be compatible with Think\Model::check($value, $rule, $type = 'regex') D:\xampp\htdocs\html\Attendance\Application\Home\Model\UserModel.class.php 第 6 行.
SQL: SHOW COLUMNS FROM `user` [ RunTime:0.0170s ]
SQL: SELECT `password` FROM `user` WHERE ( work_id = 2016210686 ) LIMIT 1   [ RunTime:0.0000s ]

[ 2019-05-26T14:46:25+08:00 ] 127.0.0.1 /index.php/Home/User/kaoqin
INFO: [ app_init ] --START--
INFO: Run Behavior\BuildLiteBehavior [ RunTime:0.000000s ]
INFO: [ app_init ] --END-- [ RunTime:0.001000s ]
INFO: [ app_begin ] --START--
INFO: Run Behavior\ReadHtmlCacheBehavior [ RunTime:0.000000s ]
INFO: [ app_begin ] --END-- [ RunTime:0.000000s ]
INFO: [ view_parse ] --START--
INFO: [ template_filter ] --START--
INFO: Run Behavior\ContentReplaceBehavior [ RunTime:0.000000s ]
INFO: [ template_filter ] --END-- [ RunTime:0.000000s ]
INFO: Run Behavior\ParseTemplateBehavior [ RunTime:0.012000s ]
INFO: [ view_parse ] --END-- [ RunTime:0.012000s ]
INFO: [ view_filter ] --START--
INFO: Run Behavior\WriteHtmlCacheBehavior [ RunTime:0.001001s ]
INFO: [ view_filter ] --END-- [ RunTime:0.001001s ]
INFO: [ app_end ] --START--
INFO: Run Behavior\ShowPageTraceBehavior [ RunTime:0.001000s ]
INFO: [ app_end ] --END-- [ RunTime:0.001000s ]

[ 2019-05-26T14:46:33+08:00 ] 127.0.0.1 /index.php/Home/UserInfo
INFO: [ app_init ] --START--
INFO: Run Behavior\BuildLiteBehavior [ RunTime:0.000000s ]
INFO: [ app_init ] --END-- [ RunTime:0.001000s ]
INFO: [ app_begin ] --START--
INFO: Run Behavior\ReadHtmlCacheBehavior [ RunTime:0.003000s ]
INFO: [ app_begin ] --END-- [ RunTime:0.003000s ]
NOTIC: [2] Declaration of Home\Model\UserModel::check($work_id, $password) should be compatible with Think\Model::check($value, $rule, $type = 'regex') D:\xampp\htdocs\html\Attendance\Application\Home\Model\UserModel.class.php 第 6 行.
SQL: SHOW COLUMNS FROM `user` [ RunTime:0.0060s ]
SQL: SHOW COLUMNS FROM `dep_info` [ RunTime:0.0050s ]
SQL: SHOW COLUMNS FROM `job_info` [ RunTime:0.0060s ]
SQL: SHOW COLUMNS FROM `kaoqin` [ RunTime:0.0040s ]
SQL: SELECT * from user [ RunTime:0.0010s ]
SQL: select * from job_info [ RunTime:0.0000s ]
SQL: select * from dep_info [ RunTime:0.0000s ]
SQL: select * from kaoqin [ RunTime:0.0000s ]
INFO: [ view_parse ] --START--
INFO: [ template_filter ] --START--
INFO: Run Behavior\ContentReplaceBehavior [ RunTime:0.000000s ]
INFO: [ template_filter ] --END-- [ RunTime:0.000000s ]
INFO: Run Behavior\ParseTemplateBehavior [ RunTime:0.013001s ]
INFO: [ view_parse ] --END-- [ RunTime:0.013001s ]
INFO: [ view_filter ] --START--
INFO: Run Behavior\WriteHtmlCacheBehavior [ RunTime:0.001000s ]
INFO: [ view_filter ] --END-- [ RunTime:0.001000s ]
INFO: [ app_end ] --START--
INFO: Run Behavior\ShowPageTraceBehavior [ RunTime:0.001000s ]
INFO: [ app_end ] --END-- [ RunTime:0.001000s ]

[ 2019-05-26T14:46:35+08:00 ] 127.0.0.1 /index.php/Home/User/add
INFO: [ app_init ] --START--
INFO: Run Behavior\BuildLiteBehavior [ RunTime:0.000000s ]
INFO: [ app_init ] --END-- [ RunTime:0.001000s ]
INFO: [ app_begin ] --START--
INFO: Run Behavior\ReadHtmlCacheBehavior [ RunTime:0.001000s ]
INFO: [ app_begin ] --END-- [ RunTime:0.001000s ]
INFO: [ view_parse ] --START--
INFO: [ template_filter ] --START--
INFO: Run Behavior\ContentReplaceBehavior [ RunTime:0.000000s ]
INFO: [ template_filter ] --END-- [ RunTime:0.000000s ]
INFO: Run Behavior\ParseTemplateBehavior [ RunTime:0.007001s ]
INFO: [ view_parse ] --END-- [ RunTime:0.007001s ]
INFO: [ view_filter ] --START--
INFO: Run Behavior\WriteHtmlCacheBehavior [ RunTime:0.001000s ]
INFO: [ view_filter ] --END-- [ RunTime:0.001000s ]
INFO: [ app_end ] --START--
INFO: Run Behavior\ShowPageTraceBehavior [ RunTime:0.000000s ]
INFO: [ app_end ] --END-- [ RunTime:0.000000s ]

[ 2019-05-26T14:47:39+08:00 ] 127.0.0.1 /index.php/Home/User/add
INFO: [ app_init ] --START--
INFO: Run Behavior\BuildLiteBehavior [ RunTime:0.000000s ]
INFO: [ app_init ] --END-- [ RunTime:0.000000s ]
INFO: [ app_begin ] --START--
INFO: Run Behavior\ReadHtmlCacheBehavior [ RunTime:0.001000s ]
INFO: [ app_begin ] --END-- [ RunTime:0.002000s ]
SQL: SHOW COLUMNS FROM `dep_info` [ RunTime:0.0040s ]
SQL: SHOW COLUMNS FROM `job_info` [ RunTime:0.0030s ]
SQL: select id from dep_info where dep_name ="技术部" [ RunTime:0.0000s ]
SQL: select id from job_info where job_name ="后台研发工程师" [ RunTime:0.0000s ]

[ 2019-05-26T14:48:00+08:00 ] 127.0.0.1 /index.php/Home/User/add
INFO: [ app_init ] --START--
INFO: Run Behavior\BuildLiteBehavior [ RunTime:0.000000s ]
INFO: [ app_init ] --END-- [ RunTime:0.001000s ]
INFO: [ app_begin ] --START--
INFO: Run Behavior\ReadHtmlCacheBehavior [ RunTime:0.001000s ]
INFO: [ app_begin ] --END-- [ RunTime:0.001000s ]
SQL: SHOW COLUMNS FROM `dep_info` [ RunTime:0.0040s ]
SQL: SHOW COLUMNS FROM `job_info` [ RunTime:0.0030s ]
SQL: select id from dep_info where dep_name ="技术部" [ RunTime:0.0010s ]
SQL: select id from job_info where job_name ="后台开发工程师" [ RunTime:0.0000s ]
NOTIC: [2] Declaration of Home\Model\UserModel::check($work_id, $password) should be compatible with Think\Model::check($value, $rule, $type = 'regex') D:\xampp\htdocs\html\Attendance\Application\Home\Model\UserModel.class.php 第 49 行.
SQL: SHOW COLUMNS FROM `user` [ RunTime:0.0040s ]
SQL: INSERT INTO `user` (`work_id`,`password`,`name`,`dep_id`,`job_id`,`telphone`,`email`) VALUES ('2017214385','f1cc2170fcd8373ac17eb0ed47c275a7','侯卓良','3','1','18504344409','1340425646@qq.com') [ RunTime:0.0380s ]

[ 2019-05-26T14:48:01+08:00 ] 127.0.0.1 /index.php/Home/User/add
INFO: [ app_init ] --START--
INFO: Run Behavior\BuildLiteBehavior [ RunTime:0.000000s ]
INFO: [ app_init ] --END-- [ RunTime:0.001000s ]
INFO: [ app_begin ] --START--
INFO: Run Behavior\ReadHtmlCacheBehavior [ RunTime:0.002000s ]
INFO: [ app_begin ] --END-- [ RunTime:0.002000s ]
INFO: [ view_parse ] --START--
INFO: [ template_filter ] --START--
INFO: Run Behavior\ContentReplaceBehavior [ RunTime:0.000000s ]
INFO: [ template_filter ] --END-- [ RunTime:0.000000s ]
INFO: Run Behavior\ParseTemplateBehavior [ RunTime:0.008001s ]
INFO: [ view_parse ] --END-- [ RunTime:0.008001s ]
INFO: [ view_filter ] --START--
INFO: Run Behavior\WriteHtmlCacheBehavior [ RunTime:0.001000s ]
INFO: [ view_filter ] --END-- [ RunTime:0.001000s ]
INFO: [ app_end ] --START--
INFO: Run Behavior\ShowPageTraceBehavior [ RunTime:0.001000s ]
INFO: [ app_end ] --END-- [ RunTime:0.001000s ]

[ 2019-05-26T14:48:03+08:00 ] 127.0.0.1 /index.php/Home/UserInfo
INFO: [ app_init ] --START--
INFO: Run Behavior\BuildLiteBehavior [ RunTime:0.000000s ]
INFO: [ app_init ] --END-- [ RunTime:0.001000s ]
INFO: [ app_begin ] --START--
INFO: Run Behavior\ReadHtmlCacheBehavior [ RunTime:0.001000s ]
INFO: [ app_begin ] --END-- [ RunTime:0.001000s ]
NOTIC: [2] Declaration of Home\Model\UserModel::check($work_id, $password) should be compatible with Think\Model::check($value, $rule, $type = 'regex') D:\xampp\htdocs\html\Attendance\Application\Home\Model\UserModel.class.php 第 6 行.
SQL: SHOW COLUMNS FROM `user` [ RunTime:0.0050s ]
SQL: SHOW COLUMNS FROM `dep_info` [ RunTime:0.0040s ]
SQL: SHOW COLUMNS FROM `job_info` [ RunTime:0.0050s ]
SQL: SHOW COLUMNS FROM `kaoqin` [ RunTime:0.0050s ]
SQL: SELECT * from user [ RunTime:0.0000s ]
SQL: select * from job_info [ RunTime:0.0000s ]
SQL: select * from dep_info [ RunTime:0.0000s ]
SQL: select * from kaoqin [ RunTime:0.0000s ]
INFO: [ view_parse ] --START--
INFO: [ template_filter ] --START--
INFO: Run Behavior\ContentReplaceBehavior [ RunTime:0.000000s ]
INFO: [ template_filter ] --END-- [ RunTime:0.000000s ]
INFO: Run Behavior\ParseTemplateBehavior [ RunTime:0.009001s ]
INFO: [ view_parse ] --END-- [ RunTime:0.009001s ]
INFO: [ view_filter ] --START--
INFO: Run Behavior\WriteHtmlCacheBehavior [ RunTime:0.001000s ]
INFO: [ view_filter ] --END-- [ RunTime:0.001000s ]
INFO: [ app_end ] --START--
INFO: Run Behavior\ShowPageTraceBehavior [ RunTime:0.001000s ]
INFO: [ app_end ] --END-- [ RunTime:0.001000s ]

[ 2019-05-26T14:48:05+08:00 ] 127.0.0.1 /index.php/Home/User/kaoqin
INFO: [ app_init ] --START--
INFO: Run Behavior\BuildLiteBehavior [ RunTime:0.000000s ]
INFO: [ app_init ] --END-- [ RunTime:0.001000s ]
INFO: [ app_begin ] --START--
INFO: Run Behavior\ReadHtmlCacheBehavior [ RunTime:0.001000s ]
INFO: [ app_begin ] --END-- [ RunTime:0.001000s ]
INFO: [ view_parse ] --START--
INFO: [ template_filter ] --START--
INFO: Run Behavior\ContentReplaceBehavior [ RunTime:0.000000s ]
INFO: [ template_filter ] --END-- [ RunTime:0.000000s ]
INFO: Run Behavior\ParseTemplateBehavior [ RunTime:0.012000s ]
INFO: [ view_parse ] --END-- [ RunTime:0.012000s ]
INFO: [ view_filter ] --START--
INFO: Run Behavior\WriteHtmlCacheBehavior [ RunTime:0.001000s ]
INFO: [ view_filter ] --END-- [ RunTime:0.001000s ]
INFO: [ app_end ] --START--
INFO: Run Behavior\ShowPageTraceBehavior [ RunTime:0.001000s ]
INFO: [ app_end ] --END-- [ RunTime:0.001000s ]

[ 2019-05-26T14:48:06+08:00 ] 127.0.0.1 /index.php/Home/User/sign_out
INFO: [ app_init ] --START--
INFO: Run Behavior\BuildLiteBehavior [ RunTime:0.000000s ]
INFO: [ app_init ] --END-- [ RunTime:0.000000s ]
INFO: [ app_begin ] --START--
INFO: Run Behavior\ReadHtmlCacheBehavior [ RunTime:0.002000s ]
INFO: [ app_begin ] --END-- [ RunTime:0.002000s ]
INFO: [ app_end ] --START--
INFO: Run Behavior\ShowPageTraceBehavior [ RunTime:0.001000s ]
INFO: [ app_end ] --END-- [ RunTime:0.001000s ]

[ 2019-05-26T14:48:06+08:00 ] 127.0.0.1 /index.php/Home/User
INFO: [ app_init ] --START--
INFO: Run Behavior\BuildLiteBehavior [ RunTime:0.000000s ]
INFO: [ app_init ] --END-- [ RunTime:0.001000s ]
INFO: [ app_begin ] --START--
INFO: Run Behavior\ReadHtmlCacheBehavior [ RunTime:0.001000s ]
INFO: [ app_begin ] --END-- [ RunTime:0.001000s ]
INFO: [ view_parse ] --START--
INFO: [ template_filter ] --START--
INFO: Run Behavior\ContentReplaceBehavior [ RunTime:0.000000s ]
INFO: [ template_filter ] --END-- [ RunTime:0.000000s ]
INFO: Run Behavior\ParseTemplateBehavior [ RunTime:0.007000s ]
INFO: [ view_parse ] --END-- [ RunTime:0.007000s ]
INFO: [ view_filter ] --START--
INFO: Run Behavior\WriteHtmlCacheBehavior [ RunTime:0.001000s ]
INFO: [ view_filter ] --END-- [ RunTime:0.001000s ]
INFO: [ app_end ] --START--
INFO: Run Behavior\ShowPageTraceBehavior [ RunTime:0.000000s ]
INFO: [ app_end ] --END-- [ RunTime:0.000000s ]

[ 2019-05-26T14:48:21+08:00 ] 127.0.0.1 /index.php/Home/User
INFO: [ app_init ] --START--
INFO: Run Behavior\BuildLiteBehavior [ RunTime:0.000000s ]
INFO: [ app_init ] --END-- [ RunTime:0.000000s ]
INFO: [ app_begin ] --START--
INFO: Run Behavior\ReadHtmlCacheBehavior [ RunTime:0.001000s ]
INFO: [ app_begin ] --END-- [ RunTime:0.001000s ]
NOTIC: [2] Declaration of Home\Model\UserModel::check($work_id, $password) should be compatible with Think\Model::check($value, $rule, $type = 'regex') D:\xampp\htdocs\html\Attendance\Application\Home\Model\UserModel.class.php 第 6 行.
SQL: SHOW COLUMNS FROM `user` [ RunTime:0.0040s ]
SQL: SELECT `password` FROM `user` WHERE ( work_id = 2017214385 ) LIMIT 1   [ RunTime:0.0000s ]

[ 2019-05-26T14:48:21+08:00 ] 127.0.0.1 /index.php/Home/User/kaoqin2017
INFO: [ app_init ] --START--
INFO: Run Behavior\BuildLiteBehavior [ RunTime:0.000000s ]
INFO: [ app_init ] --END-- [ RunTime:0.000000s ]
INFO: [ app_begin ] --START--
INFO: Run Behavior\ReadHtmlCacheBehavior [ RunTime:0.001000s ]
INFO: [ app_begin ] --END-- [ RunTime:0.001000s ]
INFO: [ view_parse ] --START--
INFO: [ template_filter ] --START--
INFO: Run Behavior\ContentReplaceBehavior [ RunTime:0.001000s ]
INFO: [ template_filter ] --END-- [ RunTime:0.001000s ]
INFO: Run Behavior\ParseTemplateBehavior [ RunTime:0.020002s ]
INFO: [ view_parse ] --END-- [ RunTime:0.020002s ]
INFO: [ view_filter ] --START--
INFO: Run Behavior\WriteHtmlCacheBehavior [ RunTime:0.001000s ]
INFO: [ view_filter ] --END-- [ RunTime:0.001000s ]
INFO: [ app_end ] --START--
INFO: Run Behavior\ShowPageTraceBehavior [ RunTime:0.002000s ]
INFO: [ app_end ] --END-- [ RunTime:0.002000s ]

[ 2019-05-26T14:48:56+08:00 ] 127.0.0.1 /index.php/Home/User/kaoqin
INFO: [ app_init ] --START--
INFO: Run Behavior\BuildLiteBehavior [ RunTime:0.000000s ]
INFO: [ app_init ] --END-- [ RunTime:0.000000s ]
INFO: [ app_begin ] --START--
INFO: Run Behavior\ReadHtmlCacheBehavior [ RunTime:0.000000s ]
INFO: [ app_begin ] --END-- [ RunTime:0.000000s ]
SQL: SHOW COLUMNS FROM `kaoqin` [ RunTime:0.0050s ]
SQL: select work_id from kaoqin where work_id=2017214385 [ RunTime:0.0010s ]

[ 2019-05-26T14:53:59+08:00 ] 127.0.0.1 /index.php/Home/User/sign_out
INFO: [ app_init ] --START--
INFO: Run Behavior\BuildLiteBehavior [ RunTime:0.000000s ]
INFO: [ app_init ] --END-- [ RunTime:0.002000s ]
INFO: [ app_begin ] --START--
INFO: Run Behavior\ReadHtmlCacheBehavior [ RunTime:0.002000s ]
INFO: [ app_begin ] --END-- [ RunTime:0.002000s ]
INFO: [ app_end ] --START--
INFO: Run Behavior\ShowPageTraceBehavior [ RunTime:0.001000s ]
INFO: [ app_end ] --END-- [ RunTime:0.001000s ]

[ 2019-05-26T14:53:59+08:00 ] 127.0.0.1 /index.php/Home/User
INFO: [ app_init ] --START--
INFO: Run Behavior\BuildLiteBehavior [ RunTime:0.000000s ]
INFO: [ app_init ] --END-- [ RunTime:0.001000s ]
INFO: [ app_begin ] --START--
INFO: Run Behavior\ReadHtmlCacheBehavior [ RunTime:0.000000s ]
INFO: [ app_begin ] --END-- [ RunTime:0.000000s ]
INFO: [ view_parse ] --START--
INFO: [ template_filter ] --START--
INFO: Run Behavior\ContentReplaceBehavior [ RunTime:0.000000s ]
INFO: [ template_filter ] --END-- [ RunTime:0.000000s ]
INFO: Run Behavior\ParseTemplateBehavior [ RunTime:0.008000s ]
INFO: [ view_parse ] --END-- [ RunTime:0.008000s ]
INFO: [ view_filter ] --START--
INFO: Run Behavior\WriteHtmlCacheBehavior [ RunTime:0.001000s ]
INFO: [ view_filter ] --END-- [ RunTime:0.001000s ]
INFO: [ app_end ] --START--
INFO: Run Behavior\ShowPageTraceBehavior [ RunTime:0.001000s ]
INFO: [ app_end ] --END-- [ RunTime:0.001000s ]

[ 2019-05-26T14:54:18+08:00 ] 127.0.0.1 /index.php/Home/User
INFO: [ app_init ] --START--
INFO: Run Behavior\BuildLiteBehavior [ RunTime:0.000000s ]
INFO: [ app_init ] --END-- [ RunTime:0.000000s ]
INFO: [ app_begin ] --START--
INFO: Run Behavior\ReadHtmlCacheBehavior [ RunTime:0.001000s ]
INFO: [ app_begin ] --END-- [ RunTime:0.001000s ]
NOTIC: [2] Declaration of Home\Model\UserModel::check($work_id, $password) should be compatible with Think\Model::check($value, $rule, $type = 'regex') D:\xampp\htdocs\html\Attendance\Application\Home\Model\UserModel.class.php 第 6 行.
SQL: SHOW COLUMNS FROM `user` [ RunTime:0.0040s ]
SQL: SELECT `password` FROM `user` WHERE ( work_id = 2016210686 ) LIMIT 1   [ RunTime:0.0010s ]

[ 2019-05-26T14:54:18+08:00 ] 127.0.0.1 /index.php/Home/User/kaoqin
INFO: [ app_init ] --START--
INFO: Run Behavior\BuildLiteBehavior [ RunTime:0.000000s ]
INFO: [ app_init ] --END-- [ RunTime:0.001000s ]
INFO: [ app_begin ] --START--
INFO: Run Behavior\ReadHtmlCacheBehavior [ RunTime:0.001001s ]
INFO: [ app_begin ] --END-- [ RunTime:0.001001s ]
INFO: [ view_parse ] --START--
INFO: [ template_filter ] --START--
INFO: Run Behavior\ContentReplaceBehavior [ RunTime:0.000000s ]
INFO: [ template_filter ] --END-- [ RunTime:0.000000s ]
INFO: Run Behavior\ParseTemplateBehavior [ RunTime:0.008000s ]
INFO: [ view_parse ] --END-- [ RunTime:0.008000s ]
INFO: [ view_filter ] --START--
INFO: Run Behavior\WriteHtmlCacheBehavior [ RunTime:0.001000s ]
INFO: [ view_filter ] --END-- [ RunTime:0.001000s ]
INFO: [ app_end ] --START--
INFO: Run Behavior\ShowPageTraceBehavior [ RunTime:0.001000s ]
INFO: [ app_end ] --END-- [ RunTime:0.001000s ]

[ 2019-05-26T14:57:43+08:00 ] 127.0.0.1 /index.php/Home/User/kaoqin
INFO: [ app_init ] --START--
INFO: Run Behavior\BuildLiteBehavior [ RunTime:0.000000s ]
INFO: [ app_init ] --END-- [ RunTime:0.000000s ]
INFO: [ app_begin ] --START--
INFO: Run Behavior\ReadHtmlCacheBehavior [ RunTime:0.001000s ]
INFO: [ app_begin ] --END-- [ RunTime:0.001000s ]
SQL: SHOW COLUMNS FROM `kaoqin` [ RunTime:0.0040s ]
SQL: select work_id from kaoqin where work_id=2016210686 [ RunTime:0.0010s ]

